{"C:\\Users\\salim\\Desktop\\new project\\src\\index.ts": {"path":"C:\\Users\\salim\\Desktop\\new project\\src\\index.ts","statementMap":{"0":{"start":{"line":1,"column":0},"end":{"line":1,"column":25}},"1":{"start":{"line":2,"column":0},"end":{"line":2,"column":32}},"2":{"start":{"line":3,"column":0},"end":{"line":3,"column":25}},"3":{"start":{"line":4,"column":0},"end":{"line":4,"column":24}},"4":{"start":{"line":5,"column":0},"end":{"line":5,"column":26}},"5":{"start":{"line":6,"column":0},"end":{"line":6,"column":26}},"6":{"start":{"line":9,"column":0},"end":{"line":9,"column":9}},"7":{"start":{"line":9,"column":9},"end":{"line":9,"column":26}},"8":{"start":{"line":9,"column":26},"end":{"line":9,"column":105}},"9":{"start":{"line":10,"column":0},"end":{"line":10,"column":9}},"10":{"start":{"line":10,"column":9},"end":{"line":10,"column":21}},"11":{"start":{"line":10,"column":21},"end":{"line":10,"column":86}},"12":{"start":{"line":11,"column":0},"end":{"line":11,"column":9}},"13":{"start":{"line":11,"column":9},"end":{"line":11,"column":26}},"14":{"start":{"line":11,"column":26},"end":{"line":11,"column":107}},"15":{"start":{"line":12,"column":0},"end":{"line":12,"column":9}},"16":{"start":{"line":12,"column":9},"end":{"line":12,"column":17}},"17":{"start":{"line":12,"column":17},"end":{"line":12,"column":67}},"18":{"start":{"line":13,"column":0},"end":{"line":13,"column":9}},"19":{"start":{"line":13,"column":9},"end":{"line":13,"column":21}},"20":{"start":{"line":13,"column":21},"end":{"line":13,"column":102}},"21":{"start":{"line":14,"column":0},"end":{"line":14,"column":9}},"22":{"start":{"line":14,"column":9},"end":{"line":14,"column":21}},"23":{"start":{"line":14,"column":21},"end":{"line":14,"column":83}},"24":{"start":{"line":15,"column":0},"end":{"line":15,"column":9}},"25":{"start":{"line":15,"column":9},"end":{"line":15,"column":24}},"26":{"start":{"line":15,"column":24},"end":{"line":15,"column":111}},"27":{"start":{"line":16,"column":0},"end":{"line":16,"column":9}},"28":{"start":{"line":16,"column":9},"end":{"line":16,"column":30}},"29":{"start":{"line":16,"column":30},"end":{"line":16,"column":98}},"30":{"start":{"line":17,"column":0},"end":{"line":17,"column":9}},"31":{"start":{"line":17,"column":9},"end":{"line":17,"column":23}},"32":{"start":{"line":17,"column":23},"end":{"line":17,"column":120}},"33":{"start":{"line":18,"column":0},"end":{"line":18,"column":9}},"34":{"start":{"line":18,"column":9},"end":{"line":18,"column":23}},"35":{"start":{"line":18,"column":23},"end":{"line":18,"column":80}},"36":{"start":{"line":21,"column":0},"end":{"line":21,"column":9}},"37":{"start":{"line":21,"column":9},"end":{"line":21,"column":48}},"38":{"start":{"line":24,"column":0},"end":{"line":24,"column":null}},"39":{"start":{"line":25,"column":2},"end":{"line":25,"column":null}},"40":{"start":{"line":26,"column":2},"end":{"line":26,"column":null}},"41":{"start":{"line":27,"column":2},"end":{"line":27,"column":null}},"42":{"start":{"line":28,"column":2},"end":{"line":28,"column":null}},"43":{"start":{"line":29,"column":2},"end":{"line":29,"column":null}},"44":{"start":{"line":30,"column":2},"end":{"line":30,"column":null}}},"fnMap":{"0":{"name":"(anonymous_4)","decl":{"start":{"line":9,"column":9},"end":{"line":9,"column":24}},"loc":{"start":{"line":9,"column":9},"end":{"line":9,"column":26}}},"1":{"name":"(anonymous_5)","decl":{"start":{"line":9,"column":26},"end":{"line":9,"column":41}},"loc":{"start":{"line":9,"column":26},"end":{"line":9,"column":105}}},"2":{"name":"(anonymous_6)","decl":{"start":{"line":10,"column":9},"end":{"line":10,"column":19}},"loc":{"start":{"line":10,"column":9},"end":{"line":10,"column":21}}},"3":{"name":"(anonymous_7)","decl":{"start":{"line":10,"column":21},"end":{"line":10,"column":31}},"loc":{"start":{"line":10,"column":21},"end":{"line":10,"column":86}}},"4":{"name":"(anonymous_8)","decl":{"start":{"line":11,"column":9},"end":{"line":11,"column":24}},"loc":{"start":{"line":11,"column":9},"end":{"line":11,"column":26}}},"5":{"name":"(anonymous_9)","decl":{"start":{"line":11,"column":26},"end":{"line":11,"column":41}},"loc":{"start":{"line":11,"column":26},"end":{"line":11,"column":107}}},"6":{"name":"(anonymous_10)","decl":{"start":{"line":12,"column":9},"end":{"line":12,"column":15}},"loc":{"start":{"line":12,"column":9},"end":{"line":12,"column":17}}},"7":{"name":"(anonymous_11)","decl":{"start":{"line":12,"column":17},"end":{"line":12,"column":23}},"loc":{"start":{"line":12,"column":17},"end":{"line":12,"column":67}}},"8":{"name":"(anonymous_12)","decl":{"start":{"line":13,"column":9},"end":{"line":13,"column":19}},"loc":{"start":{"line":13,"column":9},"end":{"line":13,"column":21}}},"9":{"name":"(anonymous_13)","decl":{"start":{"line":13,"column":21},"end":{"line":13,"column":31}},"loc":{"start":{"line":13,"column":21},"end":{"line":13,"column":102}}},"10":{"name":"(anonymous_14)","decl":{"start":{"line":14,"column":9},"end":{"line":14,"column":19}},"loc":{"start":{"line":14,"column":9},"end":{"line":14,"column":21}}},"11":{"name":"(anonymous_15)","decl":{"start":{"line":14,"column":21},"end":{"line":14,"column":31}},"loc":{"start":{"line":14,"column":21},"end":{"line":14,"column":83}}},"12":{"name":"(anonymous_16)","decl":{"start":{"line":15,"column":9},"end":{"line":15,"column":22}},"loc":{"start":{"line":15,"column":9},"end":{"line":15,"column":24}}},"13":{"name":"(anonymous_17)","decl":{"start":{"line":15,"column":24},"end":{"line":15,"column":37}},"loc":{"start":{"line":15,"column":24},"end":{"line":15,"column":111}}},"14":{"name":"(anonymous_18)","decl":{"start":{"line":16,"column":9},"end":{"line":16,"column":28}},"loc":{"start":{"line":16,"column":9},"end":{"line":16,"column":30}}},"15":{"name":"(anonymous_19)","decl":{"start":{"line":16,"column":30},"end":{"line":16,"column":42}},"loc":{"start":{"line":16,"column":30},"end":{"line":16,"column":98}}},"16":{"name":"(anonymous_20)","decl":{"start":{"line":17,"column":9},"end":{"line":17,"column":21}},"loc":{"start":{"line":17,"column":9},"end":{"line":17,"column":23}}},"17":{"name":"(anonymous_21)","decl":{"start":{"line":17,"column":23},"end":{"line":17,"column":35}},"loc":{"start":{"line":17,"column":23},"end":{"line":17,"column":120}}},"18":{"name":"(anonymous_22)","decl":{"start":{"line":18,"column":9},"end":{"line":18,"column":21}},"loc":{"start":{"line":18,"column":9},"end":{"line":18,"column":23}}},"19":{"name":"(anonymous_23)","decl":{"start":{"line":18,"column":23},"end":{"line":18,"column":35}},"loc":{"start":{"line":18,"column":23},"end":{"line":18,"column":80}}},"20":{"name":"(anonymous_24)","decl":{"start":{"line":21,"column":9},"end":{"line":21,"column":28}},"loc":{"start":{"line":21,"column":9},"end":{"line":21,"column":48}}},"21":{"name":"(anonymous_25)","decl":{"start":{"line":25,"column":2},"end":{"line":25,"column":14}},"loc":{"start":{"line":25,"column":2},"end":{"line":25,"column":null}}},"22":{"name":"(anonymous_26)","decl":{"start":{"line":26,"column":2},"end":{"line":26,"column":14}},"loc":{"start":{"line":26,"column":2},"end":{"line":26,"column":null}}},"23":{"name":"(anonymous_27)","decl":{"start":{"line":27,"column":2},"end":{"line":27,"column":17}},"loc":{"start":{"line":27,"column":2},"end":{"line":27,"column":null}}},"24":{"name":"(anonymous_28)","decl":{"start":{"line":28,"column":2},"end":{"line":28,"column":21}},"loc":{"start":{"line":28,"column":2},"end":{"line":28,"column":null}}},"25":{"name":"(anonymous_29)","decl":{"start":{"line":29,"column":2},"end":{"line":29,"column":14}},"loc":{"start":{"line":29,"column":2},"end":{"line":29,"column":null}}},"26":{"name":"(anonymous_30)","decl":{"start":{"line":30,"column":2},"end":{"line":30,"column":18}},"loc":{"start":{"line":30,"column":2},"end":{"line":30,"column":null}}}},"branchMap":{},"s":{"0":0,"1":0,"2":0,"3":0,"4":0,"5":0,"6":0,"7":0,"8":0,"9":0,"10":0,"11":0,"12":0,"13":0,"14":0,"15":0,"16":0,"17":0,"18":0,"19":0,"20":0,"21":0,"22":0,"23":0,"24":0,"25":0,"26":0,"27":0,"28":0,"29":0,"30":0,"31":0,"32":0,"33":0,"34":0,"35":0,"36":0,"37":0,"38":0,"39":0,"40":0,"41":0,"42":0,"43":0,"44":0},"f":{"0":0,"1":0,"2":0,"3":0,"4":0,"5":0,"6":0,"7":0,"8":0,"9":0,"10":0,"11":0,"12":0,"13":0,"14":0,"15":0,"16":0,"17":0,"18":0,"19":0,"20":0,"21":0,"22":0,"23":0,"24":0,"25":0,"26":0},"b":{}}
,"C:\\Users\\salim\\Desktop\\new project\\src\\bin\\start.ts": {"path":"C:\\Users\\salim\\Desktop\\new project\\src\\bin\\start.ts","statementMap":{"0":{"start":{"line":15,"column":0},"end":{"line":15,"column":39}},"1":{"start":{"line":18,"column":13},"end":{"line":18,"column":34}},"2":{"start":{"line":22,"column":18},"end":{"line":22,"column":75}},"3":{"start":{"line":22,"column":42},"end":{"line":22,"column":74}},"4":{"start":{"line":23,"column":0},"end":{"line":25,"column":1}},"5":{"start":{"line":24,"column":2},"end":{"line":24,"column":43}},"6":{"start":{"line":28,"column":0},"end":{"line":28,"column":74}},"7":{"start":{"line":31,"column":0},"end":{"line":35,"column":1}},"8":{"start":{"line":32,"column":2},"end":{"line":32,"column":69}},"9":{"start":{"line":33,"column":2},"end":{"line":33,"column":66}},"10":{"start":{"line":34,"column":2},"end":{"line":34,"column":18}},"11":{"start":{"line":38,"column":0},"end":{"line":38,"column":60}},"12":{"start":{"line":41,"column":15},"end":{"line":41,"column":36}},"13":{"start":{"line":43,"column":0},"end":{"line":52,"column":5}},"14":{"start":{"line":46,"column":4},"end":{"line":46,"column":81}},"15":{"start":{"line":47,"column":4},"end":{"line":47,"column":79}},"16":{"start":{"line":50,"column":4},"end":{"line":50,"column":56}},"17":{"start":{"line":51,"column":4},"end":{"line":51,"column":20}},"18":{"start":{"line":55,"column":0},"end":{"line":58,"column":3}},"19":{"start":{"line":56,"column":2},"end":{"line":56,"column":77}},"20":{"start":{"line":57,"column":2},"end":{"line":57,"column":44}},"21":{"start":{"line":57,"column":27},"end":{"line":57,"column":42}},"22":{"start":{"line":60,"column":0},"end":{"line":63,"column":3}},"23":{"start":{"line":61,"column":2},"end":{"line":61,"column":76}},"24":{"start":{"line":62,"column":2},"end":{"line":62,"column":44}},"25":{"start":{"line":62,"column":27},"end":{"line":62,"column":42}}},"fnMap":{"0":{"name":"(anonymous_0)","decl":{"start":{"line":22,"column":33},"end":{"line":22,"column":34}},"loc":{"start":{"line":22,"column":42},"end":{"line":22,"column":74}}},"1":{"name":"(anonymous_1)","decl":{"start":{"line":45,"column":8},"end":{"line":45,"column":11}},"loc":{"start":{"line":45,"column":13},"end":{"line":48,"column":3}}},"2":{"name":"(anonymous_2)","decl":{"start":{"line":49,"column":9},"end":{"line":49,"column":10}},"loc":{"start":{"line":49,"column":17},"end":{"line":52,"column":3}}},"3":{"name":"(anonymous_3)","decl":{"start":{"line":55,"column":22},"end":{"line":55,"column":25}},"loc":{"start":{"line":55,"column":27},"end":{"line":58,"column":1}}},"4":{"name":"(anonymous_4)","decl":{"start":{"line":57,"column":21},"end":{"line":57,"column":24}},"loc":{"start":{"line":57,"column":27},"end":{"line":57,"column":42}}},"5":{"name":"(anonymous_5)","decl":{"start":{"line":60,"column":21},"end":{"line":60,"column":24}},"loc":{"start":{"line":60,"column":26},"end":{"line":63,"column":1}}},"6":{"name":"(anonymous_6)","decl":{"start":{"line":62,"column":21},"end":{"line":62,"column":24}},"loc":{"start":{"line":62,"column":27},"end":{"line":62,"column":42}}}},"branchMap":{"0":{"loc":{"start":{"line":22,"column":42},"end":{"line":22,"column":74}},"type":"binary-expr","locations":[{"start":{"line":22,"column":42},"end":{"line":22,"column":58}},{"start":{"line":22,"column":62},"end":{"line":22,"column":74}}]},"1":{"loc":{"start":{"line":23,"column":0},"end":{"line":25,"column":1}},"type":"if","locations":[{"start":{"line":23,"column":0},"end":{"line":25,"column":1}},{"start":{},"end":{}}]},"2":{"loc":{"start":{"line":23,"column":4},"end":{"line":23,"column":43}},"type":"binary-expr","locations":[{"start":{"line":23,"column":4},"end":{"line":23,"column":20}},{"start":{"line":23,"column":24},"end":{"line":23,"column":43}}]},"3":{"loc":{"start":{"line":28,"column":7},"end":{"line":28,"column":73}},"type":"binary-expr","locations":[{"start":{"line":28,"column":7},"end":{"line":28,"column":11}},{"start":{"line":28,"column":16},"end":{"line":28,"column":72}}]},"4":{"loc":{"start":{"line":28,"column":16},"end":{"line":28,"column":72}},"type":"cond-expr","locations":[{"start":{"line":28,"column":35},"end":{"line":28,"column":65}},{"start":{"line":28,"column":68},"end":{"line":28,"column":72}}]},"5":{"loc":{"start":{"line":31,"column":0},"end":{"line":35,"column":1}},"type":"if","locations":[{"start":{"line":31,"column":0},"end":{"line":35,"column":1}},{"start":{},"end":{}}]},"6":{"loc":{"start":{"line":31,"column":4},"end":{"line":31,"column":43}},"type":"binary-expr","locations":[{"start":{"line":31,"column":4},"end":{"line":31,"column":15}},{"start":{"line":31,"column":19},"end":{"line":31,"column":27}},{"start":{"line":31,"column":31},"end":{"line":31,"column":43}}]},"7":{"loc":{"start":{"line":38,"column":23},"end":{"line":38,"column":59}},"type":"binary-expr","locations":[{"start":{"line":38,"column":23},"end":{"line":38,"column":43}},{"start":{"line":38,"column":47},"end":{"line":38,"column":59}}]}},"s":{"0":0,"1":0,"2":0,"3":0,"4":0,"5":0,"6":0,"7":0,"8":0,"9":0,"10":0,"11":0,"12":0,"13":0,"14":0,"15":0,"16":0,"17":0,"18":0,"19":0,"20":0,"21":0,"22":0,"23":0,"24":0,"25":0},"f":{"0":0,"1":0,"2":0,"3":0,"4":0,"5":0,"6":0},"b":{"0":[0,0],"1":[0,0],"2":[0,0],"3":[0,0],"4":[0,0],"5":[0,0],"6":[0,0,0],"7":[0,0]}}
,"C:\\Users\\salim\\Desktop\\new project\\src\\cli\\index.ts": {"path":"C:\\Users\\salim\\Desktop\\new project\\src\\cli\\index.ts","statementMap":{"0":{"start":{"line":13,"column":0},"end":{"line":13,"column":36}},"1":{"start":{"line":14,"column":0},"end":{"line":14,"column":26}},"2":{"start":{"line":15,"column":0},"end":{"line":15,"column":39}},"3":{"start":{"line":16,"column":0},"end":{"line":16,"column":42}},"4":{"start":{"line":17,"column":0},"end":{"line":17,"column":58}},"5":{"start":{"line":18,"column":0},"end":{"line":18,"column":58}},"6":{"start":{"line":19,"column":0},"end":{"line":19,"column":58}},"7":{"start":{"line":22,"column":0},"end":{"line":22,"column":52}},"8":{"start":{"line":24,"column":16},"end":{"line":24,"column":29}},"9":{"start":{"line":26,"column":0},"end":{"line":29,"column":20}},"10":{"start":{"line":31,"column":0},"end":{"line":67,"column":5}},"11":{"start":{"line":36,"column":17},"end":{"line":36,"column":43}},"12":{"start":{"line":38,"column":4},"end":{"line":38,"column":85}},"13":{"start":{"line":41,"column":19},"end":{"line":41,"column":40}},"14":{"start":{"line":43,"column":4},"end":{"line":66,"column":5}},"15":{"start":{"line":44,"column":6},"end":{"line":44,"column":27}},"16":{"start":{"line":45,"column":6},"end":{"line":45,"column":67}},"17":{"start":{"line":46,"column":6},"end":{"line":46,"column":81}},"18":{"start":{"line":49,"column":6},"end":{"line":49,"column":29}},"19":{"start":{"line":52,"column":6},"end":{"line":56,"column":9}},"20":{"start":{"line":53,"column":8},"end":{"line":53,"column":77}},"21":{"start":{"line":54,"column":8},"end":{"line":54,"column":28}},"22":{"start":{"line":55,"column":8},"end":{"line":55,"column":24}},"23":{"start":{"line":58,"column":6},"end":{"line":62,"column":9}},"24":{"start":{"line":59,"column":8},"end":{"line":59,"column":76}},"25":{"start":{"line":60,"column":8},"end":{"line":60,"column":28}},"26":{"start":{"line":61,"column":8},"end":{"line":61,"column":24}},"27":{"start":{"line":64,"column":6},"end":{"line":64,"column":65}},"28":{"start":{"line":65,"column":6},"end":{"line":65,"column":22}},"29":{"start":{"line":69,"column":0},"end":{"line":97,"column":5}},"30":{"start":{"line":74,"column":18},"end":{"line":74,"column":47}},"31":{"start":{"line":76,"column":18},"end":{"line":76,"column":49}},"32":{"start":{"line":78,"column":4},"end":{"line":78,"column":59}},"33":{"start":{"line":79,"column":4},"end":{"line":79,"column":32}},"34":{"start":{"line":80,"column":4},"end":{"line":80,"column":52}},"35":{"start":{"line":81,"column":4},"end":{"line":81,"column":20}},"36":{"start":{"line":82,"column":4},"end":{"line":82,"column":58}},"37":{"start":{"line":83,"column":4},"end":{"line":83,"column":53}},"38":{"start":{"line":84,"column":4},"end":{"line":84,"column":51}},"39":{"start":{"line":85,"column":4},"end":{"line":85,"column":62}},"40":{"start":{"line":86,"column":4},"end":{"line":86,"column":70}},"41":{"start":{"line":87,"column":4},"end":{"line":87,"column":20}},"42":{"start":{"line":88,"column":4},"end":{"line":94,"column":5}},"43":{"start":{"line":89,"column":6},"end":{"line":91,"column":8}},"44":{"start":{"line":93,"column":6},"end":{"line":93,"column":68}},"45":{"start":{"line":95,"column":4},"end":{"line":95,"column":20}},"46":{"start":{"line":96,"column":4},"end":{"line":96,"column":20}},"47":{"start":{"line":99,"column":0},"end":{"line":151,"column":5}},"48":{"start":{"line":108,"column":19},"end":{"line":108,"column":38}},"49":{"start":{"line":109,"column":26},"end":{"line":109,"column":44}},"50":{"start":{"line":111,"column":4},"end":{"line":115,"column":5}},"51":{"start":{"line":112,"column":6},"end":{"line":112,"column":27}},"52":{"start":{"line":113,"column":6},"end":{"line":113,"column":82}},"53":{"start":{"line":114,"column":6},"end":{"line":114,"column":13}},"54":{"start":{"line":117,"column":4},"end":{"line":122,"column":5}},"55":{"start":{"line":119,"column":6},"end":{"line":119,"column":30}},"56":{"start":{"line":120,"column":6},"end":{"line":120,"column":60}},"57":{"start":{"line":121,"column":6},"end":{"line":121,"column":13}},"58":{"start":{"line":124,"column":4},"end":{"line":132,"column":5}},"59":{"start":{"line":125,"column":25},"end":{"line":125,"column":53}},"60":{"start":{"line":126,"column":6},"end":{"line":131,"column":7}},"61":{"start":{"line":127,"column":8},"end":{"line":127,"column":94}},"62":{"start":{"line":129,"column":8},"end":{"line":129,"column":83}},"63":{"start":{"line":130,"column":8},"end":{"line":130,"column":15}},"64":{"start":{"line":134,"column":4},"end":{"line":136,"column":5}},"65":{"start":{"line":135,"column":6},"end":{"line":135,"column":78}},"66":{"start":{"line":138,"column":4},"end":{"line":140,"column":5}},"67":{"start":{"line":139,"column":6},"end":{"line":139,"column":82}},"68":{"start":{"line":142,"column":4},"end":{"line":142,"column":56}},"69":{"start":{"line":143,"column":4},"end":{"line":143,"column":32}},"70":{"start":{"line":144,"column":4},"end":{"line":146,"column":6}},"71":{"start":{"line":147,"column":4},"end":{"line":147,"column":88}},"72":{"start":{"line":148,"column":4},"end":{"line":148,"column":93}},"73":{"start":{"line":149,"column":4},"end":{"line":149,"column":20}},"74":{"start":{"line":150,"column":4},"end":{"line":150,"column":20}},"75":{"start":{"line":153,"column":0},"end":{"line":177,"column":5}},"76":{"start":{"line":159,"column":20},"end":{"line":159,"column":72}},"77":{"start":{"line":161,"column":4},"end":{"line":161,"column":51}},"78":{"start":{"line":162,"column":4},"end":{"line":162,"column":32}},"79":{"start":{"line":164,"column":4},"end":{"line":173,"column":5}},"80":{"start":{"line":165,"column":6},"end":{"line":165,"column":62}},"81":{"start":{"line":167,"column":6},"end":{"line":167,"column":36}},"82":{"start":{"line":168,"column":6},"end":{"line":172,"column":9}},"83":{"start":{"line":169,"column":21},"end":{"line":169,"column":61}},"84":{"start":{"line":170,"column":30},"end":{"line":170,"column":104}},"85":{"start":{"line":171,"column":8},"end":{"line":171,"column":96}},"86":{"start":{"line":175,"column":4},"end":{"line":175,"column":20}},"87":{"start":{"line":176,"column":4},"end":{"line":176,"column":20}},"88":{"start":{"line":184,"column":0},"end":{"line":285,"column":5}},"89":{"start":{"line":191,"column":18},"end":{"line":191,"column":42}},"90":{"start":{"line":192,"column":26},"end":{"line":192,"column":56}},"91":{"start":{"line":193,"column":20},"end":{"line":193,"column":84}},"92":{"start":{"line":196,"column":21},"end":{"line":196,"column":56}},"93":{"start":{"line":197,"column":33},"end":{"line":197,"column":65}},"94":{"start":{"line":198,"column":34},"end":{"line":198,"column":71}},"95":{"start":{"line":200,"column":20},"end":{"line":200,"column":42}},"96":{"start":{"line":201,"column":4},"end":{"line":204,"column":5}},"97":{"start":{"line":202,"column":6},"end":{"line":202,"column":58}},"98":{"start":{"line":203,"column":6},"end":{"line":203,"column":22}},"99":{"start":{"line":206,"column":26},"end":{"line":206,"column":90}},"100":{"start":{"line":209,"column":19},"end":{"line":216,"column":6}},"101":{"start":{"line":219,"column":4},"end":{"line":219,"column":61}},"102":{"start":{"line":220,"column":4},"end":{"line":220,"column":35}},"103":{"start":{"line":221,"column":4},"end":{"line":221,"column":87}},"104":{"start":{"line":223,"column":4},"end":{"line":264,"column":5}},"105":{"start":{"line":226,"column":8},"end":{"line":232,"column":20}},"106":{"start":{"line":234,"column":6},"end":{"line":234,"column":22}},"107":{"start":{"line":235,"column":6},"end":{"line":235,"column":102}},"108":{"start":{"line":236,"column":6},"end":{"line":236,"column":68}},"109":{"start":{"line":237,"column":6},"end":{"line":237,"column":22}},"110":{"start":{"line":239,"column":6},"end":{"line":239,"column":42}},"111":{"start":{"line":240,"column":6},"end":{"line":240,"column":56}},"112":{"start":{"line":241,"column":6},"end":{"line":241,"column":74}},"113":{"start":{"line":242,"column":6},"end":{"line":242,"column":74}},"114":{"start":{"line":245,"column":8},"end":{"line":251,"column":26}},"115":{"start":{"line":252,"column":6},"end":{"line":252,"column":58}},"116":{"start":{"line":253,"column":6},"end":{"line":253,"column":58}},"117":{"start":{"line":254,"column":6},"end":{"line":254,"column":57}},"118":{"start":{"line":255,"column":6},"end":{"line":255,"column":50}},"119":{"start":{"line":256,"column":6},"end":{"line":256,"column":46}},"120":{"start":{"line":259,"column":6},"end":{"line":259,"column":22}},"121":{"start":{"line":260,"column":6},"end":{"line":260,"column":57}},"122":{"start":{"line":261,"column":6},"end":{"line":261,"column":60}},"123":{"start":{"line":262,"column":6},"end":{"line":262,"column":60}},"124":{"start":{"line":263,"column":6},"end":{"line":263,"column":56}},"125":{"start":{"line":266,"column":4},"end":{"line":266,"column":20}},"126":{"start":{"line":267,"column":4},"end":{"line":267,"column":32}},"127":{"start":{"line":268,"column":4},"end":{"line":281,"column":6}},"128":{"start":{"line":282,"column":4},"end":{"line":282,"column":32}},"129":{"start":{"line":283,"column":4},"end":{"line":283,"column":64}},"130":{"start":{"line":284,"column":4},"end":{"line":284,"column":20}},"131":{"start":{"line":291,"column":0},"end":{"line":368,"column":5}},"132":{"start":{"line":295,"column":4},"end":{"line":295,"column":83}},"133":{"start":{"line":296,"column":4},"end":{"line":296,"column":105}},"134":{"start":{"line":299,"column":4},"end":{"line":299,"column":46}},"135":{"start":{"line":300,"column":4},"end":{"line":300,"column":67}},"136":{"start":{"line":301,"column":4},"end":{"line":301,"column":46}},"137":{"start":{"line":302,"column":4},"end":{"line":302,"column":76}},"138":{"start":{"line":303,"column":4},"end":{"line":303,"column":59}},"139":{"start":{"line":304,"column":4},"end":{"line":304,"column":20}},"140":{"start":{"line":305,"column":4},"end":{"line":305,"column":71}},"141":{"start":{"line":306,"column":4},"end":{"line":306,"column":54}},"142":{"start":{"line":307,"column":4},"end":{"line":307,"column":67}},"143":{"start":{"line":308,"column":4},"end":{"line":308,"column":74}},"144":{"start":{"line":309,"column":4},"end":{"line":309,"column":79}},"145":{"start":{"line":310,"column":4},"end":{"line":310,"column":20}},"146":{"start":{"line":313,"column":4},"end":{"line":313,"column":46}},"147":{"start":{"line":314,"column":4},"end":{"line":314,"column":68}},"148":{"start":{"line":315,"column":4},"end":{"line":315,"column":46}},"149":{"start":{"line":316,"column":4},"end":{"line":316,"column":69}},"150":{"start":{"line":317,"column":4},"end":{"line":317,"column":58}},"151":{"start":{"line":318,"column":4},"end":{"line":318,"column":20}},"152":{"start":{"line":319,"column":4},"end":{"line":319,"column":80}},"153":{"start":{"line":320,"column":4},"end":{"line":320,"column":50}},"154":{"start":{"line":321,"column":4},"end":{"line":321,"column":68}},"155":{"start":{"line":322,"column":4},"end":{"line":322,"column":86}},"156":{"start":{"line":323,"column":4},"end":{"line":323,"column":76}},"157":{"start":{"line":324,"column":4},"end":{"line":324,"column":20}},"158":{"start":{"line":327,"column":4},"end":{"line":327,"column":46}},"159":{"start":{"line":328,"column":4},"end":{"line":328,"column":67}},"160":{"start":{"line":329,"column":4},"end":{"line":329,"column":46}},"161":{"start":{"line":330,"column":4},"end":{"line":330,"column":74}},"162":{"start":{"line":331,"column":4},"end":{"line":331,"column":49}},"163":{"start":{"line":332,"column":4},"end":{"line":332,"column":20}},"164":{"start":{"line":333,"column":4},"end":{"line":333,"column":68}},"165":{"start":{"line":334,"column":4},"end":{"line":334,"column":50}},"166":{"start":{"line":335,"column":4},"end":{"line":335,"column":68}},"167":{"start":{"line":336,"column":4},"end":{"line":336,"column":80}},"168":{"start":{"line":337,"column":4},"end":{"line":337,"column":72}},"169":{"start":{"line":338,"column":4},"end":{"line":338,"column":20}},"170":{"start":{"line":341,"column":4},"end":{"line":341,"column":46}},"171":{"start":{"line":342,"column":4},"end":{"line":342,"column":70}},"172":{"start":{"line":343,"column":4},"end":{"line":343,"column":46}},"173":{"start":{"line":344,"column":4},"end":{"line":344,"column":40}},"174":{"start":{"line":345,"column":4},"end":{"line":345,"column":41}},"175":{"start":{"line":346,"column":4},"end":{"line":346,"column":44}},"176":{"start":{"line":347,"column":4},"end":{"line":347,"column":20}},"177":{"start":{"line":348,"column":4},"end":{"line":348,"column":55}},"178":{"start":{"line":349,"column":4},"end":{"line":349,"column":52}},"179":{"start":{"line":350,"column":4},"end":{"line":350,"column":67}},"180":{"start":{"line":351,"column":4},"end":{"line":351,"column":80}},"181":{"start":{"line":352,"column":4},"end":{"line":352,"column":77}},"182":{"start":{"line":353,"column":4},"end":{"line":353,"column":20}},"183":{"start":{"line":356,"column":4},"end":{"line":356,"column":45}},"184":{"start":{"line":357,"column":4},"end":{"line":357,"column":57}},"185":{"start":{"line":358,"column":4},"end":{"line":358,"column":45}},"186":{"start":{"line":359,"column":4},"end":{"line":359,"column":72}},"187":{"start":{"line":360,"column":4},"end":{"line":360,"column":61}},"188":{"start":{"line":361,"column":4},"end":{"line":361,"column":73}},"189":{"start":{"line":362,"column":4},"end":{"line":362,"column":20}},"190":{"start":{"line":363,"column":4},"end":{"line":363,"column":89}},"191":{"start":{"line":364,"column":4},"end":{"line":364,"column":94}},"192":{"start":{"line":365,"column":4},"end":{"line":365,"column":81}},"193":{"start":{"line":367,"column":4},"end":{"line":367,"column":20}},"194":{"start":{"line":373,"column":0},"end":{"line":435,"column":5}},"195":{"start":{"line":377,"column":18},"end":{"line":377,"column":46}},"196":{"start":{"line":378,"column":24},"end":{"line":378,"column":51}},"197":{"start":{"line":380,"column":4},"end":{"line":380,"column":67}},"198":{"start":{"line":381,"column":4},"end":{"line":381,"column":72}},"199":{"start":{"line":384,"column":4},"end":{"line":384,"column":45}},"200":{"start":{"line":385,"column":4},"end":{"line":385,"column":62}},"201":{"start":{"line":386,"column":4},"end":{"line":386,"column":45}},"202":{"start":{"line":388,"column":20},"end":{"line":388,"column":39}},"203":{"start":{"line":389,"column":22},"end":{"line":389,"column":76}},"204":{"start":{"line":390,"column":22},"end":{"line":390,"column":89}},"205":{"start":{"line":392,"column":4},"end":{"line":392,"column":90}},"206":{"start":{"line":393,"column":4},"end":{"line":393,"column":78}},"207":{"start":{"line":394,"column":4},"end":{"line":394,"column":78}},"208":{"start":{"line":395,"column":4},"end":{"line":395,"column":100}},"209":{"start":{"line":396,"column":4},"end":{"line":396,"column":102}},"210":{"start":{"line":397,"column":4},"end":{"line":397,"column":20}},"211":{"start":{"line":400,"column":4},"end":{"line":400,"column":44}},"212":{"start":{"line":401,"column":4},"end":{"line":401,"column":50}},"213":{"start":{"line":402,"column":4},"end":{"line":402,"column":44}},"214":{"start":{"line":403,"column":4},"end":{"line":403,"column":85}},"215":{"start":{"line":404,"column":4},"end":{"line":404,"column":86}},"216":{"start":{"line":405,"column":4},"end":{"line":405,"column":112}},"217":{"start":{"line":406,"column":4},"end":{"line":406,"column":20}},"218":{"start":{"line":409,"column":4},"end":{"line":409,"column":46}},"219":{"start":{"line":410,"column":4},"end":{"line":410,"column":61}},"220":{"start":{"line":411,"column":4},"end":{"line":411,"column":46}},"221":{"start":{"line":413,"column":4},"end":{"line":419,"column":5}},"222":{"start":{"line":414,"column":6},"end":{"line":414,"column":73}},"223":{"start":{"line":416,"column":6},"end":{"line":416,"column":58}},"224":{"start":{"line":417,"column":6},"end":{"line":417,"column":58}},"225":{"start":{"line":418,"column":6},"end":{"line":418,"column":61}},"226":{"start":{"line":420,"column":4},"end":{"line":420,"column":20}},"227":{"start":{"line":423,"column":4},"end":{"line":423,"column":45}},"228":{"start":{"line":424,"column":4},"end":{"line":424,"column":57}},"229":{"start":{"line":425,"column":4},"end":{"line":425,"column":109}},"230":{"start":{"line":426,"column":4},"end":{"line":426,"column":99}},"231":{"start":{"line":427,"column":4},"end":{"line":427,"column":20}},"232":{"start":{"line":428,"column":4},"end":{"line":428,"column":53}},"233":{"start":{"line":429,"column":4},"end":{"line":429,"column":81}},"234":{"start":{"line":430,"column":4},"end":{"line":430,"column":96}},"235":{"start":{"line":431,"column":4},"end":{"line":431,"column":45}},"236":{"start":{"line":432,"column":4},"end":{"line":432,"column":20}},"237":{"start":{"line":434,"column":4},"end":{"line":434,"column":20}},"238":{"start":{"line":440,"column":0},"end":{"line":492,"column":5}},"239":{"start":{"line":446,"column":19},"end":{"line":446,"column":38}},"240":{"start":{"line":448,"column":4},"end":{"line":463,"column":5}},"241":{"start":{"line":449,"column":21},"end":{"line":449,"column":44}},"242":{"start":{"line":450,"column":6},"end":{"line":453,"column":7}},"243":{"start":{"line":451,"column":8},"end":{"line":451,"column":58}},"244":{"start":{"line":452,"column":8},"end":{"line":452,"column":24}},"245":{"start":{"line":455,"column":6},"end":{"line":455,"column":51}},"246":{"start":{"line":456,"column":6},"end":{"line":456,"column":78}},"247":{"start":{"line":457,"column":6},"end":{"line":457,"column":22}},"248":{"start":{"line":458,"column":6},"end":{"line":458,"column":76}},"249":{"start":{"line":459,"column":6},"end":{"line":459,"column":61}},"250":{"start":{"line":460,"column":6},"end":{"line":460,"column":60}},"251":{"start":{"line":461,"column":6},"end":{"line":461,"column":22}},"252":{"start":{"line":462,"column":6},"end":{"line":462,"column":22}},"253":{"start":{"line":466,"column":16},"end":{"line":466,"column":34}},"254":{"start":{"line":467,"column":18},"end":{"line":467,"column":46}},"255":{"start":{"line":469,"column":4},"end":{"line":469,"column":62}},"256":{"start":{"line":470,"column":4},"end":{"line":470,"column":95}},"257":{"start":{"line":471,"column":4},"end":{"line":471,"column":88}},"258":{"start":{"line":473,"column":24},"end":{"line":473,"column":107}},"259":{"start":{"line":475,"column":25},"end":{"line":475,"column":101}},"260":{"start":{"line":476,"column":4},"end":{"line":476,"column":95}},"261":{"start":{"line":478,"column":4},"end":{"line":486,"column":5}},"262":{"start":{"line":479,"column":6},"end":{"line":479,"column":58}},"263":{"start":{"line":480,"column":6},"end":{"line":480,"column":77}},"264":{"start":{"line":481,"column":11},"end":{"line":486,"column":5}},"265":{"start":{"line":482,"column":6},"end":{"line":482,"column":56}},"266":{"start":{"line":483,"column":6},"end":{"line":483,"column":77}},"267":{"start":{"line":485,"column":6},"end":{"line":485,"column":63}},"268":{"start":{"line":488,"column":4},"end":{"line":488,"column":20}},"269":{"start":{"line":489,"column":4},"end":{"line":489,"column":73}},"270":{"start":{"line":490,"column":4},"end":{"line":490,"column":20}},"271":{"start":{"line":491,"column":4},"end":{"line":491,"column":20}},"272":{"start":{"line":497,"column":0},"end":{"line":608,"column":5}},"273":{"start":{"line":503,"column":15},"end":{"line":503,"column":28}},"274":{"start":{"line":504,"column":17},"end":{"line":504,"column":32}},"275":{"start":{"line":505,"column":25},"end":{"line":505,"column":49}},"276":{"start":{"line":507,"column":19},"end":{"line":507,"column":51}},"277":{"start":{"line":508,"column":21},"end":{"line":508,"column":47}},"278":{"start":{"line":510,"column":4},"end":{"line":514,"column":5}},"279":{"start":{"line":511,"column":6},"end":{"line":511,"column":55}},"280":{"start":{"line":512,"column":6},"end":{"line":512,"column":77}},"281":{"start":{"line":513,"column":6},"end":{"line":513,"column":22}},"282":{"start":{"line":516,"column":4},"end":{"line":530,"column":5}},"283":{"start":{"line":518,"column":28},"end":{"line":518,"column":61}},"284":{"start":{"line":519,"column":26},"end":{"line":519,"column":57}},"285":{"start":{"line":521,"column":6},"end":{"line":524,"column":7}},"286":{"start":{"line":522,"column":8},"end":{"line":522,"column":37}},"287":{"start":{"line":523,"column":8},"end":{"line":523,"column":62}},"288":{"start":{"line":525,"column":6},"end":{"line":528,"column":7}},"289":{"start":{"line":526,"column":8},"end":{"line":526,"column":35}},"290":{"start":{"line":527,"column":8},"end":{"line":527,"column":60}},"291":{"start":{"line":529,"column":6},"end":{"line":529,"column":22}},"292":{"start":{"line":533,"column":4},"end":{"line":535,"column":5}},"293":{"start":{"line":534,"column":6},"end":{"line":534,"column":50}},"294":{"start":{"line":538,"column":28},"end":{"line":565,"column":2}},"295":{"start":{"line":568,"column":26},"end":{"line":592,"column":2}},"296":{"start":{"line":594,"column":4},"end":{"line":594,"column":90}},"297":{"start":{"line":595,"column":4},"end":{"line":595,"column":86}},"298":{"start":{"line":597,"column":4},"end":{"line":597,"column":70}},"299":{"start":{"line":598,"column":4},"end":{"line":598,"column":60}},"300":{"start":{"line":599,"column":4},"end":{"line":599,"column":58}},"301":{"start":{"line":600,"column":4},"end":{"line":600,"column":20}},"302":{"start":{"line":601,"column":4},"end":{"line":601,"column":47}},"303":{"start":{"line":602,"column":4},"end":{"line":602,"column":86}},"304":{"start":{"line":603,"column":4},"end":{"line":603,"column":83}},"305":{"start":{"line":604,"column":4},"end":{"line":604,"column":20}},"306":{"start":{"line":605,"column":4},"end":{"line":605,"column":61}},"307":{"start":{"line":606,"column":4},"end":{"line":606,"column":20}},"308":{"start":{"line":607,"column":4},"end":{"line":607,"column":20}},"309":{"start":{"line":613,"column":0},"end":{"line":688,"column":5}},"310":{"start":{"line":620,"column":19},"end":{"line":620,"column":47}},"311":{"start":{"line":621,"column":21},"end":{"line":621,"column":33}},"312":{"start":{"line":622,"column":22},"end":{"line":622,"column":48}},"313":{"start":{"line":624,"column":4},"end":{"line":624,"column":62}},"314":{"start":{"line":625,"column":4},"end":{"line":625,"column":55}},"315":{"start":{"line":626,"column":4},"end":{"line":626,"column":54}},"316":{"start":{"line":627,"column":4},"end":{"line":627,"column":59}},"317":{"start":{"line":628,"column":4},"end":{"line":628,"column":20}},"318":{"start":{"line":631,"column":18},"end":{"line":631,"column":45}},"319":{"start":{"line":632,"column":23},"end":{"line":638,"column":6}},"320":{"start":{"line":641,"column":27},"end":{"line":641,"column":52}},"321":{"start":{"line":643,"column":4},"end":{"line":643,"column":47}},"322":{"start":{"line":644,"column":4},"end":{"line":644,"column":32}},"323":{"start":{"line":645,"column":4},"end":{"line":645,"column":60}},"324":{"start":{"line":646,"column":4},"end":{"line":646,"column":53}},"325":{"start":{"line":647,"column":4},"end":{"line":647,"column":55}},"326":{"start":{"line":648,"column":4},"end":{"line":648,"column":67}},"327":{"start":{"line":649,"column":4},"end":{"line":649,"column":20}},"328":{"start":{"line":652,"column":17},"end":{"line":652,"column":21}},"329":{"start":{"line":653,"column":19},"end":{"line":653,"column":20}},"330":{"start":{"line":655,"column":4},"end":{"line":665,"column":5}},"331":{"start":{"line":656,"column":6},"end":{"line":656,"column":21}},"332":{"start":{"line":657,"column":6},"end":{"line":657,"column":19}},"333":{"start":{"line":658,"column":11},"end":{"line":665,"column":5}},"334":{"start":{"line":659,"column":6},"end":{"line":659,"column":21}},"335":{"start":{"line":660,"column":6},"end":{"line":660,"column":19}},"336":{"start":{"line":661,"column":11},"end":{"line":665,"column":5}},"337":{"start":{"line":663,"column":6},"end":{"line":663,"column":21}},"338":{"start":{"line":664,"column":6},"end":{"line":664,"column":19}},"339":{"start":{"line":667,"column":4},"end":{"line":671,"column":5}},"340":{"start":{"line":668,"column":6},"end":{"line":668,"column":107}},"341":{"start":{"line":669,"column":6},"end":{"line":669,"column":21}},"342":{"start":{"line":670,"column":6},"end":{"line":670,"column":19}},"343":{"start":{"line":673,"column":4},"end":{"line":673,"column":44}},"344":{"start":{"line":675,"column":4},"end":{"line":684,"column":5}},"345":{"start":{"line":676,"column":6},"end":{"line":676,"column":54}},"346":{"start":{"line":677,"column":6},"end":{"line":677,"column":69}},"347":{"start":{"line":679,"column":6},"end":{"line":679,"column":52}},"348":{"start":{"line":680,"column":6},"end":{"line":680,"column":64}},"349":{"start":{"line":681,"column":6},"end":{"line":683,"column":7}},"350":{"start":{"line":682,"column":8},"end":{"line":682,"column":56}},"351":{"start":{"line":686,"column":4},"end":{"line":686,"column":20}},"352":{"start":{"line":687,"column":4},"end":{"line":687,"column":27}},"353":{"start":{"line":693,"column":0},"end":{"line":876,"column":5}},"354":{"start":{"line":698,"column":15},"end":{"line":698,"column":28}},"355":{"start":{"line":699,"column":17},"end":{"line":699,"column":32}},"356":{"start":{"line":701,"column":4},"end":{"line":701,"column":77}},"357":{"start":{"line":704,"column":23},"end":{"line":704,"column":67}},"358":{"start":{"line":705,"column":4},"end":{"line":709,"column":5}},"359":{"start":{"line":706,"column":6},"end":{"line":706,"column":71}},"360":{"start":{"line":707,"column":6},"end":{"line":707,"column":82}},"361":{"start":{"line":708,"column":6},"end":{"line":708,"column":22}},"362":{"start":{"line":712,"column":26},"end":{"line":763,"column":6}},"363":{"start":{"line":765,"column":4},"end":{"line":765,"column":73}},"364":{"start":{"line":768,"column":23},"end":{"line":768,"column":66}},"365":{"start":{"line":769,"column":23},"end":{"line":814,"column":2}},"366":{"start":{"line":816,"column":4},"end":{"line":818,"column":5}},"367":{"start":{"line":817,"column":6},"end":{"line":817,"column":47}},"368":{"start":{"line":821,"column":22},"end":{"line":821,"column":70}},"369":{"start":{"line":822,"column":4},"end":{"line":824,"column":5}},"370":{"start":{"line":823,"column":6},"end":{"line":823,"column":51}},"371":{"start":{"line":826,"column":25},"end":{"line":826,"column":57}},"372":{"start":{"line":827,"column":28},"end":{"line":854,"column":2}},"373":{"start":{"line":856,"column":4},"end":{"line":858,"column":5}},"374":{"start":{"line":857,"column":6},"end":{"line":857,"column":54}},"375":{"start":{"line":860,"column":4},"end":{"line":860,"column":61}},"376":{"start":{"line":861,"column":4},"end":{"line":861,"column":46}},"377":{"start":{"line":862,"column":4},"end":{"line":862,"column":68}},"378":{"start":{"line":863,"column":4},"end":{"line":863,"column":72}},"379":{"start":{"line":864,"column":4},"end":{"line":864,"column":78}},"380":{"start":{"line":865,"column":4},"end":{"line":865,"column":20}},"381":{"start":{"line":866,"column":4},"end":{"line":866,"column":43}},"382":{"start":{"line":867,"column":4},"end":{"line":867,"column":79}},"383":{"start":{"line":868,"column":4},"end":{"line":868,"column":70}},"384":{"start":{"line":869,"column":4},"end":{"line":869,"column":61}},"385":{"start":{"line":870,"column":4},"end":{"line":870,"column":66}},"386":{"start":{"line":871,"column":4},"end":{"line":871,"column":20}},"387":{"start":{"line":872,"column":4},"end":{"line":872,"column":46}},"388":{"start":{"line":873,"column":4},"end":{"line":873,"column":56}},"389":{"start":{"line":874,"column":4},"end":{"line":874,"column":20}},"390":{"start":{"line":875,"column":4},"end":{"line":875,"column":20}},"391":{"start":{"line":882,"column":0},"end":{"line":919,"column":5}},"392":{"start":{"line":887,"column":18},"end":{"line":887,"column":47}},"393":{"start":{"line":888,"column":20},"end":{"line":888,"column":50}},"394":{"start":{"line":890,"column":4},"end":{"line":890,"column":20}},"395":{"start":{"line":891,"column":4},"end":{"line":891,"column":52}},"396":{"start":{"line":892,"column":4},"end":{"line":892,"column":96}},"397":{"start":{"line":893,"column":4},"end":{"line":893,"column":20}},"398":{"start":{"line":895,"column":4},"end":{"line":895,"column":50}},"399":{"start":{"line":896,"column":4},"end":{"line":896,"column":79}},"400":{"start":{"line":897,"column":4},"end":{"line":897,"column":80}},"401":{"start":{"line":898,"column":4},"end":{"line":898,"column":20}},"402":{"start":{"line":900,"column":4},"end":{"line":900,"column":72}},"403":{"start":{"line":901,"column":4},"end":{"line":901,"column":50}},"404":{"start":{"line":902,"column":4},"end":{"line":902,"column":72}},"405":{"start":{"line":903,"column":4},"end":{"line":903,"column":20}},"406":{"start":{"line":904,"column":4},"end":{"line":904,"column":62}},"407":{"start":{"line":905,"column":4},"end":{"line":905,"column":77}},"408":{"start":{"line":906,"column":4},"end":{"line":906,"column":69}},"409":{"start":{"line":907,"column":4},"end":{"line":907,"column":80}},"410":{"start":{"line":908,"column":4},"end":{"line":908,"column":91}},"411":{"start":{"line":909,"column":4},"end":{"line":909,"column":20}},"412":{"start":{"line":911,"column":4},"end":{"line":913,"column":5}},"413":{"start":{"line":912,"column":6},"end":{"line":912,"column":91}},"414":{"start":{"line":915,"column":4},"end":{"line":915,"column":20}},"415":{"start":{"line":916,"column":4},"end":{"line":916,"column":73}},"416":{"start":{"line":917,"column":4},"end":{"line":917,"column":20}},"417":{"start":{"line":918,"column":4},"end":{"line":918,"column":20}},"418":{"start":{"line":921,"column":0},"end":{"line":921,"column":16}}},"fnMap":{"0":{"name":"(anonymous_1)","decl":{"start":{"line":35,"column":10},"end":{"line":35,"column":15}},"loc":{"start":{"line":35,"column":28},"end":{"line":67,"column":3}}},"1":{"name":"(anonymous_2)","decl":{"start":{"line":52,"column":28},"end":{"line":52,"column":33}},"loc":{"start":{"line":52,"column":39},"end":{"line":56,"column":7}}},"2":{"name":"(anonymous_3)","decl":{"start":{"line":58,"column":27},"end":{"line":58,"column":32}},"loc":{"start":{"line":58,"column":38},"end":{"line":62,"column":7}}},"3":{"name":"(anonymous_4)","decl":{"start":{"line":73,"column":10},"end":{"line":73,"column":11}},"loc":{"start":{"line":73,"column":22},"end":{"line":97,"column":3}}},"4":{"name":"(anonymous_5)","decl":{"start":{"line":107,"column":10},"end":{"line":107,"column":11}},"loc":{"start":{"line":107,"column":22},"end":{"line":151,"column":3}}},"5":{"name":"(anonymous_6)","decl":{"start":{"line":157,"column":10},"end":{"line":157,"column":11}},"loc":{"start":{"line":157,"column":22},"end":{"line":177,"column":3}}},"6":{"name":"(anonymous_7)","decl":{"start":{"line":168,"column":22},"end":{"line":168,"column":23}},"loc":{"start":{"line":168,"column":45},"end":{"line":172,"column":7}}},"7":{"name":"(anonymous_8)","decl":{"start":{"line":190,"column":10},"end":{"line":190,"column":15}},"loc":{"start":{"line":190,"column":36},"end":{"line":285,"column":3}}},"8":{"name":"(anonymous_9)","decl":{"start":{"line":294,"column":10},"end":{"line":294,"column":13}},"loc":{"start":{"line":294,"column":15},"end":{"line":368,"column":3}}},"9":{"name":"(anonymous_10)","decl":{"start":{"line":376,"column":10},"end":{"line":376,"column":13}},"loc":{"start":{"line":376,"column":15},"end":{"line":435,"column":3}}},"10":{"name":"(anonymous_11)","decl":{"start":{"line":445,"column":10},"end":{"line":445,"column":11}},"loc":{"start":{"line":445,"column":22},"end":{"line":492,"column":3}}},"11":{"name":"(anonymous_12)","decl":{"start":{"line":502,"column":10},"end":{"line":502,"column":11}},"loc":{"start":{"line":502,"column":22},"end":{"line":608,"column":3}}},"12":{"name":"(anonymous_13)","decl":{"start":{"line":619,"column":10},"end":{"line":619,"column":11}},"loc":{"start":{"line":619,"column":22},"end":{"line":688,"column":3}}},"13":{"name":"(anonymous_14)","decl":{"start":{"line":697,"column":10},"end":{"line":697,"column":15}},"loc":{"start":{"line":697,"column":28},"end":{"line":876,"column":3}}},"14":{"name":"(anonymous_15)","decl":{"start":{"line":886,"column":10},"end":{"line":886,"column":11}},"loc":{"start":{"line":886,"column":22},"end":{"line":919,"column":3}}}},"branchMap":{"0":{"loc":{"start":{"line":74,"column":18},"end":{"line":74,"column":47}},"type":"binary-expr","locations":[{"start":{"line":74,"column":18},"end":{"line":74,"column":41}},{"start":{"line":74,"column":45},"end":{"line":74,"column":47}}]},"1":{"loc":{"start":{"line":88,"column":4},"end":{"line":94,"column":5}},"type":"if","locations":[{"start":{"line":88,"column":4},"end":{"line":94,"column":5}},{"start":{"line":92,"column":11},"end":{"line":94,"column":5}}]},"2":{"loc":{"start":{"line":111,"column":4},"end":{"line":115,"column":5}},"type":"if","locations":[{"start":{"line":111,"column":4},"end":{"line":115,"column":5}},{"start":{},"end":{}}]},"3":{"loc":{"start":{"line":117,"column":4},"end":{"line":122,"column":5}},"type":"if","locations":[{"start":{"line":117,"column":4},"end":{"line":122,"column":5}},{"start":{},"end":{}}]},"4":{"loc":{"start":{"line":124,"column":4},"end":{"line":132,"column":5}},"type":"if","locations":[{"start":{"line":124,"column":4},"end":{"line":132,"column":5}},{"start":{},"end":{}}]},"5":{"loc":{"start":{"line":126,"column":6},"end":{"line":131,"column":7}},"type":"if","locations":[{"start":{"line":126,"column":6},"end":{"line":131,"column":7}},{"start":{"line":128,"column":13},"end":{"line":131,"column":7}}]},"6":{"loc":{"start":{"line":134,"column":4},"end":{"line":136,"column":5}},"type":"if","locations":[{"start":{"line":134,"column":4},"end":{"line":136,"column":5}},{"start":{},"end":{}}]},"7":{"loc":{"start":{"line":138,"column":4},"end":{"line":140,"column":5}},"type":"if","locations":[{"start":{"line":138,"column":4},"end":{"line":140,"column":5}},{"start":{},"end":{}}]},"8":{"loc":{"start":{"line":145,"column":38},"end":{"line":145,"column":179}},"type":"cond-expr","locations":[{"start":{"line":145,"column":76},"end":{"line":145,"column":94}},{"start":{"line":145,"column":97},"end":{"line":145,"column":179}}]},"9":{"loc":{"start":{"line":145,"column":97},"end":{"line":145,"column":179}},"type":"cond-expr","locations":[{"start":{"line":145,"column":134},"end":{"line":145,"column":154}},{"start":{"line":145,"column":157},"end":{"line":145,"column":179}}]},"10":{"loc":{"start":{"line":164,"column":4},"end":{"line":173,"column":5}},"type":"if","locations":[{"start":{"line":164,"column":4},"end":{"line":173,"column":5}},{"start":{"line":166,"column":11},"end":{"line":173,"column":5}}]},"11":{"loc":{"start":{"line":170,"column":30},"end":{"line":170,"column":104}},"type":"cond-expr","locations":[{"start":{"line":170,"column":64},"end":{"line":170,"column":74}},{"start":{"line":170,"column":77},"end":{"line":170,"column":104}}]},"12":{"loc":{"start":{"line":191,"column":18},"end":{"line":191,"column":42}},"type":"binary-expr","locations":[{"start":{"line":191,"column":18},"end":{"line":191,"column":31}},{"start":{"line":191,"column":35},"end":{"line":191,"column":42}}]},"13":{"loc":{"start":{"line":192,"column":26},"end":{"line":192,"column":56}},"type":"binary-expr","locations":[{"start":{"line":192,"column":26},"end":{"line":192,"column":51}},{"start":{"line":192,"column":55},"end":{"line":192,"column":56}}]},"14":{"loc":{"start":{"line":193,"column":20},"end":{"line":193,"column":84}},"type":"cond-expr","locations":[{"start":{"line":193,"column":40},"end":{"line":193,"column":72}},{"start":{"line":193,"column":75},"end":{"line":193,"column":84}}]},"15":{"loc":{"start":{"line":201,"column":4},"end":{"line":204,"column":5}},"type":"if","locations":[{"start":{"line":201,"column":4},"end":{"line":204,"column":5}},{"start":{},"end":{}}]},"16":{"loc":{"start":{"line":223,"column":4},"end":{"line":264,"column":5}},"type":"if","locations":[{"start":{"line":223,"column":4},"end":{"line":264,"column":5}},{"start":{"line":257,"column":11},"end":{"line":264,"column":5}}]},"17":{"loc":{"start":{"line":226,"column":8},"end":{"line":232,"column":20}},"type":"cond-expr","locations":[{"start":{"line":227,"column":12},"end":{"line":227,"column":16}},{"start":{"line":228,"column":12},"end":{"line":232,"column":20}}]},"18":{"loc":{"start":{"line":228,"column":12},"end":{"line":232,"column":20}},"type":"cond-expr","locations":[{"start":{"line":229,"column":14},"end":{"line":229,"column":18}},{"start":{"line":230,"column":14},"end":{"line":232,"column":20}}]},"19":{"loc":{"start":{"line":230,"column":14},"end":{"line":232,"column":20}},"type":"cond-expr","locations":[{"start":{"line":231,"column":16},"end":{"line":231,"column":19}},{"start":{"line":232,"column":16},"end":{"line":232,"column":20}}]},"20":{"loc":{"start":{"line":245,"column":8},"end":{"line":251,"column":26}},"type":"cond-expr","locations":[{"start":{"line":246,"column":12},"end":{"line":246,"column":27}},{"start":{"line":247,"column":12},"end":{"line":251,"column":26}}]},"21":{"loc":{"start":{"line":247,"column":12},"end":{"line":251,"column":26}},"type":"cond-expr","locations":[{"start":{"line":248,"column":14},"end":{"line":248,"column":23}},{"start":{"line":249,"column":14},"end":{"line":251,"column":26}}]},"22":{"loc":{"start":{"line":249,"column":14},"end":{"line":251,"column":26}},"type":"cond-expr","locations":[{"start":{"line":250,"column":16},"end":{"line":250,"column":28}},{"start":{"line":251,"column":16},"end":{"line":251,"column":26}}]},"23":{"loc":{"start":{"line":389,"column":22},"end":{"line":389,"column":76}},"type":"cond-expr","locations":[{"start":{"line":389,"column":37},"end":{"line":389,"column":43}},{"start":{"line":389,"column":46},"end":{"line":389,"column":76}}]},"24":{"loc":{"start":{"line":389,"column":46},"end":{"line":389,"column":76}},"type":"cond-expr","locations":[{"start":{"line":389,"column":60},"end":{"line":389,"column":68}},{"start":{"line":389,"column":71},"end":{"line":389,"column":76}}]},"25":{"loc":{"start":{"line":390,"column":22},"end":{"line":390,"column":89}},"type":"cond-expr","locations":[{"start":{"line":390,"column":37},"end":{"line":390,"column":46}},{"start":{"line":390,"column":49},"end":{"line":390,"column":89}}]},"26":{"loc":{"start":{"line":390,"column":49},"end":{"line":390,"column":89}},"type":"cond-expr","locations":[{"start":{"line":390,"column":63},"end":{"line":390,"column":75}},{"start":{"line":390,"column":78},"end":{"line":390,"column":89}}]},"27":{"loc":{"start":{"line":413,"column":4},"end":{"line":419,"column":5}},"type":"if","locations":[{"start":{"line":413,"column":4},"end":{"line":419,"column":5}},{"start":{"line":415,"column":11},"end":{"line":419,"column":5}}]},"28":{"loc":{"start":{"line":448,"column":4},"end":{"line":463,"column":5}},"type":"if","locations":[{"start":{"line":448,"column":4},"end":{"line":463,"column":5}},{"start":{},"end":{}}]},"29":{"loc":{"start":{"line":450,"column":6},"end":{"line":453,"column":7}},"type":"if","locations":[{"start":{"line":450,"column":6},"end":{"line":453,"column":7}},{"start":{},"end":{}}]},"30":{"loc":{"start":{"line":450,"column":10},"end":{"line":450,"column":37}},"type":"binary-expr","locations":[{"start":{"line":450,"column":10},"end":{"line":450,"column":23}},{"start":{"line":450,"column":27},"end":{"line":450,"column":37}}]},"31":{"loc":{"start":{"line":470,"column":58},"end":{"line":470,"column":79}},"type":"binary-expr","locations":[{"start":{"line":470,"column":58},"end":{"line":470,"column":73}},{"start":{"line":470,"column":77},"end":{"line":470,"column":79}}]},"32":{"loc":{"start":{"line":473,"column":24},"end":{"line":473,"column":107}},"type":"cond-expr","locations":[{"start":{"line":473,"column":54},"end":{"line":473,"column":103}},{"start":{"line":473,"column":106},"end":{"line":473,"column":107}}]},"33":{"loc":{"start":{"line":473,"column":25},"end":{"line":473,"column":46}},"type":"binary-expr","locations":[{"start":{"line":473,"column":25},"end":{"line":473,"column":40}},{"start":{"line":473,"column":44},"end":{"line":473,"column":46}}]},"34":{"loc":{"start":{"line":473,"column":74},"end":{"line":473,"column":95}},"type":"binary-expr","locations":[{"start":{"line":473,"column":74},"end":{"line":473,"column":89}},{"start":{"line":473,"column":93},"end":{"line":473,"column":95}}]},"35":{"loc":{"start":{"line":475,"column":25},"end":{"line":475,"column":101}},"type":"cond-expr","locations":[{"start":{"line":475,"column":44},"end":{"line":475,"column":53}},{"start":{"line":475,"column":56},"end":{"line":475,"column":101}}]},"36":{"loc":{"start":{"line":475,"column":56},"end":{"line":475,"column":101}},"type":"cond-expr","locations":[{"start":{"line":475,"column":75},"end":{"line":475,"column":87}},{"start":{"line":475,"column":90},"end":{"line":475,"column":101}}]},"37":{"loc":{"start":{"line":478,"column":4},"end":{"line":486,"column":5}},"type":"if","locations":[{"start":{"line":478,"column":4},"end":{"line":486,"column":5}},{"start":{"line":481,"column":11},"end":{"line":486,"column":5}}]},"38":{"loc":{"start":{"line":481,"column":11},"end":{"line":486,"column":5}},"type":"if","locations":[{"start":{"line":481,"column":11},"end":{"line":486,"column":5}},{"start":{"line":484,"column":11},"end":{"line":486,"column":5}}]},"39":{"loc":{"start":{"line":510,"column":4},"end":{"line":514,"column":5}},"type":"if","locations":[{"start":{"line":510,"column":4},"end":{"line":514,"column":5}},{"start":{},"end":{}}]},"40":{"loc":{"start":{"line":516,"column":4},"end":{"line":530,"column":5}},"type":"if","locations":[{"start":{"line":516,"column":4},"end":{"line":530,"column":5}},{"start":{},"end":{}}]},"41":{"loc":{"start":{"line":521,"column":6},"end":{"line":524,"column":7}},"type":"if","locations":[{"start":{"line":521,"column":6},"end":{"line":524,"column":7}},{"start":{},"end":{}}]},"42":{"loc":{"start":{"line":525,"column":6},"end":{"line":528,"column":7}},"type":"if","locations":[{"start":{"line":525,"column":6},"end":{"line":528,"column":7}},{"start":{},"end":{}}]},"43":{"loc":{"start":{"line":533,"column":4},"end":{"line":535,"column":5}},"type":"if","locations":[{"start":{"line":533,"column":4},"end":{"line":535,"column":5}},{"start":{},"end":{}}]},"44":{"loc":{"start":{"line":655,"column":4},"end":{"line":665,"column":5}},"type":"if","locations":[{"start":{"line":655,"column":4},"end":{"line":665,"column":5}},{"start":{"line":658,"column":11},"end":{"line":665,"column":5}}]},"45":{"loc":{"start":{"line":655,"column":8},"end":{"line":655,"column":83}},"type":"binary-expr","locations":[{"start":{"line":655,"column":8},"end":{"line":655,"column":24}},{"start":{"line":655,"column":29},"end":{"line":655,"column":54}},{"start":{"line":655,"column":58},"end":{"line":655,"column":82}}]},"46":{"loc":{"start":{"line":658,"column":11},"end":{"line":665,"column":5}},"type":"if","locations":[{"start":{"line":658,"column":11},"end":{"line":665,"column":5}},{"start":{"line":661,"column":11},"end":{"line":665,"column":5}}]},"47":{"loc":{"start":{"line":658,"column":15},"end":{"line":658,"column":52}},"type":"binary-expr","locations":[{"start":{"line":658,"column":15},"end":{"line":658,"column":34}},{"start":{"line":658,"column":38},"end":{"line":658,"column":52}}]},"48":{"loc":{"start":{"line":661,"column":11},"end":{"line":665,"column":5}},"type":"if","locations":[{"start":{"line":661,"column":11},"end":{"line":665,"column":5}},{"start":{},"end":{}}]},"49":{"loc":{"start":{"line":661,"column":15},"end":{"line":661,"column":50}},"type":"binary-expr","locations":[{"start":{"line":661,"column":15},"end":{"line":661,"column":32}},{"start":{"line":661,"column":36},"end":{"line":661,"column":50}}]},"50":{"loc":{"start":{"line":667,"column":4},"end":{"line":671,"column":5}},"type":"if","locations":[{"start":{"line":667,"column":4},"end":{"line":671,"column":5}},{"start":{},"end":{}}]},"51":{"loc":{"start":{"line":675,"column":4},"end":{"line":684,"column":5}},"type":"if","locations":[{"start":{"line":675,"column":4},"end":{"line":684,"column":5}},{"start":{"line":678,"column":11},"end":{"line":684,"column":5}}]},"52":{"loc":{"start":{"line":681,"column":6},"end":{"line":683,"column":7}},"type":"if","locations":[{"start":{"line":681,"column":6},"end":{"line":683,"column":7}},{"start":{},"end":{}}]},"53":{"loc":{"start":{"line":705,"column":4},"end":{"line":709,"column":5}},"type":"if","locations":[{"start":{"line":705,"column":4},"end":{"line":709,"column":5}},{"start":{},"end":{}}]},"54":{"loc":{"start":{"line":705,"column":8},"end":{"line":705,"column":49}},"type":"binary-expr","locations":[{"start":{"line":705,"column":8},"end":{"line":705,"column":33}},{"start":{"line":705,"column":37},"end":{"line":705,"column":49}}]},"55":{"loc":{"start":{"line":816,"column":4},"end":{"line":818,"column":5}},"type":"if","locations":[{"start":{"line":816,"column":4},"end":{"line":818,"column":5}},{"start":{},"end":{}}]},"56":{"loc":{"start":{"line":822,"column":4},"end":{"line":824,"column":5}},"type":"if","locations":[{"start":{"line":822,"column":4},"end":{"line":824,"column":5}},{"start":{},"end":{}}]},"57":{"loc":{"start":{"line":856,"column":4},"end":{"line":858,"column":5}},"type":"if","locations":[{"start":{"line":856,"column":4},"end":{"line":858,"column":5}},{"start":{},"end":{}}]},"58":{"loc":{"start":{"line":887,"column":18},"end":{"line":887,"column":47}},"type":"binary-expr","locations":[{"start":{"line":887,"column":18},"end":{"line":887,"column":41}},{"start":{"line":887,"column":45},"end":{"line":887,"column":47}}]},"59":{"loc":{"start":{"line":911,"column":4},"end":{"line":913,"column":5}},"type":"if","locations":[{"start":{"line":911,"column":4},"end":{"line":913,"column":5}},{"start":{},"end":{}}]}},"s":{"0":0,"1":0,"2":0,"3":0,"4":0,"5":0,"6":0,"7":0,"8":0,"9":0,"10":0,"11":0,"12":0,"13":0,"14":0,"15":0,"16":0,"17":0,"18":0,"19":0,"20":0,"21":0,"22":0,"23":0,"24":0,"25":0,"26":0,"27":0,"28":0,"29":0,"30":0,"31":0,"32":0,"33":0,"34":0,"35":0,"36":0,"37":0,"38":0,"39":0,"40":0,"41":0,"42":0,"43":0,"44":0,"45":0,"46":0,"47":0,"48":0,"49":0,"50":0,"51":0,"52":0,"53":0,"54":0,"55":0,"56":0,"57":0,"58":0,"59":0,"60":0,"61":0,"62":0,"63":0,"64":0,"65":0,"66":0,"67":0,"68":0,"69":0,"70":0,"71":0,"72":0,"73":0,"74":0,"75":0,"76":0,"77":0,"78":0,"79":0,"80":0,"81":0,"82":0,"83":0,"84":0,"85":0,"86":0,"87":0,"88":0,"89":0,"90":0,"91":0,"92":0,"93":0,"94":0,"95":0,"96":0,"97":0,"98":0,"99":0,"100":0,"101":0,"102":0,"103":0,"104":0,"105":0,"106":0,"107":0,"108":0,"109":0,"110":0,"111":0,"112":0,"113":0,"114":0,"115":0,"116":0,"117":0,"118":0,"119":0,"120":0,"121":0,"122":0,"123":0,"124":0,"125":0,"126":0,"127":0,"128":0,"129":0,"130":0,"131":0,"132":0,"133":0,"134":0,"135":0,"136":0,"137":0,"138":0,"139":0,"140":0,"141":0,"142":0,"143":0,"144":0,"145":0,"146":0,"147":0,"148":0,"149":0,"150":0,"151":0,"152":0,"153":0,"154":0,"155":0,"156":0,"157":0,"158":0,"159":0,"160":0,"161":0,"162":0,"163":0,"164":0,"165":0,"166":0,"167":0,"168":0,"169":0,"170":0,"171":0,"172":0,"173":0,"174":0,"175":0,"176":0,"177":0,"178":0,"179":0,"180":0,"181":0,"182":0,"183":0,"184":0,"185":0,"186":0,"187":0,"188":0,"189":0,"190":0,"191":0,"192":0,"193":0,"194":0,"195":0,"196":0,"197":0,"198":0,"199":0,"200":0,"201":0,"202":0,"203":0,"204":0,"205":0,"206":0,"207":0,"208":0,"209":0,"210":0,"211":0,"212":0,"213":0,"214":0,"215":0,"216":0,"217":0,"218":0,"219":0,"220":0,"221":0,"222":0,"223":0,"224":0,"225":0,"226":0,"227":0,"228":0,"229":0,"230":0,"231":0,"232":0,"233":0,"234":0,"235":0,"236":0,"237":0,"238":0,"239":0,"240":0,"241":0,"242":0,"243":0,"244":0,"245":0,"246":0,"247":0,"248":0,"249":0,"250":0,"251":0,"252":0,"253":0,"254":0,"255":0,"256":0,"257":0,"258":0,"259":0,"260":0,"261":0,"262":0,"263":0,"264":0,"265":0,"266":0,"267":0,"268":0,"269":0,"270":0,"271":0,"272":0,"273":0,"274":0,"275":0,"276":0,"277":0,"278":0,"279":0,"280":0,"281":0,"282":0,"283":0,"284":0,"285":0,"286":0,"287":0,"288":0,"289":0,"290":0,"291":0,"292":0,"293":0,"294":0,"295":0,"296":0,"297":0,"298":0,"299":0,"300":0,"301":0,"302":0,"303":0,"304":0,"305":0,"306":0,"307":0,"308":0,"309":0,"310":0,"311":0,"312":0,"313":0,"314":0,"315":0,"316":0,"317":0,"318":0,"319":0,"320":0,"321":0,"322":0,"323":0,"324":0,"325":0,"326":0,"327":0,"328":0,"329":0,"330":0,"331":0,"332":0,"333":0,"334":0,"335":0,"336":0,"337":0,"338":0,"339":0,"340":0,"341":0,"342":0,"343":0,"344":0,"345":0,"346":0,"347":0,"348":0,"349":0,"350":0,"351":0,"352":0,"353":0,"354":0,"355":0,"356":0,"357":0,"358":0,"359":0,"360":0,"361":0,"362":0,"363":0,"364":0,"365":0,"366":0,"367":0,"368":0,"369":0,"370":0,"371":0,"372":0,"373":0,"374":0,"375":0,"376":0,"377":0,"378":0,"379":0,"380":0,"381":0,"382":0,"383":0,"384":0,"385":0,"386":0,"387":0,"388":0,"389":0,"390":0,"391":0,"392":0,"393":0,"394":0,"395":0,"396":0,"397":0,"398":0,"399":0,"400":0,"401":0,"402":0,"403":0,"404":0,"405":0,"406":0,"407":0,"408":0,"409":0,"410":0,"411":0,"412":0,"413":0,"414":0,"415":0,"416":0,"417":0,"418":0},"f":{"0":0,"1":0,"2":0,"3":0,"4":0,"5":0,"6":0,"7":0,"8":0,"9":0,"10":0,"11":0,"12":0,"13":0,"14":0},"b":{"0":[0,0],"1":[0,0],"2":[0,0],"3":[0,0],"4":[0,0],"5":[0,0],"6":[0,0],"7":[0,0],"8":[0,0],"9":[0,0],"10":[0,0],"11":[0,0],"12":[0,0],"13":[0,0],"14":[0,0],"15":[0,0],"16":[0,0],"17":[0,0],"18":[0,0],"19":[0,0],"20":[0,0],"21":[0,0],"22":[0,0],"23":[0,0],"24":[0,0],"25":[0,0],"26":[0,0],"27":[0,0],"28":[0,0],"29":[0,0],"30":[0,0],"31":[0,0],"32":[0,0],"33":[0,0],"34":[0,0],"35":[0,0],"36":[0,0],"37":[0,0],"38":[0,0],"39":[0,0],"40":[0,0],"41":[0,0],"42":[0,0],"43":[0,0],"44":[0,0],"45":[0,0,0],"46":[0,0],"47":[0,0],"48":[0,0],"49":[0,0],"50":[0,0],"51":[0,0],"52":[0,0],"53":[0,0],"54":[0,0],"55":[0,0],"56":[0,0],"57":[0,0],"58":[0,0],"59":[0,0]}}
,"C:\\Users\\salim\\Desktop\\new project\\src\\cli\\storage.ts": {"path":"C:\\Users\\salim\\Desktop\\new project\\src\\cli\\storage.ts","statementMap":{"0":{"start":{"line":49,"column":0},"end":{"line":49,"column":16}},"1":{"start":{"line":75,"column":0},"end":{"line":75,"column":16}},"2":{"start":{"line":85,"column":0},"end":{"line":85,"column":16}},"3":{"start":{"line":95,"column":0},"end":{"line":95,"column":16}},"4":{"start":{"line":104,"column":0},"end":{"line":104,"column":16}},"5":{"start":{"line":127,"column":0},"end":{"line":127,"column":16}},"6":{"start":{"line":140,"column":0},"end":{"line":140,"column":16}},"7":{"start":{"line":7,"column":0},"end":{"line":7,"column":25}},"8":{"start":{"line":8,"column":0},"end":{"line":8,"column":29}},"9":{"start":{"line":9,"column":0},"end":{"line":9,"column":25}},"10":{"start":{"line":34,"column":17},"end":{"line":34,"column":49}},"11":{"start":{"line":35,"column":21},"end":{"line":35,"column":57}},"12":{"start":{"line":41,"column":2},"end":{"line":43,"column":3}},"13":{"start":{"line":42,"column":4},"end":{"line":42,"column":48}},"14":{"start":{"line":50,"column":2},"end":{"line":50,"column":18}},"15":{"start":{"line":52,"column":2},"end":{"line":54,"column":3}},"16":{"start":{"line":53,"column":4},"end":{"line":53,"column":14}},"17":{"start":{"line":56,"column":38},"end":{"line":56,"column":40}},"18":{"start":{"line":57,"column":16},"end":{"line":57,"column":66}},"19":{"start":{"line":59,"column":2},"end":{"line":67,"column":3}},"20":{"start":{"line":60,"column":4},"end":{"line":60,"column":31}},"21":{"start":{"line":60,"column":22},"end":{"line":60,"column":31}},"22":{"start":{"line":61,"column":4},"end":{"line":66,"column":5}},"23":{"start":{"line":62,"column":21},"end":{"line":62,"column":37}},"24":{"start":{"line":63,"column":6},"end":{"line":63,"column":27}},"25":{"start":{"line":69,"column":2},"end":{"line":69,"column":17}},"26":{"start":{"line":76,"column":14},"end":{"line":76,"column":24}},"27":{"start":{"line":77,"column":21},"end":{"line":77,"column":41}},"28":{"start":{"line":79,"column":2},"end":{"line":79,"column":89}},"29":{"start":{"line":79,"column":34},"end":{"line":79,"column":87}},"30":{"start":{"line":86,"column":14},"end":{"line":86,"column":24}},"31":{"start":{"line":87,"column":21},"end":{"line":87,"column":41}},"32":{"start":{"line":89,"column":2},"end":{"line":89,"column":64}},"33":{"start":{"line":89,"column":34},"end":{"line":89,"column":62}},"34":{"start":{"line":96,"column":2},"end":{"line":96,"column":18}},"35":{"start":{"line":97,"column":15},"end":{"line":97,"column":44}},"36":{"start":{"line":98,"column":2},"end":{"line":98,"column":40}},"37":{"start":{"line":111,"column":19},"end":{"line":111,"column":34}},"38":{"start":{"line":112,"column":14},"end":{"line":112,"column":24}},"39":{"start":{"line":113,"column":18},"end":{"line":113,"column":82}},"40":{"start":{"line":113,"column":53},"end":{"line":113,"column":81}},"41":{"start":{"line":115,"column":2},"end":{"line":121,"column":4}},"42":{"start":{"line":117,"column":43},"end":{"line":117,"column":55}},"43":{"start":{"line":118,"column":42},"end":{"line":118,"column":70}},"44":{"start":{"line":119,"column":42},"end":{"line":119,"column":63}},"45":{"start":{"line":120,"column":41},"end":{"line":120,"column":53}},"46":{"start":{"line":120,"column":74},"end":{"line":120,"column":95}},"47":{"start":{"line":128,"column":19},"end":{"line":128,"column":31}},"48":{"start":{"line":129,"column":14},"end":{"line":129,"column":24}},"49":{"start":{"line":131,"column":2},"end":{"line":134,"column":21}},"50":{"start":{"line":132,"column":19},"end":{"line":132,"column":63}},"51":{"start":{"line":133,"column":20},"end":{"line":133,"column":45}},"52":{"start":{"line":141,"column":2},"end":{"line":143,"column":3}},"53":{"start":{"line":142,"column":4},"end":{"line":142,"column":32}}},"fnMap":{"0":{"name":"ensureStorage","decl":{"start":{"line":40,"column":9},"end":{"line":40,"column":22}},"loc":{"start":{"line":40,"column":22},"end":{"line":44,"column":1}}},"1":{"name":"loadRequestHistory","decl":{"start":{"line":49,"column":16},"end":{"line":49,"column":34}},"loc":{"start":{"line":49,"column":34},"end":{"line":70,"column":1}}},"2":{"name":"getRecentRequestsByHash","decl":{"start":{"line":75,"column":16},"end":{"line":75,"column":39}},"loc":{"start":{"line":75,"column":78},"end":{"line":80,"column":1}}},"3":{"name":"(anonymous_12)","decl":{"start":{"line":79,"column":27},"end":{"line":79,"column":28}},"loc":{"start":{"line":79,"column":34},"end":{"line":79,"column":87}}},"4":{"name":"getRecentRequests","decl":{"start":{"line":85,"column":16},"end":{"line":85,"column":33}},"loc":{"start":{"line":85,"column":60},"end":{"line":90,"column":1}}},"5":{"name":"(anonymous_14)","decl":{"start":{"line":89,"column":27},"end":{"line":89,"column":28}},"loc":{"start":{"line":89,"column":34},"end":{"line":89,"column":62}}},"6":{"name":"appendRequest","decl":{"start":{"line":95,"column":16},"end":{"line":95,"column":29}},"loc":{"start":{"line":95,"column":54},"end":{"line":99,"column":1}}},"7":{"name":"getCLIStats","decl":{"start":{"line":104,"column":16},"end":{"line":104,"column":27}},"loc":{"start":{"line":104,"column":46},"end":{"line":122,"column":1}}},"8":{"name":"(anonymous_17)","decl":{"start":{"line":113,"column":46},"end":{"line":113,"column":47}},"loc":{"start":{"line":113,"column":53},"end":{"line":113,"column":81}}},"9":{"name":"(anonymous_18)","decl":{"start":{"line":117,"column":36},"end":{"line":117,"column":37}},"loc":{"start":{"line":117,"column":43},"end":{"line":117,"column":55}}},"10":{"name":"(anonymous_19)","decl":{"start":{"line":118,"column":35},"end":{"line":118,"column":36}},"loc":{"start":{"line":118,"column":42},"end":{"line":118,"column":70}}},"11":{"name":"(anonymous_20)","decl":{"start":{"line":119,"column":30},"end":{"line":119,"column":31}},"loc":{"start":{"line":119,"column":42},"end":{"line":119,"column":63}}},"12":{"name":"(anonymous_21)","decl":{"start":{"line":120,"column":34},"end":{"line":120,"column":35}},"loc":{"start":{"line":120,"column":41},"end":{"line":120,"column":53}}},"13":{"name":"(anonymous_22)","decl":{"start":{"line":120,"column":62},"end":{"line":120,"column":63}},"loc":{"start":{"line":120,"column":74},"end":{"line":120,"column":95}}},"14":{"name":"getBlockedRequests","decl":{"start":{"line":127,"column":16},"end":{"line":127,"column":34}},"loc":{"start":{"line":127,"column":53},"end":{"line":135,"column":1}}},"15":{"name":"(anonymous_24)","decl":{"start":{"line":132,"column":12},"end":{"line":132,"column":13}},"loc":{"start":{"line":132,"column":19},"end":{"line":132,"column":63}}},"16":{"name":"(anonymous_25)","decl":{"start":{"line":133,"column":10},"end":{"line":133,"column":11}},"loc":{"start":{"line":133,"column":20},"end":{"line":133,"column":45}}},"17":{"name":"clearHistory","decl":{"start":{"line":140,"column":16},"end":{"line":140,"column":28}},"loc":{"start":{"line":140,"column":28},"end":{"line":144,"column":1}}}},"branchMap":{"0":{"loc":{"start":{"line":41,"column":2},"end":{"line":43,"column":3}},"type":"if","locations":[{"start":{"line":41,"column":2},"end":{"line":43,"column":3}},{"start":{},"end":{}}]},"1":{"loc":{"start":{"line":52,"column":2},"end":{"line":54,"column":3}},"type":"if","locations":[{"start":{"line":52,"column":2},"end":{"line":54,"column":3}},{"start":{},"end":{}}]},"2":{"loc":{"start":{"line":60,"column":4},"end":{"line":60,"column":31}},"type":"if","locations":[{"start":{"line":60,"column":4},"end":{"line":60,"column":31}},{"start":{},"end":{}}]},"3":{"loc":{"start":{"line":75,"column":54},"end":{"line":75,"column":78}},"type":"default-arg","locations":[{"start":{"line":75,"column":73},"end":{"line":75,"column":78}}]},"4":{"loc":{"start":{"line":79,"column":34},"end":{"line":79,"column":87}},"type":"binary-expr","locations":[{"start":{"line":79,"column":34},"end":{"line":79,"column":55}},{"start":{"line":79,"column":59},"end":{"line":79,"column":87}}]},"5":{"loc":{"start":{"line":85,"column":34},"end":{"line":85,"column":60}},"type":"default-arg","locations":[{"start":{"line":85,"column":53},"end":{"line":85,"column":60}}]},"6":{"loc":{"start":{"line":104,"column":28},"end":{"line":104,"column":46}},"type":"default-arg","locations":[{"start":{"line":104,"column":44},"end":{"line":104,"column":46}}]},"7":{"loc":{"start":{"line":118,"column":42},"end":{"line":118,"column":70}},"type":"binary-expr","locations":[{"start":{"line":118,"column":42},"end":{"line":118,"column":53}},{"start":{"line":118,"column":57},"end":{"line":118,"column":70}}]},"8":{"loc":{"start":{"line":127,"column":35},"end":{"line":127,"column":53}},"type":"default-arg","locations":[{"start":{"line":127,"column":51},"end":{"line":127,"column":53}}]},"9":{"loc":{"start":{"line":132,"column":19},"end":{"line":132,"column":63}},"type":"binary-expr","locations":[{"start":{"line":132,"column":19},"end":{"line":132,"column":31}},{"start":{"line":132,"column":35},"end":{"line":132,"column":63}}]},"10":{"loc":{"start":{"line":141,"column":2},"end":{"line":143,"column":3}},"type":"if","locations":[{"start":{"line":141,"column":2},"end":{"line":143,"column":3}},{"start":{},"end":{}}]}},"s":{"0":0,"1":0,"2":0,"3":0,"4":0,"5":0,"6":0,"7":0,"8":0,"9":0,"10":0,"11":0,"12":0,"13":0,"14":0,"15":0,"16":0,"17":0,"18":0,"19":0,"20":0,"21":0,"22":0,"23":0,"24":0,"25":0,"26":0,"27":0,"28":0,"29":0,"30":0,"31":0,"32":0,"33":0,"34":0,"35":0,"36":0,"37":0,"38":0,"39":0,"40":0,"41":0,"42":0,"43":0,"44":0,"45":0,"46":0,"47":0,"48":0,"49":0,"50":0,"51":0,"52":0,"53":0},"f":{"0":0,"1":0,"2":0,"3":0,"4":0,"5":0,"6":0,"7":0,"8":0,"9":0,"10":0,"11":0,"12":0,"13":0,"14":0,"15":0,"16":0,"17":0},"b":{"0":[0,0],"1":[0,0],"2":[0,0],"3":[0],"4":[0,0],"5":[0],"6":[0],"7":[0,0],"8":[0],"9":[0,0],"10":[0,0]}}
,"C:\\Users\\salim\\Desktop\\new project\\src\\config\\constants.ts": {"path":"C:\\Users\\salim\\Desktop\\new project\\src\\config\\constants.ts","statementMap":{"0":{"start":{"line":8,"column":13},"end":{"line":48,"column":11}},"1":{"start":{"line":51,"column":13},"end":{"line":66,"column":11}},"2":{"start":{"line":69,"column":13},"end":{"line":78,"column":11}},"3":{"start":{"line":81,"column":13},"end":{"line":96,"column":11}},"4":{"start":{"line":99,"column":13},"end":{"line":108,"column":11}},"5":{"start":{"line":113,"column":13},"end":{"line":117,"column":11}},"6":{"start":{"line":120,"column":13},"end":{"line":129,"column":11}},"7":{"start":{"line":134,"column":13},"end":{"line":138,"column":11}},"8":{"start":{"line":143,"column":13},"end":{"line":149,"column":11}},"9":{"start":{"line":154,"column":13},"end":{"line":166,"column":11}},"10":{"start":{"line":169,"column":13},"end":{"line":181,"column":11}},"11":{"start":{"line":184,"column":13},"end":{"line":193,"column":11}}},"fnMap":{},"branchMap":{},"s":{"0":11,"1":11,"2":11,"3":11,"4":11,"5":11,"6":11,"7":11,"8":11,"9":11,"10":11,"11":11},"f":{},"b":{}}
,"C:\\Users\\salim\\Desktop\\new project\\src\\config\\index.ts": {"path":"C:\\Users\\salim\\Desktop\\new project\\src\\config\\index.ts","statementMap":{"0":{"start":{"line":1,"column":0},"end":{"line":1,"column":26}},"1":{"start":{"line":2,"column":0},"end":{"line":2,"column":29}},"2":{"start":{"line":3,"column":0},"end":{"line":3,"column":28}}},"fnMap":{},"branchMap":{},"s":{"0":11,"1":11,"2":11},"f":{},"b":{}}
,"C:\\Users\\salim\\Desktop\\new project\\src\\config\\pricing.ts": {"path":"C:\\Users\\salim\\Desktop\\new project\\src\\config\\pricing.ts","statementMap":{"0":{"start":{"line":96,"column":0},"end":{"line":96,"column":16}},"1":{"start":{"line":115,"column":0},"end":{"line":115,"column":16}},"2":{"start":{"line":131,"column":0},"end":{"line":131,"column":16}},"3":{"start":{"line":135,"column":0},"end":{"line":135,"column":16}},"4":{"start":{"line":38,"column":25},"end":{"line":38,"column":37}},"5":{"start":{"line":40,"column":17},"end":{"line":40,"column":53}},"6":{"start":{"line":41,"column":16},"end":{"line":41,"column":41}},"7":{"start":{"line":43,"column":54},"end":{"line":84,"column":2}},"8":{"start":{"line":87,"column":2},"end":{"line":87,"column":36}},"9":{"start":{"line":91,"column":2},"end":{"line":93,"column":3}},"10":{"start":{"line":92,"column":4},"end":{"line":92,"column":41}},"11":{"start":{"line":97,"column":21},"end":{"line":97,"column":37}},"12":{"start":{"line":98,"column":40},"end":{"line":104,"column":4}},"13":{"start":{"line":106,"column":2},"end":{"line":106,"column":39}},"14":{"start":{"line":107,"column":2},"end":{"line":107,"column":38}},"15":{"start":{"line":108,"column":2},"end":{"line":110,"column":3}},"16":{"start":{"line":109,"column":4},"end":{"line":109,"column":46}},"17":{"start":{"line":112,"column":2},"end":{"line":112,"column":20}},"18":{"start":{"line":116,"column":21},"end":{"line":116,"column":37}},"19":{"start":{"line":117,"column":22},"end":{"line":117,"column":45}},"20":{"start":{"line":118,"column":2},"end":{"line":120,"column":3}},"21":{"start":{"line":119,"column":4},"end":{"line":119,"column":38}},"22":{"start":{"line":122,"column":2},"end":{"line":124,"column":3}},"23":{"start":{"line":123,"column":4},"end":{"line":123,"column":37}},"24":{"start":{"line":126,"column":23},"end":{"line":126,"column":118}},"25":{"start":{"line":126,"column":65},"end":{"line":126,"column":117}},"26":{"start":{"line":128,"column":2},"end":{"line":128,"column":59}},"27":{"start":{"line":132,"column":2},"end":{"line":132,"column":39}},"28":{"start":{"line":141,"column":18},"end":{"line":141,"column":40}},"29":{"start":{"line":142,"column":2},"end":{"line":142,"column":25}},"30":{"start":{"line":142,"column":16},"end":{"line":142,"column":25}},"31":{"start":{"line":144,"column":28},"end":{"line":144,"column":57}},"32":{"start":{"line":145,"column":29},"end":{"line":145,"column":73}},"33":{"start":{"line":146,"column":26},"end":{"line":146,"column":53}},"34":{"start":{"line":147,"column":30},"end":{"line":147,"column":73}},"35":{"start":{"line":149,"column":20},"end":{"line":149,"column":68}},"36":{"start":{"line":150,"column":26},"end":{"line":150,"column":103}},"37":{"start":{"line":151,"column":21},"end":{"line":151,"column":71}},"38":{"start":{"line":152,"column":24},"end":{"line":152,"column":104}},"39":{"start":{"line":153,"column":25},"end":{"line":153,"column":97}},"40":{"start":{"line":154,"column":26},"end":{"line":154,"column":100}},"41":{"start":{"line":155,"column":20},"end":{"line":155,"column":76}},"42":{"start":{"line":157,"column":2},"end":{"line":157,"column":113}},"43":{"start":{"line":160,"column":0},"end":{"line":160,"column":19}}},"fnMap":{"0":{"name":"normalize","decl":{"start":{"line":86,"column":9},"end":{"line":86,"column":18}},"loc":{"start":{"line":86,"column":32},"end":{"line":88,"column":1}}},"1":{"name":"registerDefaults","decl":{"start":{"line":90,"column":9},"end":{"line":90,"column":25}},"loc":{"start":{"line":90,"column":25},"end":{"line":94,"column":1}}},"2":{"name":"registerPricingModel","decl":{"start":{"line":96,"column":16},"end":{"line":96,"column":36}},"loc":{"start":{"line":96,"column":73},"end":{"line":113,"column":1}}},"3":{"name":"getModelPricing","decl":{"start":{"line":115,"column":16},"end":{"line":115,"column":31}},"loc":{"start":{"line":115,"column":45},"end":{"line":129,"column":1}}},"4":{"name":"(anonymous_4)","decl":{"start":{"line":126,"column":56},"end":{"line":126,"column":57}},"loc":{"start":{"line":126,"column":65},"end":{"line":126,"column":117}}},"5":{"name":"listPricingModels","decl":{"start":{"line":131,"column":16},"end":{"line":131,"column":33}},"loc":{"start":{"line":131,"column":33},"end":{"line":133,"column":1}}},"6":{"name":"estimateCost","decl":{"start":{"line":135,"column":16},"end":{"line":135,"column":28}},"loc":{"start":{"line":139,"column":37},"end":{"line":158,"column":1}}}},"branchMap":{"0":{"loc":{"start":{"line":101,"column":14},"end":{"line":101,"column":42}},"type":"binary-expr","locations":[{"start":{"line":101,"column":14},"end":{"line":101,"column":30}},{"start":{"line":101,"column":34},"end":{"line":101,"column":42}}]},"1":{"loc":{"start":{"line":102,"column":21},"end":{"line":102,"column":64}},"type":"binary-expr","locations":[{"start":{"line":102,"column":21},"end":{"line":102,"column":44}},{"start":{"line":102,"column":48},"end":{"line":102,"column":64}}]},"2":{"loc":{"start":{"line":103,"column":13},"end":{"line":103,"column":34}},"type":"binary-expr","locations":[{"start":{"line":103,"column":13},"end":{"line":103,"column":28}},{"start":{"line":103,"column":32},"end":{"line":103,"column":34}}]},"3":{"loc":{"start":{"line":118,"column":2},"end"
[...]
":4},"end":{"line":51,"column":45}},"19":{"start":{"line":52,"column":4},"end":{"line":54,"column":7}},"20":{"start":{"line":53,"column":6},"end":{"line":53,"column":49}},"21":{"start":{"line":57,"column":2},"end":{"line":57,"column":17}},"22":{"start":{"line":58,"column":2},"end":{"line":58,"column":16}}},"fnMap":{"0":{"name":"formatAlert","decl":{"start":{"line":16,"column":16},"end":{"line":16,"column":27}},"loc":{"start":{"line":16,"column":43},"end":{"line":59,"column":1}}},"1":{"name":"(anonymous_2)","decl":{"start":{"line":52,"column":24},"end":{"line":52,"column":25}},"loc":{"start":{"line":52,"column":33},"end":{"line":54,"column":5}}}},"branchMap":{"0":{"loc":{"start":{"line":22,"column":2},"end":{"line":32,"column":3}},"type":"if","locations":[{"start":{"line":22,"column":2},"end":{"line":32,"column":3}},{"start":{"line":24,"column":9},"end":{"line":32,"column":3}}]},"1":{"loc":{"start":{"line":24,"column":9},"end":{"line":32,"column":3}},"type":"if","locations":[{"start":{"line":24,"column":9},"end":{"line":32,"column":3}},{"start":{"line":26,"column":9},"end":{"line":32,"column":3}}]},"2":{"loc":{"start":{"line":26,"column":9},"end":{"line":32,"column":3}},"type":"if","locations":[{"start":{"line":26,"column":9},"end":{"line":32,"column":3}},{"start":{"line":28,"column":9},"end":{"line":32,"column":3}}]},"3":{"loc":{"start":{"line":28,"column":9},"end":{"line":32,"column":3}},"type":"if","locations":[{"start":{"line":28,"column":9},"end":{"line":32,"column":3}},{"start":{"line":30,"column":9},"end":{"line":32,"column":3}}]},"4":{"loc":{"start":{"line":45,"column":13},"end":{"line":45,"column":52}},"type":"binary-expr","locations":[{"start":{"line":45,"column":13},"end":{"line":45,"column":37}},{"start":{"line":45,"column":41},"end":{"line":45,"column":52}}]},"5":{"loc":{"start":{"line":50,"column":2},"end":{"line":55,"column":3}},"type":"if","locations":[{"start":{"line":50,"column":2},"end":{"line":55,"column":3}},{"start":{},"end":{}}]}},"s":{"0":7,"1":7,"2":354,"3":354,"4":354,"5":0,"6":354,"7":3,"8":351,"9":0,"10":351,"11":351,"12":0,"13":354,"14":354,"15":354,"16":354,"17":354,"18":354,"19":354,"20":1062,"21":354,"22":354},"f":{"0":354,"1":1062},"b":{"0":[0,354],"1":[3,351],"2":[0,351],"3":[351,0],"4":[354,0],"5":[354,0]}}
,"C:\\Users\\salim\\Desktop\\new project\\src\\utils\\index.ts": {"path":"C:\\Users\\salim\\Desktop\\new project\\src\\utils\\index.ts","statementMap":{"0":{"start":{"line":1,"column":0},"end":{"line":1,"column":24}}},"fnMap":{},"branchMap":{},"s":{"0":0},"f":{},"b":{}}
,"C:\\Users\\salim\\Desktop\\new project\\src\\wrapper\\aiFirewall.ts": {"path":"C:\\Users\\salim\\Desktop\\new project\\src\\wrapper\\aiFirewall.ts","statementMap":{"0":{"start":{"line":60,"column":0},"end":{"line":60,"column":7}},"1":{"start":{"line":99,"column":0},"end":{"line":99,"column":7}},"2":{"start":{"line":104,"column":0},"end":{"line":104,"column":7}},"3":{"start":{"line":109,"column":0},"end":{"line":109,"column":7}},"4":{"start":{"line":119,"column":0},"end":{"line":119,"column":7}},"5":{"start":{"line":27,"column":0},"end":{"line":27,"column":null}},"6":{"start":{"line":28,"column":2},"end":{"line":28,"column":null}},"7":{"start":{"line":29,"column":2},"end":{"line":29,"column":null}},"8":{"start":{"line":30,"column":2},"end":{"line":30,"column":null}},"9":{"start":{"line":37,"column":0},"end":{"line":37,"column":null}},"10":{"start":{"line":38,"column":2},"end":{"line":38,"column":null}},"11":{"start":{"line":39,"column":2},"end":{"line":39,"column":null}},"12":{"start":{"line":45,"column":0},"end":{"line":45,"column":9}},"13":{"start":{"line":45,"column":9},"end":{"line":45,"column":44}},"14":{"start":{"line":48,"column":0},"end":{"line":48,"column":9}},"15":{"start":{"line":48,"column":9},"end":{"line":48,"column":101}},"16":{"start":{"line":49,"column":0},"end":{"line":49,"column":9}},"17":{"start":{"line":49,"column":9},"end":{"line":49,"column":83}},"18":{"start":{"line":51,"column":0},"end":{"line":51,"column":9}},"19":{"start":{"line":51,"column":9},"end":{"line":51,"column":47}},"20":{"start":{"line":51,"column":47},"end":{"line":51,"column":69}},"21":{"start":{"line":51,"column":69},"end":{"line":51,"column":109}},"22":{"start":{"line":54,"column":0},"end":{"line":54,"column":9}},"23":{"start":{"line":54,"column":9},"end":{"line":54,"column":24}},"24":{"start":{"line":54,"column":24},"end":{"line":54,"column":46}},"25":{"start":{"line":54,"column":46},"end":{"line":54,"column":63}},"26":{"start":{"line":54,"column":63},"end":{"line":54,"column":100}},"27":{"start":{"line":74,"column":30},"end":{"line":74,"column":69}},"28":{"start":{"line":75,"column":28},"end":{"line":75,"column":53}},"29":{"start":{"line":77,"column":17},"end":{"line":77,"column":36}},"30":{"start":{"line":79,"column":17},"end":{"line":86,"column":4}},"31":{"start":{"line":88,"column":2},"end":{"line":96,"column":4}},"32":{"start":{"line":100,"column":25},"end":{"line":100,"column":59}},"33":{"start":{"line":101,"column":2},"end":{"line":101,"column":75}},"34":{"start":{"line":105,"column":30},"end":{"line":105,"column":69}},"35":{"start":{"line":106,"column":2},"end":{"line":106,"column":49}},"36":{"start":{"line":112,"column":27},"end":{"line":112,"column":63}},"37":{"start":{"line":113,"column":2},"end":{"line":113,"column":48}},"38":{"start":{"line":128,"column":30},"end":{"line":128,"column":69}},"39":{"start":{"line":129,"column":2},"end":{"line":129,"column":41}}},"fnMap":{"0":{"name":"(anonymous_9)","decl":{"start":{"line":28,"column":2},"end":{"line":28,"column":14}},"loc":{"start":{"line":28,"column":2},"end":{"line":28,"column":null}}},"1":{"name":"(anonymous_10)","decl":{"start":{"line":29,"column":2},"end":{"line":29,"column":14}},"loc":{"start":{"line":29,"column":2},"end":{"line":29,"column":null}}},"2":{"name":"(anonymous_11)","decl":{"start":{"line":30,"column":2},"end":{"line":30,"column":19}},"loc":{"start":{"line":30,"column":2},"end":{"line":30,"column":null}}},"3":{"name":"(anonymous_12)","decl":{"start":{"line":38,"column":2},"end":{"line":38,"column":17}},"loc":{"start":{"line":38,"column":2},"end":{"line":38,"column":null}}},"4":{"name":"(anonymous_13)","decl":{"start":{"line":39,"column":2},"end":{"line":39,"column":21}},"loc":{"start":{"line":39,"column":2},"end":{"line":39,"column":null}}},"5":{"name":"(anonymous_14)","decl":{"start":{"line":45,"column":9},"end":{"line":45,"column":28}},"loc":{"start":{"line":45,"column":9},"end":{"line":45,"column":44}}},"6":{"name":"(anonymous_15)","decl":{"start":{"line":48,"column":9},"end":{"line":48,"column":24}},"loc":{"start":{"line":48,"column":9},"end":{"line":48,"column":101}}},"7":{"name":"(anonymous_16)","decl":{"start":{"line":49,"column":9},"end":{"line":49,"column":21}},"loc":{"start":{"line":49,"column":9},"end":{"line":49,"column":83}}},"8":{"name":"(anonymous_17)","decl":{"start":{"line":51,"column":9},"end":{"line":51,"column":29}},"loc":{"start":{"line":51,"column":9},"end":{"line":51,"column":47}}},"9":{"name":"(anonymous_18)","decl":{"start":{"line":51,"column":47},"end":{"line":51,"column":67}},"loc":{"start":{"line":51,"column":47},"end":{"line":51,"column":69}}},"10":{"name":"(anonymous_19)","decl":{"start":{"line":51,"column":69},"end":{"line":51,"column":88}},"loc":{"start":{"line":51,"column":69},"end":{"line":51,"column":109}}},"11":{"name":"(anonymous_20)","decl":{"start":{"line":54,"column":9},"end":{"line":54,"column":22}},"loc":{"start":{"line":54,"column":9},"end":{"line":54,"column":24}}},"12":{"name":"(anonymous_21)","decl":{"start":{"line":54,"column":24},"end":{"line":54,"column":44}},"loc":{"start":{"line":54,"column":24},"end":{"line":54,"column":46}}},"13":{"name":"(anonymous_22)","decl":{"start":{"line":54,"column":46},"end":{"line":54,"column":61}},"loc":{"start":{"line":54,"column":46},"end":{"line":54,"column":63}}},"14":{"name":"(anonymous_23)","decl":{"start":{"line":54,"column":63},"end":{"line":54,"column":80}},"loc":{"start":{"line":54,"column":63},"end":{"line":54,"column":100}}},"15":{"name":"checkRequest","decl":{"start":{"line":60,"column":22},"end":{"line":60,"column":34}},"loc":{"start":{"line":64,"column":53},"end":{"line":97,"column":1}}},"16":{"name":"(anonymous_25)","decl":{"start":{"line":74,"column":30},"end":{"line":74,"column":43}},"loc":{"start":{"line":74,"column":30},"end":{"line":74,"column":69}}},"17":{"name":"(anonymous_26)","decl":{"start":{"line":75,"column":28},"end":{"line":75,"column":41}},"loc":{"start":{"line":75,"column":28},"end":{"line":75,"column":53}}},"18":{"name":"recordActualUsage","decl":{"start":{"line":99,"column":22},"end":{"line":99,"column":39}},"loc":{"start":{"line":99,"column":89},"end":{"line":102,"column":1}}},"19":{"name":"(anonymous_28)","decl":{"start":{"line":100,"column":25},"end":{"line":100,"column":38}},"loc":{"start":{"line":100,"column":25},"end":{"line":100,"column":59}}},"20":{"name":"explainDecision","decl":{"start":{"line":104,"column":22},"end":{"line":104,"column":37}},"loc":{"start":{"line":104,"column":95},"end":{"line":107,"column":1}}},"21":{"name":"(anonymous_30)","decl":{"start":{"line":105,"column":30},"end":{"line":105,"column":43}},"loc":{"start":{"line":105,"column":30},"end":{"line":105,"column":69}}},"22":{"name":"getBudgetStatus","decl":{"start":{"line":109,"column":22},"end":{"line":109,"column":37}},"loc":{"start":{"line":110,"column":57},"end":{"line":114,"column":1}}},"23":{"name":"(anonymous_32)","decl":{"start":{"line":112,"column":27},"end":{"line":112,"column":40}},"loc":{"start":{"line":112,"column":27},"end":{"line":112,"column":63}}},"24":{"name":"getFirewallStats","decl":{"start":{"line":119,"column":22},"end":{"line":119,"column":38}},"loc":{"start":{"line":119,"column":57},"end":{"line":130,"column":1}}},"25":{"name":"(anonymous_34)","decl":{"start":{"line":128,"column":30},"end":{"line":128,"column":43}},"loc":{"start":{"line":128,"column":30},"end":{"line":128,"column":69}}}},"branchMap":{"0":{"loc":{"start":{"line":82,"column":19},"end":{"line":82,"column":37}},"type":"binary-expr","locations":[{"start":{"line":82,"column":19},"end":{"line":82,"column":32}},{"start":{"line":82,"column":36},"end":{"line":82,"column":37}}]},"1":{"loc":{"start":{"line":110,"column":2},"end":{"line":110,"column":57}},"type":"default-arg","locations":[{"start":{"line":110,"column":55},"end":{"line":110,"column":57}}]},"2":{"loc":{"start":{"line":119,"column":39},"end":{"line":119,"column":57}},"type":"default-arg","locations":[{"start":{"line":119,"column":55},"end":{"line":119,"column":57}}]}},"s":{"0":0,"1":0,"2":0,"3":0,"4":0,"5":0,"6":0,"7":0,"8":0,"9":0,"10":0,"11":0,"12":0,"13":0,"14":0,"15":0,"16":0,"17":0,"18":0,"19":0,"20":0,"21":0,"22":0,"23":0,"24":0,"25":0,"26":0,"27":0,"28":0,"29":0,"30":0,"31":0,"32":0,"33":0,"34":0,"35":0,"36":0,"37":0,"38":0,"39":0},"f":{"0":0,"1":0,"2":0,"3":0,"4":0,"5":0,"6":0,"7":0,"8":0,"9":0,"10":0,"11":0,"12":0,"13":0,"14":0,"15":0,"16":0,"17":0,"18":0,"19":0,"20":0,"21":0,"22":0,"23":0,"24":0,"25":0},"b":{"0":[0,0],"1":[0],"2":[0]}}
,"C:\\Users\\salim\\Desktop\\new project\\src\\wrapper\\index.ts": {"path":"C:\\Users\\salim\\Desktop\\new project\\src\\wrapper\\index.ts","statementMap":{"0":{"start":{"line":1,"column":0},"end":{"line":1,"column":22}},"1":{"start":{"line":2,"column":0},"end":{"line":2,"column":9}},"2":{"start":{"line":2,"column":9},"end":{"line":2,"column":44}}},"fnMap":{"0":{"name":"(anonymous_4)","decl":{"start":{"line":2,"column":9},"end":{"line":2,"column":28}},"loc":{"start":{"line":2,"column":9},"end":{"line":2,"column":44}}}},"branchMap":{},"s":{"0":0,"1":0,"2":0},"f":{"0":0},"b":{}}
,"C:\\Users\\salim\\Desktop\\new project\\src\\wrapper\\sdk.ts": {"path":"C:\\Users\\salim\\Desktop\\new project\\src\\wrapper\\sdk.ts","statementMap":{"0":{"start":{"line":11,"column":0},"end":{"line":11,"column":58}},"1":{"start":{"line":12,"column":0},"end":{"line":12,"column":53}},"2":{"start":{"line":13,"column":0},"end":{"line":13,"column":74}},"3":{"start":{"line":14,"column":0},"end":{"line":14,"column":58}},"4":{"start":{"line":15,"column":0},"end":{"line":15,"column":42}},"5":{"start":{"line":16,"column":0},"end":{"line":16,"column":45}},"6":{"start":{"line":17,"column":0},"end":{"line":17,"column":48}},"7":{"start":{"line":49,"column":4},"end":{"line":49,"column":31}},"8":{"start":{"line":50,"column":4},"end":{"line":50,"column":38}},"9":{"start":{"line":54,"column":64},"end":{"line":54,"column":71}},"10":{"start":{"line":56,"column":26},"end":{"line":56,"column":66}},"11":{"start":{"line":58,"column":24},"end":{"line":58,"column":112}},"12":{"start":{"line":60,"column":20},"end":{"line":60,"column":42}},"13":{"start":{"line":61,"column":4},"end":{"line":65,"column":5}},"14":{"start":{"line":62,"column":6},"end":{"line":62,"column":67}},"15":{"start":{"line":63,"column":19},"end":{"line":63,"column":34}},"16":{"start":{"line":64,"column":6},"end":{"line":64,"column":37}},"17":{"start":{"line":67,"column":26},"end":{"line":67,"column":64}},"18":{"start":{"line":70,"column":28},"end":{"line":77,"column":6}},"19":{"start":{"line":80,"column":4},"end":{"line":115,"column":5}},"20":{"start":{"line":81,"column":26},"end":{"line":81,"column":39}},"21":{"start":{"line":84,"column":8},"end":{"line":86,"column":36}},"22":{"start":{"line":87,"column":20},"end":{"line":93,"column":8}},"23":{"start":{"line":94,"column":6},"end":{"line":94,"column":36}},"24":{"start":{"line":94,"column":17},"end":{"line":94,"column":36}},"25":{"start":{"line":96,"column":6},"end":{"line":105,"column":8}},"26":{"start":{"line":106,"column":6},"end":{"line":114,"column":8}},"27":{"start":{"line":118,"column":4},"end":{"line":120,"column":5}},"28":{"start":{"line":119,"column":6},"end":{"line":119,"column":107}},"29":{"start":{"line":122,"column":4},"end":{"line":147,"column":5}},"30":{"start":{"line":123,"column":21},"end":{"line":123,"column":36}},"31":{"start":{"line":124,"column":6},"end":{"line":129,"column":9}},"32":{"start":{"line":131,"column":6},"end":{"line":139,"column":8}},"33":{"start":{"line":141,"column":6},"end":{"line":141,"column":47}},"34":{"start":{"line":142,"column":6},"end":{"line":146,"column":8}},"35":{"start":{"line":156,"column":4},"end":{"line":156,"column":66}},"36":{"start":{"line":165,"column":4},"end":{"line":165,"column":66}},"37":{"start":{"line":184,"column":23},"end":{"line":184,"column":72}},"38":{"start":{"line":185,"column":20},"end":{"line":185,"column":32}},"39":{"start":{"line":187,"column":28},"end":{"line":199,"column":6}},"40":{"start":{"line":201,"column":4},"end":{"line":201,"column":27}},"41":{"start":{"line":203,"column":4},"end":{"line":205,"column":5}},"42":{"start":{"line":204,"column":6},"end":{"line":204,"column":106}},"43":{"start":{"line":209,"column":4},"end":{"line":209,"column":39}},"44":{"start":{"line":215,"column":4},"end":{"line":215,"column":38}},"45":{"start":{"line":44,"column":0},"end":{"line":44,"column":13}}},"fnMap":{"0":{"name":"(anonymous_0)","decl":{"start":{"line":48,"column":2},"end":{"line":48,"column":null}},"loc":{"start":{"line":48,"column":2},"end":{"line":51,"column":3}}},"1":{"name":"(anonymous_1)","decl":{"start":{"line":53,"column":2},"end":{"line":53,"column":7}},"loc":{"start":{"line":53,"column":78},"end":{"line":148,"column":3}}},"2":{"name":"(anonymous_2)","decl":{"start":{"line":150,"column":2},"end":{"line":150,"column":7}},"loc":{"start":{"line":154,"column":27},"end":{"line":157,"column":3}}},"3":{"name":"(anonymous_3)","decl":{"start":{"line":159,"column":2},"end":{"line":159,"column":7}},"loc":{"start":{"line":163,"column":27},"end":{"line":166,"column":3}}},"4":{"name":"(anonymous_4)","decl":{"start":{"line":168,"column":10},"end":{"line":168,"column":20}},"loc":{"start":{"line":182,"column":5},"end":{"line":206,"column":3}}},"5":{"name":"(anonymous_5)","decl":{"start":{"line":208,"column":2},"end":{"line":208,"column":10}},"loc":{"start":{"line":208,"column":29},"end":{"line":210,"column":3}}},"6":{"name":"(anonymous_6)","decl":{"start":{"line":212,"column":2},"end":{"line":212,"column":14}},"loc":{"start":{"line":213,"column":117},"end":{"line":216,"column":3}}}},"branchMap":{"0":{"loc":{"start":{"line":56,"column":26},"end":{"line":56,"column":66}},"type":"binary-expr","locations":[{"start":{"line":56,"column":26},"end":{"line":56,"column":32}},{"start":{"line":56,"column":36},"end":{"line":56,"column":66}}]},"1":{"loc":{"start":{"line":56,"column":51},"end":{"line":56,"column":65}},"type":"binary-expr","locations":[{"start":{"line":56,"column":51},"end":{"line":56,"column":59}},{"start":{"line":56,"column":63},"end":{"line":56,"column":65}}]},"2":{"loc":{"start":{"line":58,"column":24},"end":{"line":58,"column":112}},"type":"cond-expr","locations":[{"start":{"line":58,"column":35},"end":{"line":58,"column":74}},{"start":{"line":58,"column":77},"end":{"line":58,"column":112}}]},"3":{"loc":{"start":{"line":58,"column":92},"end":{"line":58,"column":104}},"type":"binary-expr","locations":[{"start":{"line":58,"column":92},"end":{"line":58,"column":98}},{"start":{"line":58,"column":102},"end":{"line":58,"column":104}}]},"4":{"loc":{"start":{"line":61,"column":4},"end":{"line":65,"column":5}},"type":"if","locations":[{"start":{"line":61,"column":4},"end":{"line":65,"column":5}},{"start":{},"end":{}}]},"5":{"loc":{"start":{"line":80,"column":4},"end":{"line":115,"column":5}},"type":"if","locations":[{"start":{"line":80,"column":4},"end":{"line":115,"column":5}},{"start":{},"end":{}}]},"6":{"loc":{"start":{"line":80,"column":8},"end":{"line":80,"column":62}},"type":"binary-expr","locations":[{"start":{"line":80,"column":8},"end":{"line":80,"column":44}},{"start":{"line":80,"column":48},"end":{"line":80,"column":62}}]},"7":{"loc":{"start":{"line":84,"column":8},"end":{"line":86,"column":36}},"type":"cond-expr","locations":[{"start":{"line":85,"column":12},"end":{"line":85,"column":21}},{"start":{"line":86,"column":12},"end":{"line":86,"column":36}}]},"8":{"loc":{"start":{"line":84,"column":8},"end":{"line":84,"column":85}},"type":"binary-expr","locations":[{"start":{"line":84,"column":8},"end":{"line":84,"column":43}},{"start":{"line":84,"column":47},"end":{"line":84,"column":85}}]},"9":{"loc":{"start":{"line":88,"column":18},"end":{"line":88,"column":73}},"type":"cond-expr","locations":[{"start":{"line":88,"column":54},"end":{"line":88,"column":64}},{"start":{"line":88,"column":67},"end":{"line":88,"column":73}}]},"10":{"loc":{"start":{"line":94,"column":6},"end":{"line":94,"column":36}},"type":"if","locations":[{"start":{"line":94,"column":6},"end":{"line":94,"column":36}},{"start":{},"end":{}}]},"11":{"loc":{"start":{"line":118,"column":4},"end":{"line":120,"column":5}},"type":"if","locations":[{"start":{"line":118,"column":4},"end":{"line":120,"column":5}},{"start":{},"end":{}}]},"12":{"loc":{"start":{"line":145,"column":16},"end":{"line":145,"column":72}},"type":"cond-expr","locations":[{"start":{"line":145,"column":41},"end":{"line":145,"column":54}},{"start":{"line":145,"column":57},"end":{"line":145,"column":72}}]},"13":{"loc":{"start":{"line":203,"column":4},"end":{"line":205,"column":5}},"type":"if","locations":[{"start":{"line":203,"column":4},"end":{"line":205,"column":5}},{"start":{},"end":{}}]},"14":{"loc":{"start":{"line":208,"column":11},"end":{"line":208,"column":29}},"type":"default-arg","locations":[{"start":{"line":208,"column":27},"end":{"line":208,"column":29}}]}},"s":{"0":2,"1":2,"2":2,"3":2,"4":2,"5":2,"6":2,"7":3,"8":3,"9":26,"10":26,"11":26,"12":26,"13":26,"14":0,"15":0,"16":0,"17":26,"18":26,"19":26,"20":3,"21":3,"22":3,"23":3,"24":3,"25":3,"26":3,"27":23,"28":23,"29":23,"30":23,"31":23,"32":23,"33":0,"34":0,"35":0,"36":0,"37":26,"38":26,"39":26,"40":26,"41":26,"42":3,"43":0,"44":0,"45":2},"f":{"0":3,"1":26,"2":0,"3":0,"4":26,"5":0,"6":0},"b":{"0":[26,0],"1":[0,0],"2":[0,26],"3":[26,0],"4":[0,26],"5":[3,23],"6":[26,3],"7":[0,3],"8":[3,3],"9":[3,0],"10":[3,0],"11":[23,0],"12":[0,0],"13":[3,23],"14":[0]}}
}
