{"C:\\Users\\salim\\Desktop\\new project\\src\\index.ts": {"path":"C:\\Users\\salim\\Desktop\\new project\\src\\index.ts","statementMap":{"0":{"start":{"line":1,"column":0},"end":{"line":1,"column":25}},"1":{"start":{"line":2,"column":0},"end":{"line":2,"column":32}},"2":{"start":{"line":3,"column":0},"end":{"line":3,"column":34}},"3":{"start":{"line":4,"column":0},"end":{"line":4,"column":25}},"4":{"start":{"line":5,"column":0},"end":{"line":5,"column":24}},"5":{"start":{"line":6,"column":0},"end":{"line":6,"column":26}},"6":{"start":{"line":7,"column":0},"end":{"line":7,"column":9}},"7":{"start":{"line":7,"column":9},"end":{"line":7,"column":48}}},"fnMap":{"0":{"name":"(anonymous_4)","decl":{"start":{"line":7,"column":9},"end":{"line":7,"column":28}},"loc":{"start":{"line":7,"column":9},"end":{"line":7,"column":48}}}},"branchMap":{},"s":{"0":0,"1":0,"2":0,"3":0,"4":0,"5":0,"6":0,"7":0},"f":{"0":0},"b":{}}
,"C:\\Users\\salim\\Desktop\\new project\\src\\cli\\index.ts": {"path":"C:\\Users\\salim\\Desktop\\new project\\src\\cli\\index.ts","statementMap":{"0":{"start":{"line":13,"column":0},"end":{"line":13,"column":36}},"1":{"start":{"line":14,"column":0},"end":{"line":14,"column":26}},"2":{"start":{"line":15,"column":0},"end":{"line":15,"column":39}},"3":{"start":{"line":16,"column":0},"end":{"line":16,"column":42}},"4":{"start":{"line":17,"column":0},"end":{"line":17,"column":58}},"5":{"start":{"line":18,"column":0},"end":{"line":18,"column":58}},"6":{"start":{"line":19,"column":0},"end":{"line":19,"column":58}},"7":{"start":{"line":22,"column":16},"end":{"line":22,"column":29}},"8":{"start":{"line":24,"column":0},"end":{"line":27,"column":20}},"9":{"start":{"line":29,"column":0},"end":{"line":37,"column":5}},"10":{"start":{"line":34,"column":17},"end":{"line":34,"column":43}},"11":{"start":{"line":35,"column":19},"end":{"line":35,"column":40}},"12":{"start":{"line":36,"column":4},"end":{"line":36,"column":19}},"13":{"start":{"line":39,"column":0},"end":{"line":65,"column":5}},"14":{"start":{"line":44,"column":18},"end":{"line":44,"column":47}},"15":{"start":{"line":46,"column":18},"end":{"line":46,"column":49}},"16":{"start":{"line":48,"column":4},"end":{"line":48,"column":71}},"17":{"start":{"line":49,"column":4},"end":{"line":49,"column":53}},"18":{"start":{"line":51,"column":4},"end":{"line":51,"column":87}},"19":{"start":{"line":52,"column":4},"end":{"line":52,"column":90}},"20":{"start":{"line":53,"column":4},"end":{"line":53,"column":91}},"21":{"start":{"line":54,"column":4},"end":{"line":54,"column":92}},"22":{"start":{"line":55,"column":4},"end":{"line":55,"column":110}},"23":{"start":{"line":57,"column":4},"end":{"line":61,"column":5}},"24":{"start":{"line":58,"column":6},"end":{"line":58,"column":184}},"25":{"start":{"line":60,"column":6},"end":{"line":60,"column":104}},"26":{"start":{"line":63,"column":4},"end":{"line":63,"column":20}},"27":{"start":{"line":64,"column":4},"end":{"line":64,"column":20}},"28":{"start":{"line":67,"column":0},"end":{"line":118,"column":5}},"29":{"start":{"line":76,"column":19},"end":{"line":76,"column":38}},"30":{"start":{"line":77,"column":26},"end":{"line":77,"column":44}},"31":{"start":{"line":79,"column":4},"end":{"line":83,"column":5}},"32":{"start":{"line":80,"column":6},"end":{"line":80,"column":27}},"33":{"start":{"line":81,"column":6},"end":{"line":81,"column":82}},"34":{"start":{"line":82,"column":6},"end":{"line":82,"column":13}},"35":{"start":{"line":85,"column":4},"end":{"line":90,"column":5}},"36":{"start":{"line":87,"column":6},"end":{"line":87,"column":30}},"37":{"start":{"line":88,"column":6},"end":{"line":88,"column":60}},"38":{"start":{"line":89,"column":6},"end":{"line":89,"column":13}},"39":{"start":{"line":92,"column":4},"end":{"line":100,"column":5}},"40":{"start":{"line":93,"column":25},"end":{"line":93,"column":53}},"41":{"start":{"line":94,"column":6},"end":{"line":99,"column":7}},"42":{"start":{"line":95,"column":8},"end":{"line":95,"column":94}},"43":{"start":{"line":97,"column":8},"end":{"line":97,"column":83}},"44":{"start":{"line":98,"column":8},"end":{"line":98,"column":15}},"45":{"start":{"line":102,"column":4},"end":{"line":104,"column":5}},"46":{"start":{"line":103,"column":6},"end":{"line":103,"column":78}},"47":{"start":{"line":106,"column":4},"end":{"line":108,"column":5}},"48":{"start":{"line":107,"column":6},"end":{"line":107,"column":82}},"49":{"start":{"line":110,"column":4},"end":{"line":110,"column":73}},"50":{"start":{"line":111,"column":4},"end":{"line":111,"column":193}},"51":{"start":{"line":112,"column":4},"end":{"line":112,"column":105}},"52":{"start":{"line":113,"column":4},"end":{"line":113,"column":88}},"53":{"start":{"line":114,"column":4},"end":{"line":114,"column":100}},"54":{"start":{"line":115,"column":4},"end":{"line":115,"column":78}},"55":{"start":{"line":116,"column":4},"end":{"line":116,"column":20}},"56":{"start":{"line":117,"column":4},"end":{"line":117,"column":20}},"57":{"start":{"line":120,"column":0},"end":{"line":143,"column":5}},"58":{"start":{"line":126,"column":20},"end":{"line":126,"column":72}},"59":{"start":{"line":128,"column":4},"end":{"line":128,"column":63}},"60":{"start":{"line":130,"column":4},"end":{"line":139,"column":5}},"61":{"start":{"line":131,"column":6},"end":{"line":131,"column":92}},"62":{"start":{"line":133,"column":6},"end":{"line":138,"column":9}},"63":{"start":{"line":134,"column":21},"end":{"line":134,"column":61}},"64":{"start":{"line":135,"column":8},"end":{"line":135,"column":68}},"65":{"start":{"line":136,"column":8},"end":{"line":136,"column":99}},"66":{"start":{"line":137,"column":8},"end":{"line":137,"column":129}},"67":{"start":{"line":141,"column":4},"end":{"line":141,"column":20}},"68":{"start":{"line":142,"column":4},"end":{"line":142,"column":20}},"69":{"start":{"line":150,"column":0},"end":{"line":221,"column":5}},"70":{"start":{"line":156,"column":4},"end":{"line":156,"column":81}},"71":{"start":{"line":158,"column":18},"end":{"line":158,"column":42}},"72":{"start":{"line":159,"column":26},"end":{"line":159,"column":56}},"73":{"start":{"line":160,"column":20},"end":{"line":160,"column":84}},"74":{"start":{"line":163,"column":21},"end":{"line":163,"column":56}},"75":{"start":{"line":164,"column":33},"end":{"line":164,"column":65}},"76":{"start":{"line":165,"column":34},"end":{"line":165,"column":71}},"77":{"start":{"line":167,"column":20},"end":{"line":167,"column":42}},"78":{"start":{"line":168,"column":4},"end":{"line":172,"column":5}},"79":{"start":{"line":169,"column":6},"end":{"line":169,"column":58}},"80":{"start":{"line":170,"column":6},"end":{"line":170,"column":170}},"81":{"start":{"line":171,"column":6},"end":{"line":171,"column":22}},"82":{"start":{"line":174,"column":26},"end":{"line":174,"column":90}},"83":{"start":{"line":177,"column":19},"end":{"line":184,"column":6}},"84":{"start":{"line":187,"column":4},"end":{"line":187,"column":49}},"85":{"start":{"line":188,"column":4},"end":{"line":188,"column":64}},"86":{"start":{"line":189,"column":4},"end":{"line":189,"column":170}},"87":{"start":{"line":190,"column":4},"end":{"line":190,"column":105}},"88":{"start":{"line":191,"column":4},"end":{"line":191,"column":51}},"89":{"start":{"line":193,"column":4},"end":{"line":216,"column":5}},"90":{"start":{"line":194,"column":6},"end":{"line":201,"column":7}},"91":{"start":{"line":195,"column":8},"end":{"line":195,"column":76}},"92":{"start":{"line":196,"column":8},"end":{"line":196,"column":58}},"93":{"start":{"line":197,"column":8},"end":{"line":197,"column":81}},"94":{"start":{"line":199,"column":8},"end":{"line":199,"column":101}},"95":{"start":{"line":200,"column":8},"end":{"line":200,"column":68}},"96":{"start":{"line":203,"column":6},"end":{"line":203,"column":51}},"97":{"start":{"line":204,"column":6},"end":{"line":204,"column":88}},"98":{"start":{"line":206,"column":6},"end":{"line":210,"column":7}},"99":{"start":{"line":207,"column":8},"end":{"line":207,"column":90}},"100":{"start":{"line":209,"column":8},"end":{"line":209,"column":96}},"101":{"start":{"line":212,"column":6},"end":{"line":212,"column":61}},"102":{"start":{"line":213,"column":6},"end":{"line":213,"column":72}},"103":{"start":{"line":214,"column":6},"end":{"line":214,"column":57}},"104":{"start":{"line":215,"column":6},"end":{"line":215,"column":67}},"105":{"start":{"line":218,"column":4},"end":{"line":218,"column":49}},"106":{"start":{"line":219,"column":4},"end":{"line":219,"column":113}},"107":{"start":{"line":220,"column":4},"end":{"line":220,"column":20}},"108":{"start":{"line":223,"column":0},"end":{"line":223,"column":16}}},"fnMap":{"0":{"name":"(anonymous_1)","decl":{"start":{"line":33,"column":10},"end":{"line":33,"column":15}},"loc":{"start":{"line":33,"column":28},"end":{"line":37,"column":3}}},"1":{"name":"(anonymous_2)","decl":{"start":{"line":43,"column":10},"end":{"line":43,"column":11}},"loc":{"start":{"line":43,"column":22},"end":{"line":65,"column":3}}},"2":{"name":"(anonymous_3)","decl":{"start":{"line":75,"column":10},"end":{"line":75,"column":11}},"loc":{"start":{"line":75,"column":22},"end":{"line":118,"column":3}}},"3":{"name":"(anonymous_4)","decl":{"start":{"line":124,"column":10},"end":{"line":124,"column":11}},"loc":{"start":{"line":124,"column":22},"end":{"line":143,"column":3}}},"4":{"name":"(anonymous_5)","decl":{"start":{"line":133,"column":22},"end":{"line":133,"column":23}},"loc":{"start":{"line":133,"column":56},"end":{"line":138,"column":7}}},"5":{"name":"(anonymous_6)","decl":{"start":{"line":155,"column":10},"end":{"line":155,"column":15}},"loc":{"start":{"line":155,"column":36},"end":{"line":221,"column":3}}}},"branchMap":{"0":{"loc":{"start":{"line":44,"column":18},"end":{"line":44,"column":47}},"type":"binary-expr","locations":[{"start":{"line":44,"column":18},"end":{"line":44,"column":41}},{"start":{"line":44,"column":45},"end":{"line":44,"column":47}}]},"1":{"loc":{"start":{"line":57,"column":4},"end":{"line":61,"column":5}},"type":"if","locations":[{"start":{"line":57,"column":4},"end":{"line":61,"column":5}},{"start":{"line":59,"column":11},"end":{"line":61,"column":5}}]},"2":{"loc":{"start":{"line":79,"column":4},"end":{"line":83,"column":5}},"type":"if","locations":[{"start":{"line":79,"column":4},"end":{"line":83,"column":5}},{"start":{},"end":{}}]},"3":{"loc":{"start":{"line":85,"column":4},"end":{"line":90,"column":5}},"type":"if","locations":[{"start":{"line":85,"column":4},"end":{"line":90,"column":5}},{"start":{},"end":{}}]},"4":{"loc":{"start":{"line":92,"column":4},"end":{"line":100,"column":5}},"type":"if","locations":[{"start":{"line":92,"column":4},"end":{"line":100,"column":5}},{"start":{},"end":{}}]},"5":{"loc":{"start":{"line":94,"column":6},"end":{"line":99,"column":7}},"type":"if","locations":[{"start":{"line":94,"column":6},"end":{"line":99,"column":7}},{"start":{"line":96,"column":13},"end":{"line":99,"column":7}}]},"6":{"loc":{"start":{"line":102,"column":4},"end":{"line":104,"column":5}},"type":"if","locations":[{"start":{"line":102,"column":4},"end":{"line":104,"column":5}},{"start":{},"end":{}}]},"7":{"loc":{"start":{"line":106,"column":4},"end":{"line":108,"column":5}},"type":"if","locations":[{"start":{"line":106,"column":4},"end":{"line":108,"column":5}},{"start":{},"end":{}}]},"8":{"loc":{"start":{"line":111,"column":48},"end":{"line":111,"column":189}},"type":"cond-expr","locations":[{"start":{"line":111,"column":86},"end":{"line":111,"column":104}},{"start":{"line":111,"column":107},"end":{"line":111,"column":189}}]},"9":{"loc":{"start":{"line":111,"column":107},"end":{"line":111,"column":189}},"type":"cond-expr","locations":[{"start":{"line":111,"column":144},"end":{"line":111,"column":164}},{"start":{"line":111,"column":167},"end":{"line":111,"column":189}}]},"10":{"loc":{"start":{"line":114,"column":54},"end":{"line":114,"column":96}},"type":"cond-expr","locations":[{"start":{"line":114,"column":84},"end":{"line":114,"column":89}},{"start":{"line":114,"column":92},"end":{"line":114,"column":96}}]},"11":{"loc":{"start":{"line":130,"column":4},"end":{"line":139,"column":5}},"type":"if","locations":[{"start":{"line":130,"column":4},"end":{"line":139,"column":5}},{"start":{"line":132,"column":11},"end":{"line":139,"column":5}}]},"12":{"loc":{"start":{"line":137,"column":81},"end":{"line":137,"column":122}},"type":"binary-expr","locations":[{"start":{"line":137,"column":81},"end":{"line":137,"column":91}},{"start":{"line":137,"column":95},"end":{"line":137,"column":122}}]},"13":{"loc":{"start":{"line":158,"column":18},"end":{"line":158,"column":42}},"type":"binary-expr","locations":[{"start":{"line":158,"column":18},"end":{"line":158,"column":31}},{"start":{"line":158,"column":35},"end":{"line":158,"column":42}}]},"14":{"loc":{"start":{"line":159,"column":26},"end":{"line":159,"column":56}},"type":"binary-expr","locations":[{"start":{"line":159,"column":26},"end":{"line":159,"column":51}},{"start":{"line":159,"column":55},"end":{"line":159,"column":56}}]},"15":{"loc":{"start":{"line":160,"column":20},"end":{"line":160,"column":84}},"type":"cond-expr","locations":[{"start":{"line":160,"column":40},"end":{"line":160,"column":72}},{"start":{"line":160,"column":75},"end":{"line":160,"column":84}}]},"16":{"loc":{"start":{"line":168,"column":4},"end":{"line":172,"column":5}},"type":"if","locations":[{"start":{"line":168,"column":4},"end":{"line":172,"column":5}},{"start":{},"end":{}}]},"17":{"loc":{"start":{"line":193,"column":4},"end":{"line":216,"column":5}},"type":"if","locations":[{"start":{"line":193,"column":4},"end":{"line":216,"column":5}},{"start":{"line":211,"column":11},"end":{"line":216,"column":5}}]},"18":{"loc":{"start":{"line":194,"column":6},"end":{"line":201,"column":7}},"type":"if","locations":[{"start":{"line":194,"column":6},"end":{"line":201,"column":7}},{"start":{"line":198,"column":13},"end":{"line":201,"column":7}}]},"19":{"loc":{"start":{"line":206,"column":6},"end":{"line":210,"column":7}},"type":"if","locations":[{"start":{"line":206,"column":6},"end":{"line":210,"column":7}},{"start":{"line":208,"column":13},"end":{"line":210,"column":7}}]}},"s":{"0":0,"1":0,"2":0,"3":0,"4":0,"5":0,"6":0,"7":0,"8":0,"9":0,"10":0,"11":0,"12":0,"13":0,"14":0,"15":0,"16":0,"17":0,"18":0,"19":0,"20":0,"21":0,"22":0,"23":0,"24":0,"25":0,"26":0,"27":0,"28":0,"29":0,"30":0,"31":0,"32":0,"33":0,"34":0,"35":0,"36":0,"37":0,"38":0,"39":0,"40":0,"41":0,"42":0,"43":0,"44":0,"45":0,"46":0,"47":0,"48":0,"49":0,"50":0,"51":0,"52":0,"53":0,"54":0,"55":0,"56":0,"57":0,"58":0,"59":0,"60":0,"61":0,"62":0,"63":0,"64":0,"65":0,"66":0,"67":0,"68":0,"69":0,"70":0,"71":0,"72":0,"73":0,"74":0,"75":0,"76":0,"77":0,"78":0,"79":0,"80":0,"81":0,"82":0,"83":0,"84":0,"85":0,"86":0,"87":0,"88":0,"89":0,"90":0,"91":0,"92":0,"93":0,"94":0,"95":0,"96":0,"97":0,"98":0,"99":0,"100":0,"101":0,"102":0,"103":0,"104":0,"105":0,"106":0,"107":0,"108":0},"f":{"0":0,"1":0,"2":0,"3":0,"4":0,"5":0},"b":{"0":[0,0],"1":[0,0],"2":[0,0],"3":[0,0],"4":[0,0],"5":[0,0],"6":[0,0],"7":[0,0],"8":[0,0],"9":[0,0],"10":[0,0],"11":[0,0],"12":[0,0],"13":[0,0],"14":[0,0],"15":[0,0],"16":[0,0],"17":[0,0],"18":[0,0],"19":[0,0]}}
,"C:\\Users\\salim\\Desktop\\new project\\src\\cli\\storage.ts": {"path":"C:\\Users\\salim\\Desktop\\new project\\src\\cli\\storage.ts","statementMap":{"0":{"start":{"line":49,"column":0},"end":{"line":49,"column":16}},"1":{"start":{"line":75,"column":0},"end":{"line":75,"column":16}},"2":{"start":{"line":88,"column":0},"end":{"line":88,"column":16}},"3":{"start":{"line":98,"column":0},"end":{"line":98,"column":16}},"4":{"start":{"line":107,"column":0},"end":{"line":107,"column":16}},"5":{"start":{"line":130,"column":0},"end":{"line":130,"column":16}},"6":{"start":{"line":143,"column":0},"end":{"line":143,"column":16}},"7":{"start":{"line":7,"column":0},"end":{"line":7,"column":25}},"8":{"start":{"line":8,"column":0},"end":{"line":8,"column":29}},"9":{"start":{"line":9,"column":0},"end":{"line":9,"column":25}},"10":{"start":{"line":34,"column":17},"end":{"line":34,"column":49}},"11":{"start":{"line":35,"column":21},"end":{"line":35,"column":57}},"12":{"start":{"line":41,"column":2},"end":{"line":43,"column":3}},"13":{"start":{"line":42,"column":4},"end":{"line":42,"column":48}},"14":{"start":{"line":50,"column":2},"end":{"line":50,"column":18}},"15":{"start":{"line":52,"column":2},"end":{"line":54,"column":3}},"16":{"start":{"line":53,"column":4},"end":{"line":53,"column":14}},"17":{"start":{"line":56,"column":38},"end":{"line":56,"column":40}},"18":{"start":{"line":57,"column":16},"end":{"line":57,"column":66}},"19":{"start":{"line":59,"column":2},"end":{"line":67,"column":3}},"20":{"start":{"line":60,"column":4},"end":{"line":60,"column":31}},"21":{"start":{"line":60,"column":22},"end":{"line":60,"column":31}},"22":{"start":{"line":61,"column":4},"end":{"line":66,"column":5}},"23":{"start":{"line":62,"column":21},"end":{"line":62,"column":37}},"24":{"start":{"line":63,"column":6},"end":{"line":63,"column":27}},"25":{"start":{"line":69,"column":2},"end":{"line":69,"column":17}},"26":{"start":{"line":76,"column":14},"end":{"line":76,"column":24}},"27":{"start":{"line":77,"column":21},"end":{"line":77,"column":41}},"28":{"start":{"line":79,"column":2},"end":{"line":82,"column":4}},"29":{"start":{"line":80,"column":4},"end":{"line":81,"column":34}},"30":{"start":{"line":89,"column":14},"end":{"line":89,"column":24}},"31":{"start":{"line":90,"column":21},"end":{"line":90,"column":41}},"32":{"start":{"line":92,"column":2},"end":{"line":92,"column":64}},"33":{"start":{"line":92,"column":32},"end":{"line":92,"column":62}},"34":{"start":{"line":99,"column":2},"end":{"line":99,"column":18}},"35":{"start":{"line":100,"column":15},"end":{"line":100,"column":44}},"36":{"start":{"line":101,"column":2},"end":{"line":101,"column":40}},"37":{"start":{"line":114,"column":19},"end":{"line":114,"column":34}},"38":{"start":{"line":115,"column":14},"end":{"line":115,"column":24}},"39":{"start":{"line":116,"column":18},"end":{"line":116,"column":82}},"40":{"start":{"line":116,"column":51},"end":{"line":116,"column":81}},"41":{"start":{"line":118,"column":2},"end":{"line":124,"column":4}},"42":{"start":{"line":120,"column":41},"end":{"line":120,"column":53}},"43":{"start":{"line":121,"column":40},"end":{"line":121,"column":68}},"44":{"start":{"line":122,"column":42},"end":{"line":122,"column":63}},"45":{"start":{"line":123,"column":39},"end":{"line":123,"column":51}},"46":{"start":{"line":123,"column":72},"end":{"line":123,"column":93}},"47":{"start":{"line":131,"column":19},"end":{"line":131,"column":31}},"48":{"start":{"line":132,"column":14},"end":{"line":132,"column":24}},"49":{"start":{"line":134,"column":2},"end":{"line":137,"column":21}},"50":{"start":{"line":135,"column":17},"end":{"line":135,"column":63}},"51":{"start":{"line":136,"column":20},"end":{"line":136,"column":45}},"52":{"start":{"line":144,"column":2},"end":{"line":146,"column":3}},"53":{"start":{"line":145,"column":4},"end":{"line":145,"column":32}}},"fnMap":{"0":{"name":"ensureStorage","decl":{"start":{"line":40,"column":9},"end":{"line":40,"column":22}},"loc":{"start":{"line":40,"column":22},"end":{"line":44,"column":1}}},"1":{"name":"loadRequestHistory","decl":{"start":{"line":49,"column":16},"end":{"line":49,"column":34}},"loc":{"start":{"line":49,"column":34},"end":{"line":70,"column":1}}},"2":{"name":"getRecentRequestsByHash","decl":{"start":{"line":75,"column":16},"end":{"line":75,"column":39}},"loc":{"start":{"line":75,"column":78},"end":{"line":83,"column":1}}},"3":{"name":"(anonymous_12)","decl":{"start":{"line":79,"column":27},"end":{"line":79,"column":28}},"loc":{"start":{"line":80,"column":4},"end":{"line":81,"column":34}}},"4":{"name":"getRecentRequests","decl":{"start":{"line":88,"column":16},"end":{"line":88,"column":33}},"loc":{"start":{"line":88,"column":60},"end":{"line":93,"column":1}}},"5":{"name":"(anonymous_14)","decl":{"start":{"line":92,"column":27},"end":{"line":92,"column":28}},"loc":{"start":{"line":92,"column":32},"end":{"line":92,"column":62}}},"6":{"name":"appendRequest","decl":{"start":{"line":98,"column":16},"end":{"line":98,"column":29}},"loc":{"start":{"line":98,"column":54},"end":{"line":102,"column":1}}},"7":{"name":"getCLIStats","decl":{"start":{"line":107,"column":16},"end":{"line":107,"column":27}},"loc":{"start":{"line":107,"column":46},"end":{"line":125,"column":1}}},"8":{"name":"(anonymous_17)","decl":{"start":{"line":116,"column":46},"end":{"line":116,"column":47}},"loc":{"start":{"line":116,"column":51},"end":{"line":116,"column":81}}},"9":{"name":"(anonymous_18)","decl":{"start":{"line":120,"column":36},"end":{"line":120,"column":37}},"loc":{"start":{"line":120,"column":41},"end":{"line":120,"column":53}}},"10":{"name":"(anonymous_19)","decl":{"start":{"line":121,"column":35},"end":{"line":121,"column":36}},"loc":{"start":{"line":121,"column":40},"end":{"line":121,"column":68}}},"11":{"name":"(anonymous_20)","decl":{"start":{"line":122,"column":30},"end":{"line":122,"column":31}},"loc":{"start":{"line":122,"column":42},"end":{"line":122,"column":63}}},"12":{"name":"(anonymous_21)","decl":{"start":{"line":123,"column":34},"end":{"line":123,"column":35}},"loc":{"start":{"line":123,"column":39},"end":{"line":123,"column":51}}},"13":{"name":"(anonymous_22)","decl":{"start":{"line":123,"column":60},"end":{"line":123,"column":61}},"loc":{"start":{"line":123,"column":72},"end":{"line":123,"column":93}}},"14":{"name":"getBlockedRequests","decl":{"start":{"line":130,"column":16},"end":{"line":130,"column":34}},"loc":{"start":{"line":130,"column":53},"end":{"line":138,"column":1}}},"15":{"name":"(anonymous_24)","decl":{"start":{"line":135,"column":12},"end":{"line":135,"column":13}},"loc":{"start":{"line":135,"column":17},"end":{"line":135,"column":63}}},"16":{"name":"(anonymous_25)","decl":{"start":{"line":136,"column":10},"end":{"line":136,"column":11}},"loc":{"start":{"line":136,"column":20},"end":{"line":136,"column":45}}},"17":{"name":"clearHistory","decl":{"start":{"line":143,"column":16},"end":{"line":143,"column":28}},"loc":{"start":{"line":143,"column":28},"end":{"line":147,"column":1}}}},"branchMap":{"0":{"loc":{"start":{"line":41,"column":2},"end":{"line":43,"column":3}},"type":"if","locations":[{"start":{"line":41,"column":2},"end":{"line":43,"column":3}},{"start":{},"end":{}}]},"1":{"loc":{"start":{"line":52,"column":2},"end":{"line":54,"column":3}},"type":"if","locations":[{"start":{"line":52,"column":2},"end":{"line":54,"column":3}},{"start":{},"end":{}}]},"2":{"loc":{"start":{"line":60,"column":4},"end":{"line":60,"column":31}},"type":"if","locations":[{"start":{"line":60,"column":4},"end":{"line":60,"column":31}},{"start":{},"end":{}}]},"3":{"loc":{"start":{"line":75,"column":54},"end":{"line":75,"column":78}},"type":"default-arg","locations":[{"start":{"line":75,"column":73},"end":{"line":75,"column":78}}]},"4":{"loc":{"start":{"line":80,"column":4},"end":{"line":81,"column":34}},"type":"binary-expr","locations":[{"start":{"line":80,"column":4},"end":{"line":80,"column":25}},{"start":{"line":81,"column":4},"end":{"line":81,"column":34}}]},"5":{"loc":{"start":{"line":88,"column":34},"end":{"line":88,"column":60}},"type":"default-arg","locations":[{"start":{"line":88,"column":53},"end":{"line":88,"column":60}}]},"6":{"loc":{"start":{"line":107,"column":28},"end":{"line":107,"column":46}},"type":"default-arg","locations":[{"start":{"line":107,"column":44},"end":{"line":107,"column":46}}]},"7":{"loc":{"start":{"line":121,"column":40},"end":{"line":121,"column":68}},"type":"binary-expr","locations":[{"start":{"line":121,"column":40},"end":{"line":121,"column":51}},{"start":{"line":121,"column":55},"end":{"line":121,"column":68}}]},"8":{"loc":{"start":{"line":130,"column":35},"end":{"line":130,"column":53}},"type":"default-arg","locations":[{"start":{"line":130,"column":51},"end":{"line":130,"column":53}}]},"9":{"loc":{"start":{"line":135,"column":17},"end":{"line":135,"column":63}},"type":"binary-expr","locations":[{"start":{"line":135,"column":17},"end":{"line":135,"column":29}},{"start":{"line":135,"column":33},"end":{"line":135,"column":63}}]},"10":{"loc":{"start":{"line":144,"column":2},"end":{"line":146,"column":3}},"type":"if","locations":[{"start":{"line":144,"column":2},"end":{"line":146,"column":3}},{"start":{},"end":{}}]}},"s":{"0":0,"1":0,"2":0,"3":0,"4":0,"5":0,"6":0,"7":0,"8":0,"9":0,"10":0,"11":0,"12":0,"13":0,"14":0,"15":0,"16":0,"17":0,"18":0,"19":0,"20":0,"21":0,"22":0,"23":0,"24":0,"25":0,"26":0,"27":0,"28":0,"29":0,"30":0,"31":0,"32":0,"33":0,"34":0,"35":0,"36":0,"37":0,"38":0,"39":0,"40":0,"41":0,"42":0,"43":0,"44":0,"45":0,"46":0,"47":0,"48":0,"49":0,"50":0,"51":0,"52":0,"53":0},"f":{"0":0,"1":0,"2":0,"3":0,"4":0,"5":0,"6":0,"7":0,"8":0,"9":0,"10":0,"11":0,"12":0,"13":0,"14":0,"15":0,"16":0,"17":0},"b":{"0":[0,0],"1":[0,0],"2":[0,0],"3":[0],"4":[0,0],"5":[0],"6":[0],"7":[0,0],"8":[0],"9":[0,0],"10":[0,0]}}
,"C:\\Users\\salim\\Desktop\\new project\\src\\config\\constants.ts": {"path":"C:\\Users\\salim\\Desktop\\new project\\src\\config\\constants.ts","statementMap":{"0":{"start":{"line":8,"column":13},"end":{"line":48,"column":11}},"1":{"start":{"line":51,"column":13},"end":{"line":66,"column":11}},"2":{"start":{"line":69,"column":13},"end":{"line":78,"column":11}},"3":{"start":{"line":81,"column":13},"end":{"line":96,"column":11}},"4":{"start":{"line":99,"column":13},"end":{"line":108,"column":11}},"5":{"start":{"line":113,"column":13},"end":{"line":117,"column":11}},"6":{"start":{"line":120,"column":13},"end":{"line":129,"column":11}},"7":{"start":{"line":134,"column":13},"end":{"line":138,"column":11}},"8":{"start":{"line":143,"column":13},"end":{"line":149,"column":11}},"9":{"start":{"line":154,"column":13},"end":{"line":169,"column":11}},"10":{"start":{"line":172,"column":13},"end":{"line":184,"column":11}},"11":{"start":{"line":187,"column":13},"end":{"line":196,"column":11}}},"fnMap":{},"branchMap":{},"s":{"0":9,"1":9,"2":9,"3":9,"4":9,"5":9,"6":9,"7":9,"8":9,"9":9,"10":9,"11":9},"f":{},"b":{}}
,"C:\\Users\\salim\\Desktop\\new project\\src\\config\\index.ts": {"path":"C:\\Users\\salim\\Desktop\\new project\\src\\config\\index.ts","statementMap":{"0":{"start":{"line":1,"column":0},"end":{"line":1,"column":26}},"1":{"start":{"line":2,"column":0},"end":{"line":2,"column":29}},"2":{"start":{"line":3,"column":0},"end":{"line":3,"column":28}}},"fnMap":{},"branchMap":{},"s":{"0":6,"1":6,"2":6},"f":{},"b":{}}
,"C:\\Users\\salim\\Desktop\\new project\\src\\config\\pricing.ts": {"path":"C:\\Users\\salim\\Desktop\\new project\\src\\config\\pricing.ts","statementMap":{"0":{"start":{"line":37,"column":0},"end":{"line":37,"column":16}},"1":{"start":{"line":41,"column":0},"end":{"line":41,"column":16}},"2":{"start":{"line":11,"column":13},"end":{"line":35,"column":2}},"3":{"start":{"line":38,"column":2},"end":{"line":38,"column":39}},"4":{"start":{"line":46,"column":18},"end":{"line":46,"column":40}},"5":{"start":{"line":47,"column":2},"end":{"line":47,"column":25}},"6":{"start":{"line":47,"column":16},"end":{"line":47,"column":25}},"7":{"start":{"line":49,"column":20},"end":{"line":49,"column":61}},"8":{"start":{"line":50,"column":21},"end":{"line":50,"column":64}},"9":{"start":{"line":52,"column":2},"end":{"line":52,"column":32}}},"fnMap":{"0":{"name":"getModelPricing","decl":{"start":{"line":37,"column":16},"end":{"line":37,"column":31}},"loc":{"start":{"line":37,"column":45},"end":{"line":39,"column":1}}},"1":{"name":"estimateCost","decl":{"start":{"line":41,"column":16},"end":{"line":41,"column":28}},"loc":{"start":{"line":44,"column":22},"end":{"line":53,"column":1}}}},"branchMap":{"0":{"loc":{"start":{"line":38,"column":9},"end":{"line":38,"column":38}},"type":"binary-expr","locations":[{"start":{"line":38,"column":9},"end":{"line":38,"column":30}},{"start":{"line":38,"column":34},"end":{"line":38,"column":38}}]},"1":{"loc":{"start":{"line":47,"column":2},"end":{"line":47,"column":25}},"type":"if","locations":[{"start":{"line":47,"column":2},"end":{"line":47,"column":25}},{"start":{},"end":{}}]}},"s":{"0":6,"1":6,"2":6,"3":546,"4":273,"5":273,"6":0,"7":273,"8":273,"9":273},"f":{"0":546,"1":273},"b":{"0":[546,0],"1":[0,273]}}
,"C:\\Users\\salim\\Desktop\\new project\\src\\config\\userConfig.ts": {"path":"C:\\Users\\salim\\Desktop\\new project\\src\\config\\userConfig.ts","statementMap":{"0":{"start":{"line":1,"column":0},"end":{"line":1,"column":29}},"1":{"start":{"line":2,"column":0},"end":{"line":2,"column":25}},"2":{"start":{"line":3,"column":0},"end":{"line":3,"column":25}},"3":{"start":{"line":18,"column":35},"end":{"line":27,"column":2}},"4":{"start":{"line":34,"column":20},"end":{"line":34,"column":32}},"5":{"start":{"line":35,"column":22},"end":{"line":35,"column":66}},"6":{"start":{"line":37,"column":4},"end":{"line":39,"column":5}},"7":{"start":{"line":38,"column":6},"end":{"line":38,"column":51}},"8":{"start":{"line":41,"column":4},"end":{"line":41,"column":78}},"9":{"start":{"line":42,"column":4},"end":{"line":42,"column":36}},"10":{"start":{"line":46,"column":4},"end":{"line":49,"column":5}},"11":{"start":{"line":47,"column":6},"end":{"line":47,"column":38}},"12":{"start":{"line":48,"column":6},"end":{"line":48,"column":35}},"13":{"start":{"line":51,"column":4},"end":{"line":58,"column":5}},"14":{"start":{"line":52,"column":19},"end":{"line":52,"column":60}},"15":{"start":{"line":53,"column":21},"end":{"line":53,"column":37}},"16":{"start":{"line":54,"column":6},"end":{"line":54,"column":46}},"17":{"start":{"line":56,"column":6},"end":{"line":56,"column":60}},"18":{"start":{"line":57,"column":6},"end":{"line":57,"column":35}},"19":{"start":{"line":62,"column":4},"end":{"line":62,"column":71}},"20":{"start":{"line":66,"column":4},"end":{"line":66,"column":30}},"21":{"start":{"line":70,"column":4},"end":{"line":70,"column":49}},"22":{"start":{"line":71,"column":4},"end":{"line":71,"column":33}},"23":{"start":{"line":75,"column":4},"end":{"line":75,"column":40}},"24":{"start":{"line":76,"column":4},"end":{"line":76,"column":33}},"25":{"start":{"line":80,"column":4},"end":{"line":80,"column":33}},"26":{"start":{"line":84,"column":4},"end":{"line":84,"column":41}},"27":{"start":{"line":88,"column":4},"end":{"line":88,"column":39}},"28":{"start":{"line":92,"column":4},"end":{"line":92,"column":37}},"29":{"start":{"line":96,"column":4},"end":{"line":96,"column":33}},"30":{"start":{"line":100,"column":4},"end":{"line":100,"column":30}},"31":{"start":{"line":104,"column":4},"end":{"line":104,"column":42}},"32":{"start":{"line":29,"column":0},"end":{"line":29,"column":13}}},"fnMap":{"0":{"name":"(anonymous_9)","decl":{"start":{"line":33,"column":2},"end":{"line":33,"column":14}},"loc":{"start":{"line":33,"column":39},"end":{"line":43,"column":3}}},"1":{"name":"(anonymous_10)","decl":{"start":{"line":45,"column":10},"end":{"line":45,"column":20}},"loc":{"start":{"line":45,"column":20},"end":{"line":59,"column":3}}},"2":{"name":"(anonymous_11)","decl":{"start":{"line":61,"column":10},"end":{"line":61,"column":20}},"loc":{"start":{"line":61,"column":39},"end":{"line":63,"column":3}}},"3":{"name":"(anonymous_12)","decl":{"start":{"line":65,"column":2},"end":{"line":65,"column":11}},"loc":{"start":{"line":65,"column":11},"end":{"line":67,"column":3}}},"4":{"name":"(anonymous_13)","decl":{"start":{"line":69,"column":2},"end":{"line":69,"column":14}},"loc":{"start":{"line":69,"column":43},"end":{"line":72,"column":3}}},"5":{"name":"(anonymous_14)","decl":{"start":{"line":74,"column":2},"end":{"line":74,"column":13}},"loc":{"start":{"line":74,"column":13},"end":{"line":77,"column":3}}},"6":{"name":"(anonymous_15)","decl":{"start":{"line":79,"column":2},"end":{"line":79,"column":6}},"loc":{"start":{"line":79,"column":15},"end":{"line":81,"column":3}}},"7":{"name":"(anonymous_16)","decl":{"start":{"line":83,"column":2},"end":{"line":83,"column":6}},"loc":{"start":{"line":83,"column":23},"end":{"line":85,"column":3}}},"8":{"name":"(anonymous_17)","decl":{"start":{"line":87,"column":2},"end":{"line":87,"column":6}},"loc":{"start":{"line":87,"column":21},"end":{"line":89,"column":3}}},"9":{"name":"(anonymous_18)","decl":{"start":{"line":91,"column":2},"end":{"line":91,"column":6}},"loc":{"start":{"line":91,"column":19},"end":{"line":93,"column":3}}},"10":{"name":"(anonymous_19)","decl":{"start":{"line":95,"column":2},"end":{"line":95,"column":6}},"loc":{"start":{"line":95,"column":15},"end":{"line":97,"column":3}}},"11":{"name":"(anonymous_20)","decl":{"start":{"line":99,"column":2},"end":{"line":99,"column":6}},"loc":{"start":{"line":99,"column":12},"end":{"line":101,"column":3}}},"12":{"name":"(anonymous_21)","decl":{"start":{"line":103,"column":2},"end":{"line":103,"column":6}},"loc":{"start":{"line":103,"column":24},"end":{"line":105,"column":3}}}},"branchMap":{"0":{"loc":{"start":{"line":37,"column":4},"end":{"line":39,"column":5}},"type":"if","locations":[{"start":{"line":37,"column":4},"end":{"line":39,"column":5}},{"start":{},"end":{}}]},"1":{"loc":{"start":{"line":41,"column":22},"end":{"line":41,"column":77}},"type":"binary-expr","locations":[{"start":{"line":41,"column":22},"end":{"line":41,"column":38}},{"start":{"line":41,"column":42},"end":{"line":41,"column":77}}]},"2":{"loc":{"start":{"line":46,"column":4},"end":{"line":49,"column":5}},"type":"if","locations":[{"start":{"line":46,"column":4},"end":{"line":49,"column":5}},{"start":{},"end":{}}]}},"s":{"0":6,"1":6,"2":6,"3":6,"4":9,"5":9,"6":9,"7":0,"8":9,"9":9,"10":9,"11":0,"12":0,"13":9,"14":9,"15":9,"16":9,"17":0,"18":0,"19":0,"20":0,"21":0,"22":0,"23":0,"24":0,"25":285,"26":255,"27":6,"28":0,"29":0,"30":252,"31":1110,"32":6},"f":{"0":9,"1":9,"2":0,"3":0,"4":0,"5":0,"6":285,"7":255,"8":6,"9":0,"10":0,"11":252,"12":1110},"b":{"0":[0,9],"1":[9,9],"2":[0,9]}}
,"C:\\Users\\salim\\Desktop\\new project\\src\\core\\DetectionEngine.ts": {"path":"C:\\Users\\salim\\Desktop\\new project\\src\\core\\DetectionEngine.ts","statementMap":{"0":{"start":{"line":18,"column":0},"end":{"line":18,"column":36}},"1":{"start":{"line":19,"column":0},"end":{"line":19,"column":57}},"2":{"start":{"line":20,"column":0},"end":{"line":20,"column":102}},"3":{"start":{"line":55,"column":19},"end":{"line":55,"column":76}},"4":{"start":{"line":56,"column":19},"end":{"line":56,"column":68}},"5":{"start":{"line":57,"column":19},"end":{"line":57,"column":51}},"6":{"start":{"line":58,"column":19},"end":{"line":58,"column":61}},"7":{"start":{"line":59,"column":19},"end":{"line":59,"column":76}},"8":{"start":{"line":60,"column":19},"end":{"line":60,"column":80}},"9":{"start":{"line":61,"column":19},"end":{"line":61,"column":75}},"10":{"start":{"line":66,"column":4},"end":{"line":68,"column":5}},"11":{"start":{"line":67,"column":6},"end":{"line":67,"column":55}},"12":{"start":{"line":69,"column":4},"end":{"line":69,"column":36}},"13":{"start":{"line":77,"column":92},"end":{"line":77,"column":97}},"14":{"start":{"line":80,"column":4},"end":{"line":87,"column":5}},"15":{"start":{"line":81,"column":6},"end":{"line":86,"column":9}},"16":{"start":{"line":89,"column":4},"end":{"line":96,"column":5}},"17":{"start":{"line":90,"column":6},"end":{"line":95,"column":9}},"18":{"start":{"line":99,"column":4},"end":{"line":108,"column":5}},"19":{"start":{"line":100,"column":19},"end":{"line":100,"column":59}},"20":{"start":{"line":101,"column":6},"end":{"line":101,"column":76}},"21":{"start":{"line":102,"column":6},"end":{"line":107,"column":9}},"22":{"start":{"line":111,"column":23},"end":{"line":111,"column":63}},"23":{"start":{"line":114,"column":22},"end":{"line":114,"column":49}},"24":{"start":{"line":115,"column":4},"end":{"line":125,"column":5}},"25":{"start":{"line":116,"column":26},"end":{"line":116,"column":65}},"26":{"start":{"line":117,"column":6},"end":{"line":117,"column":89}},"27":{"start":{"line":118,"column":6},"end":{"line":124,"column":8}},"28":{"start":{"line":128,"column":27},"end":{"line":128,"column":59}},"29":{"start":{"line":129,"column":4},"end":{"line":140,"column":5}},"30":{"start":{"line":130,"column":26},"end":{"line":130,"column":70}},"31":{"start":{"line":131,"column":23},"end":{"line":131,"column":69}},"32":{"start":{"line":132,"column":6},"end":{"line":132,"column":99}},"33":{"start":{"line":133,"column":6},"end":{"line":139,"column":8}},"34":{"start":{"line":143,"column":22},"end":{"line":143,"column":57}},"35":{"start":{"line":144,"column":4},"end":{"line":155,"column":5}},"36":{"start":{"line":145,"column":26},"end":{"line":145,"column":41}},"37":{"start":{"line":146,"column":23},"end":{"line":146,"column":69}},"38":{"start":{"line":147,"column":6},"end":{"line":147,"column":90}},"39":{"start":{"line":148,"column":6},"end":{"line":154,"column":8}},"40":{"start":{"line":158,"column":4},"end":{"line":178,"column":5}},"41":{"start":{"line":159,"column":27},"end":{"line":159,"column":71}},"42":{"start":{"line":160,"column":6},"end":{"line":177,"column":7}},"43":{"start":{"line":161,"column":28},"end":{"line":161,"column":46}},"44":{"start":{"line":162,"column":25},"end":{"line":162,"column":71}},"45":{"start":{"line":163,"column":8},"end":{"line":163,"column":97}},"46":{"start":{"line":164,"column":8},"end":{"line":176,"column":10}},"47":{"start":{"line":181,"column":23},"end":{"line":181,"column":56}},"48":{"start":{"line":182,"column":4},"end":{"line":199,"column":5}},"49":{"start":{"line":183,"column":26},"end":{"line":183,"column":71}},"50":{"start":{"line":184,"column":23},"end":{"line":184,"column":69}},"51":{"start":{"line":185,"column":6},"end":{"line":185,"column":101}},"52":{"start":{"line":186,"column":6},"end":{"line":198,"column":8}},"53":{"start":{"line":202,"column":4},"end":{"line":202,"column":79}},"54":{"start":{"line":203,"column":4},"end":{"line":209,"column":6}},"55":{"start":{"line":216,"column":19},"end":{"line":216,"column":75}},"56":{"start":{"line":218,"column":4},"end":{"line":224,"column":5}},"57":{"start":{"line":219,"column":6},"end":{"line":223,"column":8}},"58":{"start":{"line":226,"column":4},"end":{"line":226,"column":63}},"59":{"start":{"line":233,"column":19},"end":{"line":233,"column":80}},"60":{"start":{"line":235,"column":4},"end":{"line":241,"column":5}},"61":{"start":{"line":236,"column":6},"end":{"line":240,"column":8}},"62":{"start":{"line":243,"column":4},"end":{"line":243,"column":56}},"63":{"start":{"line":250,"column":4},"end":{"line":260,"column":5}},"64":{"start":{"line":251,"column":24},"end":{"line":251,"column":26}},"65":{"start":{"line":252,"column":29},"end":{"line":252,"column":56}},"66":{"start":{"line":253,"column":20},"end":{"line":253,"column":61}},"67":{"start":{"line":255,"column":6},"end":{"line":259,"column":8}},"68":{"start":{"line":262,"column":4},"end":{"line":262,"column":52}},"69":{"start":{"line":272,"column":25},"end":{"line":272,"column":38}},"70":{"start":{"line":273,"column":26},"end":{"line":273,"column":40}},"71":{"start":{"line":274,"column":18},"end":{"line":274,"column":53}},"72":{"start":{"line":276,"column":4},"end":{"line":285,"column":5}},"73":{"start":{"line":277,"column":20},"end":{"line":277,"column":59}},"74":{"start":{"line":279,"column":6},"end":{"line":284,"column":8}},"75":{"start":{"line":287,"column":4},"end":{"line":287,"column":63}},"76":{"start":{"line":298,"column":26},"end":{"line":298,"column":72}},"77":{"start":{"line":300,"column":4},"end":{"line":313,"column":5}},"78":{"start":{"line":302,"column":6},"end":{"line":302,"column":45}},"79":{"start":{"line":302,"column":36},"end":{"line":302,"column":45}},"80":{"start":{"line":304,"column":25},"end":{"line":304,"column":78}},"81":{"start":{"line":306,"column":6},"end":{"line":312,"column":7}},"82":{"start":{"line":307,"column":8},"end":{"line":311,"column":10}},"83":{"start":{"line":315,"column":4},"end":{"line":315,"column":57}},"84":{"start":{"line":322,"column":4},"end":{"line":322,"column":66}},"85":{"start":{"line":322,"column":51},"end":{"line":322,"column":66}},"86":{"start":{"line":323,"column":4},"end":{"line":323,"column":48}},"87":{"start":{"line":323,"column":33},"end":{"line":323,"column":48}},"88":{"start":{"line":324,"column":4},"end":{"line":324,"column":44}},"89":{"start":{"line":324,"column":30},"end":{"line":324,"column":44}},"90":{"start":{"line":325,"column":4},"end":{"line":325,"column":46}},"91":{"start":{"line":325,"column":31},"end":{"line":325,"column":46}},"92":{"start":{"line":326,"column":4},"end":{"line":326,"column":19}},"93":{"start":{"line":339,"column":4},"end":{"line":345,"column":6}},"94":{"start":{"line":359,"column":34},"end":{"line":373,"column":6}},"95":{"start":{"line":375,"column":4},"end":{"line":375,"column":33}},"96":{"start":{"line":382,"column":4},"end":{"line":382,"column":38}},"97":{"start":{"line":389,"column":4},"end":{"line":389,"column":40}},"98":{"start":{"line":396,"column":4},"end":{"line":396,"column":23}},"99":{"start":{"line":403,"column":4},"end":{"line":403,"column":23}},"100":{"start":{"line":53,"column":0},"end":{"line":53,"column":13}},"101":{"start":{"line":408,"column":13},"end":{"line":408,"column":61}}},"fnMap":{"0":{"name":"(anonymous_0)","decl":{"start":{"line":63,"column":2},"end":{"line":63,"column":25}},"loc":{"start":{"line":63,"column":2},"end":{"line":63,"column":26}}},"1":{"name":"(anonymous_1)","decl":{"start":{"line":65,"column":2},"end":{"line":65,"column":8}},"loc":{"start":{"line":65,"column":20},"end":{"line":70,"column":3}}},"2":{"name":"(anonymous_2)","decl":{"start":{"line":76,"column":2},"end":{"line":76,"column":9}},"loc":{"start":{"line":76,"column":29},"end":{"line":210,"column":3}}},"3":{"name":"(anonymous_3)","decl":{"start":{"line":215,"column":10},"end":{"line":215,"column":20}},"loc":{"start":{"line":215,"column":39},"end":{"line":227,"column":3}}},"4":{"name":"(anonymous_4)","decl":{"start":{"line":232,"column":10},"end":{"line":232,"column":25}},"loc":{"start":{"line":232,"column":44},"end":{"line":244,"column":3}}},"5":{"name":"(anonymous_5)","decl":{"start":{"line":249,"column":10},"end":{"line":249,"column":25}},"loc":{"start":{"line":249,"column":47},"end":{"line":263,"column":3}}},"6":{"name":"(anonymous_6)","decl":{"start":{"line":268,"column":10},"end":{"line":268,"column":32}},"loc":{"start":{"line":270,"column":19},"end":{"line":288,"column":3}}},"7":{"name":"(anonymous_7)","decl":{"start":{"line":293,"column":10},"end":{"line":293,"column":30}},"loc":{"start":{"line":293,"column":45},"end":{"line":316,"column":3}}},"8":{"name":"(anonymous_8)","decl":{"start":{"line":321,"column":10},"end":{"line":321,"column":27}},"loc":{"start":{"line":321,"column":66},"end":{"line":327,"column":3}}},"9":{"name":"(anonymous_9)","decl":{"start":{"line":332,"column":10},"end":{"line":332,"column":22}},"loc":{"start":{"line":337,"column":41},"end":{"line":346,"column":3}}},"10":{"name":"(anonymous_10)","decl":{"start":{"line":351,"column":10},"end":{"line":351,"column":23}},"loc":{"start":{"line":357,"column":18},"end":{"line":376,"column":3}}},"11":{"name":"(anonymous_11)","decl":{"start":{"line":381,"column":2},"end":{"line":381,"column":10}},"loc":{"start":{"line":381,"column":29},"end":{"line":383,"column":3}}},"12":{"name":"(anonymous_12)","decl":{"start":{"line":388,"column":2},"end":{"line":388,"column":12}},"loc":{"start":{"line":388,"column":31},"end":{"line":390,"column":3}}},"13":{"name":"(anonymous_13)","decl":{"start":{"line":395,"column":2},"end":{"line":395,"column":7}},"loc":{"start":{"line":395,"column":7},"end":{"line":397,"column":3}}},"14":{"name":"(anonymous_14)","decl":{"start":{"line":402,"column":2},"end":{"line":402,"column":7}},"loc":{"start":{"line":402,"column":7},"end":{"line":404,"column":3}}}},"branchMap":{"0":{"loc":{"start":{"line":66,"column":4},"end":{"line":68,"column":5}},"type":"if","locations":[{"start":{"line":66,"column":4},"end":{"line":68,"column":5}},{"start":{},"end":{}}]},"1":{"loc":{"start":{"line":77,"column":51},"end":{"line":77,"column":69}},"type":"default-arg","locations":[{"start":{"line":77,"column":63},"end":{"line":77,"column":69}}]},"2":{"loc":{"start":{"line":77,"column":71},"end":{"line":77,"column":87}},"type":"default-arg","locations":[{"start":{"line":77,"column":82},"end":{"line":77,"column":87}}]},"3":{"loc":{"start":{"line":80,"column":4},"end":{"line":87,"column":5}},"type":"if","locations":[{"start":{"line":80,"column":4},"end":{"line":87,"column":5}},{"start":{},"end":{}}]},"4":{"loc":{"start":{"line":80,"column":8},"end":{"line":80,"column":69}},"type":"binary-expr","locations":[{"start":{"line":80,"column":8},"end":{"line":80,"column":15}},{"start":{"line":80,"column":19},"end":{"line":80,"column":45}},{"start":{"line":80,"column":49},"end":{"line":80,"column":69}}]},"5":{"loc":{"start":{"line":89,"column":4},"end":{"line":96,"column":5}},"type":"if","locations":[{"start":{"line":89,"column":4},"end":{"line":96,"column":5}},{"start":{},"end":{}}]},"6":{"loc":{"start":{"line":89,"column":8},"end":{"line":89,"column":62}},"type":"binary-expr","locations":[{"start":{"line":89,"column":8},"end":{"line":89,"column":41}},{"start":{"line":89,"column":45},"end":{"line":89,"column":62}}]},"7":{"loc":{"start":{"line":99,"column":4},"end":{"line":108,"column":5}},"type":"if","locations":[{"start":{"line":99,"column":4},"end":{"line":108,"column":5}},{"start":{},"end":{}}]},"8":{"loc":{"start":{"line":115,"column":4},"end":{"line":125,"column":5}},"type":"if","locations":[{"start":{"line":115,"column":4},"end":{"line":125,"column":5}},{"start":{},"end":{}}]},"9":{"loc":{"start":{"line":129,"column":4},"end":{"line":140,"column":5}},"type":"if","locations":[{"start":{"line":129,"column":4},"end":{"line":140,"column":5}},{"start":{},"end":{}}]},"10":{"loc":{"start":{"line":144,"column":4},"end":{"line":155,"column":5}},"type":"if","locations":[{"start":{"line":144,"column":4},"end":{"line":155,"column":5}},{"start":{},"end":{}}]},"11":{"loc":{"start":{"line":158,"column":4},"end":{"line":178,"column":5}},"type":"if","locations":[{"start":{"line":158,"column":4},"end":{"line":178,"column":5}},{"start":{},"end":{}}]},"12":{"loc":{"start":{"line":160,"column":6},"end":{"line":177,"column":7}},"type":"if","locations":[{"start":{"line":160,"column":6},"end":{"line":177,"column":7}},{"start":{},"end":{}}]},"13":{"loc":{"start":{"line":182,"column":4},"end":{"line":199,"column":5}},"type":"if","locations":[{"start":{"line":182,"column":4},"end":{"line":199,"column":5}},{"start":{},"end":{}}]},"14":{"loc":{"start":{"line":218,"column":4},"end":{"line":224,"column":5}},"type":"if","locations":[{"start":{"line":218,"column":4},"end":{"line":224,"column":5}},{"start":{},"end":{}}]},"15":{"loc":{"start":{"line":235,"column":4},"end":{"line":241,"column":5}},"type":"if","locations":[{"start":{"line":235,"column":4},"end":{"line":241,"column":5}},{"start":{},"end":{}}]},"16":{"loc":{"start":{"line":250,"column":4},"end":{"line":260,"column":5}},"type":"if","locations":[{"start":{"line":250,"column":4},"end":{"line":260,"column":5}},{"start":{},"end":{}}]},"17":{"loc":{"start":{"line":274,"column":35},"end":{"line":274,"column":52}},"type":"binary-expr","locations":[{"start":{"line":274,"column":35},"end":{"line":274,"column":47}},{"start":{"line":274,"column":51},"end":{"line":274,"column":52}}]},"18":{"loc":{"start":{"line":276,"column":4},"end":{"line":285,"column":5}},"type":"if","locations":[{"start":{"line":276,"column":4},"end":{"line":285,"column":5}},{"start":{},"end":{}}]},"19":{"loc":{"start":{"line":302,"column":6},"end":{"line":302,"column":45}},"type":"if","locations":[{"start":{"line":302,"column":6},"end":{"line":302,"column":45}},{"start":{},"end":{}}]},"20":{"loc":{"start":{"line":306,"column":6},"end":{"line":312,"column":7}},"type":"if","locations":[{"start":{"line":306,"column":6},"end":{"line":312,"column":7}},{"start":{},"end":{}}]},"21":{"loc":{"start":{"line":322,"column":4},"end":{"line":322,"column":66}},"type":"if","locations":[{"start":{"line":322,"column":4},"end":{"line":322,"column":66}},{"start":{},"end":{}}]},"22":{"loc":{"start":{"line":323,"column":4},"end":{"line":323,"column":48}},"type":"if","locations":[{"start":{"line":323,"column":4},"end":{"line":323,"column":48}},{"start":{},"end":{}}]},"23":{"loc":{"start":{"line":324,"column":4},"end":{"line":324,"column":44}},"type":"if","locations":[{"start":{"line":324,"column":4},"end":{"line":324,"column":44}},{"start":{},"end":{}}]},"24":{"loc":{"start":{"line":325,"column":4},"end":{"line":325,"column":46}},"type":"if","locations":[{"start":{"line":325,"column":4},"end":{"line":325,"column":46}},{"start":{},"end":{}}]},"25":{"loc":{"start":{"line":369,"column":18},"end":{"line":369,"column":50}},"type":"binary-expr","locations":[{"start":{"line":369,"column":18},"end":{"line":369,"column":29}},{"start":{"line":369,"column":33},"end":{"line":369,"column":50}}]},"26":{"loc":{"start":{"line":381,"column":11},"end":{"line":381,"column":29}},"type":"default-arg","locations":[{"start":{"line":381,"column":27},"end":{"line":381,"column":29}}]},"27":{"loc":{"start":{"line":388,"column":13},"end":{"line":388,"column":31}},"type":"default-arg","locations":[{"start":{"line":388,"column":29},"end":{"line":388,"column":31}}]}},"s":{"0":9,"1":9,"2":9,"3":9,"4":9,"5":9,"6":9,"7":9,"8":9,"9":9,"10":64,"11":9,"12":64,"13":374,"14":374,"15":2,"16":372,"17":1,"18":371,"19":1,"20":1,"21":1,"22":370,"23":370,"24":370,"25":67,"26":67,"27":67,"28":303,"29":303,"30":32,"31":32,"32":32,"33":32,"34":271,"35":271,"36":33,"37":33,"38":33,"39":33,"40":238,"41":5,"42":5,"43":3,"44":3,"45":3,"46":3,"47":235,"48":235,"49":188,"50":188,"51":188,"52":188,"53":47,"54":47,"55":370,"56":370,"57":67,"58":303,"59":303,"60":303,"61":32,"62":271,"63":271,"64":33,"65":33,"66":33,"67":33,"68":238,"69":5,"70":5,"71":5,"72":5,"73":3,"74":3,"75":2,"76":235,"77":235,"78":193,"79":0,"80":193,"81":193,"82":188,"83":47,"84":256,"85":3,"86":253,"87":1,"88":252,"89":251,"90":1,"91":1,"92":0,"93":374,"94":371,"95":371,"96":21,"97":2,"98":191,"99":1,"100":9,"101":9},"f":{"0":9,"1":64,"2":374,"3":370,"4":303,"5":271,"6":5,"7":235,"8":256,"9":374,"10":371,"11":21,"12":2,"13":191,"14":1},"b":{"0":[9,55],"1":[98],"2":[124],"3":[2,372],"4":[374,373,373],"5":[1,371],"6":[372,372],"7":[1,370],"8":[67,303],"9":[32,271],"10":[33,238],"11":[5,233],"12":[3,2],"13":[188,47],"14":[67,303],"15":[32,271],"16":[33,238],"17":[5,0],"18":[3,2],"19":[0,193],"20":[188,5],"21":[3,253],"22":[1,252],"23":[251,1],"24":[1,0],"25":[371,323],"26":[3],"27":[0]}}
,"C:\\Users\\salim\\Desktop\\new project\\src\\core\\StateStore.ts": {"path":"C:\\Users\\salim\\Desktop\\new project\\src\\core\\StateStore.ts","statementMap":{"0":{"start":{"line":9,"column":0},"end":{"line":9,"column":25}},"1":{"start":{"line":10,"column":0},"end":{"line":10,"column":29}},"2":{"start":{"line":11,"column":0},"end":{"line":11,"column":25}},"3":{"start":{"line":12,"column":0},"end":{"line":12,"column":36}},"4":{"start":{"line":38,"column":17},"end":{"line":38,"column":49}},"5":{"start":{"line":39,"column":21},"end":{"line":39,"column":57}},"6":{"start":{"line":47,"column":10},"end":{"line":47,"column":58}},"7":{"start":{"line":48,"column":10},"end":{"line":48,"column":30}},"8":{"start":{"line":51,"column":4},"end":{"line":51,"column":22}},"9":{"start":{"line":55,"column":4},"end":{"line":57,"column":5}},"10":{"start":{"line":56,"column":6},"end":{"line":56,"column":45}},"11":{"start":{"line":58,"column":4},"end":{"line":58,"column":31}},"12":{"start":{"line":65,"column":4},"end":{"line":65,"column":33}},"13":{"start":{"line":65,"column":26},"end":{"line":65,"column":33}},"14":{"start":{"line":68,"column":4},"end":{"line":70,"column":5}},"15":{"start":{"line":69,"column":6},"end":{"line":69,"column":50}},"16":{"start":{"line":73,"column":4},"end":{"line":73,"column":23}},"17":{"start":{"line":74,"column":4},"end":{"line":74,"column":28}},"18":{"start":{"line":81,"column":4},"end":{"line":83,"column":5}},"19":{"start":{"line":82,"column":6},"end":{"line":82,"column":13}},"20":{"start":{"line":85,"column":18},"end":{"line":85,"column":68}},"21":{"start":{"line":87,"column":4},"end":{"line":101,"column":5}},"22":{"start":{"line":88,"column":6},"end":{"line":88,"column":33}},"23":{"start":{"line":88,"column":24},"end":{"line":88,"column":33}},"24":{"start":{"line":89,"column":6},"end":{"line":100,"column":7}},"25":{"start":{"line":90,"column":38},"end":{"line":90,"column":54}},"26":{"start":{"line":92,"column":8},"end":{"line":97,"column":9}},"27":{"start":{"line":93,"column":10},"end":{"line":95,"column":11}},"28":{"start":{"line":94,"column":12},"end":{"line":94,"column":50}},"29":{"start":{"line":96,"column":10},"end":{"line":96,"column":58}},"30":{"start":{"line":108,"column":4},"end":{"line":108,"column":79}},"31":{"start":{"line":115,"column":16},"end":{"line":115,"column":26}},"32":{"start":{"line":116,"column":20},"end":{"line":116,"column":46}},"33":{"start":{"line":117,"column":4},"end":{"line":117,"column":63}},"34":{"start":{"line":117,"column":31},"end":{"line":117,"column":61}},"35":{"start":{"line":124,"column":16},"end":{"line":124,"column":26}},"36":{"start":{"line":125,"column":40},"end":{"line":125,"column":42}},"37":{"start":{"line":127,"column":4},"end":{"line":129,"column":5}},"38":{"start":{"line":128,"column":6},"end":{"line":128,"column":78}},"39":{"start":{"line":128,"column":45},"end":{"line":128,"column":75}},"40":{"start":{"line":131,"column":4},"end":{"line":131,"column":64}},"41":{"start":{"line":131,"column":37},"end":{"line":131,"column":62}},"42":{"start":{"line":139,"column":4},"end":{"line":141,"column":5}},"43":{"start":{"line":140,"column":6},"end":{"line":140,"column":44}},"44":{"start":{"line":142,"column":4},"end":{"line":142,"column":52}},"45":{"start":{"line":145,"column":17},"end":{"line":145,"column":46}},"46":{"start":{"line":146,"column":4},"end":{"line":146,"column":42}},"47":{"start":{"line":153,"column":21},"end":{"line":153,"column":36}},"48":{"start":{"line":154,"column":16},"end":{"line":154,"column":26}},"49":{"start":{"line":155,"column":20},"end":{"line":155,"column":47}},"50":{"start":{"line":157,"column":4},"end":{"line":163,"column":6}},"51":{"start":{"line":159,"column":43},"end":{"line":159,"column":55}},"52":{"start":{"line":160,"column":42},"end":{"line":160,"column":70}},"53":{"start":{"line":161,"column":44},"end":{"line":161,"column":65}},"54":{"start":{"line":162,"column":41},"end":{"line":162,"column":53}},"55":{"start":{"line":162,"column":74},"end":{"line":162,"column":95}},"56":{"start":{"line":170,"column":4},"end":{"line":172,"column":23}},"57":{"start":{"line":171,"column":19},"end":{"line":171,"column":31}},"58":{"start":{"line":179,"column":4},"end":{"line":179,"column":33}},"59":{"start":{"line":179,"column":24},"end":{"line":179,"column":33}},"60":{"start":{"line":180,"column":4},"end":{"line":180,"column":32}},"61":{"start":{"line":180,"column":23},"end":{"line":180,"column":32}},"62":{"start":{"line":182,"column":17},"end":{"line":182,"column":43}},"63":{"start":{"line":183,"column":17},"end":{"line":183,"column":43}},"64":{"start":{"line":184,"column":15},"end":{"line":184,"column":38}},"65":{"start":{"line":185,"column":15},"end":{"line":185,"column":38}},"66":{"start":{"line":187,"column":31},"end":{"line":187,"column":33}},"67":{"start":{"line":188,"column":4},"end":{"line":190,"column":5}},"68":{"start":{"line":188,"column":17},"end":{"line":188,"column":18}},"69":{"start":{"line":189,"column":6},"end":{"line":189,"column":22}},"70":{"start":{"line":191,"column":4},"end":{"line":193,"column":5}},"71":{"start":{"line":191,"column":17},"end":{"line":191,"column":18}},"72":{"start":{"line":192,"column":6},"end":{"line":192,"column":23}},"73":{"start":{"line":195,"column":4},"end":{"line":204,"column":5}},"74":{"start":{"line":195,"column":17},"end":{"line":195,"column":18}},"75":{"start":{"line":196,"column":6},"end":{"line":203,"column":7}},"76":{"start":{"line":196,"column":19},"end":{"line":196,"column":20}},"77":{"start":{"line":197,"column":21},"end":{"line":197,"column":52}},"78":{"start":{"line":198,"column":8},"end":{"line":202,"column":10}},"79":{"start":{"line":206,"column":21},"end":{"line":206,"column":39}},"80":{"start":{"line":207,"column":22},"end":{"line":207,"column":42}},"81":{"start":{"line":208,"column":4},"end":{"line":208,"column":36}},"82":{"start":{"line":215,"column":4},"end":{"line":215,"column":23}},"83":{"start":{"line":216,"column":4},"end":{"line":218,"column":5}},"84":{"start":{"line":217,"column":6},"end":{"line":217,"column":34}},"85":{"start":{"line":225,"column":4},"end":{"line":225,"column":23}},"86":{"start":{"line":226,"column":4},"end":{"line":226,"column":29}},"87":{"start":{"line":227,"column":4},"end":{"line":227,"column":22}},"88":{"start":{"line":45,"column":0},"end":{"line":45,"column":13}},"89":{"start":{"line":232,"column":13},"end":{"line":232,"column":51}}},"fnMap":{"0":{"name":"(anonymous_9)","decl":{"start":{"line":50,"column":2},"end":{"line":50,"column":null}},"loc":{"start":{"line":50,"column":2},"end":{"line":52,"column":3}}},"1":{"name":"(anonymous_10)","decl":{"start":{"line":54,"column":2},"end":{"line":54,"column":8}},"loc":{"start":{"line":54,"column":20},"end":{"line":59,"column":3}}},"2":{"name":"(anonymous_11)","decl":{"start":{"line":64,"column":10},"end":{"line":64,"column":20}},"loc":{"start":{"line":64,"column":20},"end":{"line":75,"column":3}}},"3":{"name":"(anonymous_12)","decl":{"start":{"line":80,"column":10},"end":{"line":80,"column":21}},"loc":{"start":{"line":80,"column":21},"end":{"line":102,"column":3}}},"4":{"name":"(anonymous_13)","decl":{"start":{"line":107,"column":2},"end":{"line":107,"column":14}},"loc":{"start":{"line":107,"column":47},"end":{"line":109,"column":3}}},"5":{"name":"(anonymous_14)","decl":{"start":{"line":114,"column":2},"end":{"line":114,"column":17}},"loc":{"start":{"line":114,"column":56},"end":{"line":118,"column":3}}},"6":{"name":"(anonymous_15)","decl":{"start":{"line":117,"column":26},"end":{"line":117,"column":27}},"loc":{"start":{"line":117,"column":31},"end":{"line":117,"column":61}}},"7":{"name":"(anonymous_16)","decl":{"start":{"line":123,"column":2},"end":{"line":123,"column":14}},"loc":{"start":{"line":123,"column":41},"end":{"line":132,"column":3}}},"8":{"name":"(anonymous_17)","decl":{"start":{"line":128,"column":40},"end":{"line":128,"column":41}},"loc":{"start":{"line":128,"column":45},"end":{"line":128,"column":75}}},"9":{"name":"(anonymous_18)","decl":{"start":{"line":131,"column":27},"end":{"line":131,"column":28}},"loc":{"start":{"line":131,"column":37},"end":{"line":131,"column":62}}},"10":{"name":"(anonymous_19)","decl":{"start":{"line":137,"column":2},"end":{"line":137,"column":11}},"loc":{"start":{"line":137,"column":33},"end":{"line":147,"column":3}}},"11":{"name":"(anonymous_20)","decl":{"start":{"line":152,"column":2},"end":{"line":152,"column":10}},"loc":{"start":{"line":152,"column":29},"end":{"line":164,"column":3}}},"12":{"name":"(anonymous_21)","decl":{"start":{"line":159,"column":38},"end":{"line":159,"column":39}},"loc":{"start":{"line":159,"column":43},"end":{"line":159,"column":55}}},"13":{"name":"(anonymous_22)","decl":{"start":{"line":160,"column":37},"end":{"line":160,"column":38}},"loc":{"start":{"line":160,"column":42},"end":{"line":160,"column":70}}},"14":{"name":"(anonymous_23)","decl":{"start":{"line":161,"column":32},"end":{"line":161,"column":33}},"loc":{"start":{"line":161,"column":44},"end":{"line":161,"column":65}}},"15":{"name":"(anonymous_24)","decl":{"start":{"line":162,"column":36},"end":{"line":162,"column":37}},"loc":{"start":{"line":162,"column":41},"end":{"line":162,"column":53}}},"16":{"name":"(anonymous_25)","decl":{"start":{"line":162,"column":62},"end":{"line":162,"column":63}},"loc":{"start":{"line":162,"column":74},"end":{"line":162,"column":95}}},"17":{"name":"(anonymous_26)","decl":{"start":{"line":169,"column":2},"end":{"line":169,"column":12}},"loc":{"start":{"line":169,"column":31},"end":{"line":173,"column":3}}},"18":{"name":"(anonymous_27)","decl":{"start":{"line":171,"column":14},"end":{"line":171,"column":15}},"loc":{"start":{"line":171,"column":19},"end":{"line":171,"column":31}}},"19":{"name":"(anonymous_28)","decl":{"start":{"line":178,"column":2},"end":{"line":178,"column":21}},"loc":{"start":{"line":178,"column":48},"end":{"line":209,"column":3}}},"20":{"name":"(anonymous_29)","decl":{"start":{"line":214,"column":2},"end":{"line":214,"column":7}},"loc":{"start":{"line":214,"column":7},"end":{"line":219,"column":3}}},"21":{"name":"(anonymous_30)","decl":{"start":{"line":224,"column":2},"end":{"line":224,"column":7}},"loc":{"start":{"line":224,"column":7},"end":{"line":228,"column":3}}}},"branchMap":{"0":{"loc":{"start":{"line":55,"column":4},"end":{"line":57,"column":5}},"type":"if","locations":[{"start":{"line":55,"column":4},"end":{"line":57,"column":5}},{"start":{},"end":{}}]},"1":{"loc":{"start":{"line":65,"column":4},"end":{"line":65,"column":33}},"type":"if","locations":[{"start":{"line":65,"column":4},"end":{"line":65,"column":33}},{"start":{},"end":{}}]},"2":{"loc":{"start":{"line":68,"column":4},"end":{"line":70,"column":5}},"type":"if","locations":[{"start":{"line":68,"column":4},"end":{"line":70,"column":5}},{"start":{},"end":{}}]},"3":{"loc":{"start":{"line":81,"column":4},"end":{"line":83,"column":5}},"type":"if","locations":[{"start":{"line":81,"column":4},"end":{"line":83,"column":5}},{"start":{},"end":{}}]},"4":{"loc":{"start":{"line":88,"column":6},"end":{"line":88,"column":33}},"type":"if","locations":[{"start":{"line":88,"column":6},"end":{"line":88,"column":33}},{"start":{},"end":{}}]},"5":{"loc":{"start":{"line":92,"column":8},"end":{"line":97,"column":9}},"type":"if","locations":[{"start":{"line":92,"column":8},"end":{"line":97,"column":9}},{"start":{},"end":{}}]},"6":{"loc":{"start":{"line":93,"column":10},"end":{"line":95,"column":11}},"type":"if","locations":[{"start":{"line":93,"column":10},"end":{"line":95,"column":11}},{"start":{},"end":{}}]},"7":{"loc":{"start":{"line":108,"column":49},"end":{"line":108,"column":62}},"type":"binary-expr","locations":[{"start":{"line":108,"column":49},"end":{"line":108,"column":56}},{"start":{"line":108,"column":60},"end":{"line":108,"column":62}}]},"8":{"loc":{"start":{"line":114,"column":32},"end":{"line":114,"column":56}},"type":"default-arg","locations":[{"start":{"line":114,"column":51},"end":{"line":114,"column":56}}]},"9":{"loc":{"start":{"line":116,"column":20},"end":{"line":116,"column":46}},"type":"binary-expr","locations":[{"start":{"line":116,"column":20},"end":{"line":116,"column":40}},{"start":{"line":116,"column":44},"end":{"line":116,"column":46}}]},"10":{"loc":{"start":{"line":123,"column":15},"end":{"line":123,"column":41}},"type":"default-arg","locations":[{"start":{"line":123,"column":34},"end":{"line":123,"column":41}}]},"11":{"loc":{"start":{"line":139,"column":4},"end":{"line":141,"column":5}},"type":"if","locations":[{"start":{"line":139,"column":4},"end":{"line":141,"column":5}},{"start":{},"end":{}}]},"12":{"loc":{"start":{"line":152,"column":11},"end":{"line":152,"column":29}},"type":"default-arg","locations":[{"start":{"line":152,"column":27},"end":{"line":152,"column":29}}]},"13":{"loc":{"start":{"line":160,"column":42},"end":{"line":160,"column":70}},"type":"binary-expr","locations":[{"start":{"line":160,"column":42},"end":{"line":160,"column":53}},{"start":{"line":160,"column":57},"end":{"line":160,"column":70}}]},"14":{"loc":{"start":{"line":169,"column":13},"end":{"line":169,"column":31}},"type":"default-arg","locations":[{"start":{"line":169,"column":29},"end":{"line":169,"column":31}}]},"15":{"loc":{"start":{"line":179,"column":4},"end":{"line":179,"column":33}},"type":"if","locations":[{"start":{"line":179,"column":4},"end":{"line":179,"column":33}},{"start":{},"end":{}}]},"16":{"loc":{"start":{"line":179,"column":8},"end":{"line":179,"column":22}},"type":"binary-expr","locations":[{"start":{"line":179,"column":8},"end":{"line":179,"column":13}},{"start":{"line":179,"column":17},"end":{"line":179,"column":22}}]},"17":{"loc":{"start":{"line":180,"column":4},"end":{"line":180,"column":32}},"type":"if","locations":[{"start":{"line":180,"column":4},"end":{"line":180,"column":32}},{"start":{},"end":{}}]},"18":{"loc":{"start":{"line":197,"column":21},"end":{"line":197,"column":52}},"type":"cond-expr","locations":[{"start":{"line":197,"column":47},"end":{"line":197,"column":48}},{"start":{"line":197,"column":51},"end":{"line":197,"column":52}}]},"19":{"loc":{"start":{"line":216,"column":4},"end":{"line":218,"column":5}},"type":"if","locations":[{"start":{"line":216,"column":4},"end":{"line":218,"column":5}},{"start":{},"end":{}}]}},"s":{"0":9,"1":9,"2":9,"3":9,"4":9,"5":9,"6":9,"7":9,"8":9,"9":9,"10":9,"11":9,"12":10,"13":0,"14":10,"15":0,"16":10,"17":10,"18":10,"19":9,"20":1,"21":1,"22":2,"23":1,"24":1,"25":1,"26":1,"27":1,"28":1,"29":1,"30":384,"31":673,"32":673,"33":673,"34":1418,"35":264,"36":264,"37":264,"38":4081,"39":4134,"40":264,"41":3928,"42":376,"43":273,"44":376,"45":376,"46":376,"47":23,"48":23,"49":23,"50":23,"51":78,"52":78,"53":78,"54":78,"55":60,"56":2,"57":2,"58":193,"59":0,"60":193,"61":0,"62":193,"63":193,"64":193,"65":193,"66":193,"67":193,"68":193,"69":7125,"70":193,"71":193,"72":7103,"73":193,"74":193,"75":6932,"76":6932,"77":257416,"78":257416,"79":193,"80":193,"81":193,"82":191,"83":191,"84":73,"85":1,"86":1,"87":1,"88":9,"89":9},"f":{"0":9,"1":9,"2":10,"3":10,"4":384,"5":673,"6":1418,"7":264,"8":4134,"9":3928,"10":376,"11":23,"12":78,"13":78,"14":78,"15":78,"16":60,"17":2,"18":2,"19":193,"20":191,"21":1},"b":{"0":[9,0],"1":[0,10],"2":[0,10],"3":[9,1],"4":[1,1],"5":[1,0],"6":[1,0],"7":[384,379],"8":[0],"9":[673,540],"10":[0],"11":[273,103],"12":[0],"13":[78,71],"14":[0],"15":[0,193],"16":[193,193],"17":[0,193],"18":[22195,235221],"19":[73,118]}}
,"C:\\Users\\salim\\Desktop\\new project\\src\\logger\\database.ts": {"path":"C:\\Users\\salim\\Desktop\\new project\\src\\logger\\database.ts","statementMap":{"0":{"start":{"line":1,"column":0},"end":{"line":1,"column":29}},"1":{"start":{"line":2,"column":0},"end":{"line":2,"column":25}},"2":{"start":{"line":3,"column":0},"end":{"line":3,"column":25}},"3":{"start":{"line":38,"column":20},"end":{"line":38,"column":32}},"4":{"start":{"line":39,"column":4},"end":{"line":39,"column":63}},"5":{"start":{"line":41,"column":4},"end":{"line":43,"column":5}},"6":{"start":{"line":42,"column":6},"end":{"line":42,"column":53}},"7":{"start":{"line":45,"column":4},"end":{"line":45,"column":77}},"8":{"start":{"line":49,"column":4},"end":{"line":49,"column":26}},"9":{"start":{"line":50,"column":4},"end":{"line":52,"column":5}},"10":{"start":{"line":51,"column":6},"end":{"line":51,"column":45}},"11":{"start":{"line":53,"column":20},"end":{"line":53,"column":48}},"12":{"start":{"line":55,"column":4},"end":{"line":59,"column":5}},"13":{"start":{"line":56,"column":6},"end":{"line":56,"column":60}},"14":{"start":{"line":58,"column":6},"end":{"line":58,"column":52}},"15":{"start":{"line":63,"column":4},"end":{"line":63,"column":80}},"16":{"start":{"line":67,"column":18},"end":{"line":67,"column":55}},"17":{"start":{"line":68,"column":23},"end":{"line":68,"column":75}},"18":{"start":{"line":68,"column":53},"end":{"line":68,"column":74}},"19":{"start":{"line":70,"column":26},"end":{"line":70,"column":43}},"20":{"start":{"line":71,"column":28},"end":{"line":71,"column":75}},"21":{"start":{"line":71,"column":53},"end":{"line":71,"column":67}},"22":{"start":{"line":72,"column":22},"end":{"line":74,"column":55}},"23":{"start":{"line":73,"column":21},"end":{"line":73,"column":36}},"24":{"start":{"line":74,"column":28},"end":{"line":74,"column":51}},"25":{"start":{"line":75,"column":26},"end":{"line":77,"column":55}},"26":{"start":{"line":76,"column":21},"end":{"line":76,"column":35}},"27":{"start":{"line":77,"column":28},"end":{"line":77,"column":51}},"28":{"start":{"line":78,"column":24},"end":{"line":80,"column":null}},"29":{"start":{"line":79,"column":20},"end":{"line":79,"column":60}},"30":{"start":{"line":83,"column":4},"end":{"line":89,"column":6}},"31":{"start":{"line":93,"column":17},"end":{"line":93,"column":32}},"32":{"start":{"line":94,"column":4},"end":{"line":94,"column":40}},"33":{"start":{"line":98,"column":17},"end":{"line":98,"column":32}},"34":{"start":{"line":99,"column":4},"end":{"line":102,"column":17}},"35":{"start":{"line":100,"column":21},"end":{"line":100,"column":35}},"36":{"start":{"line":106,"column":4},"end":{"line":120,"column":5}},"37":{"start":{"line":107,"column":6},"end":{"line":109,"column":7}},"38":{"start":{"line":108,"column":8},"end":{"line":108,"column":18}},"39":{"start":{"line":111,"column":19},"end":{"line":111,"column":61}},"40":{"start":{"line":112,"column":20},"end":{"line":112,"column":43}},"41":{"start":{"line":114,"column":6},"end":{"line":116,"column":39}},"42":{"start":{"line":115,"column":24},"end":{"line":115,"column":35}},"43":{"start":{"line":116,"column":21},"end":{"line":116,"column":37}},"44":{"start":{"line":118,"column":6},"end":{"line":118,"column":51}},"45":{"start":{"line":119,"column":6},"end":{"line":119,"column":16}},"46":{"start":{"line":124,"column":19},"end":{"line":124,"column":60}},"47":{"start":{"line":125,"column":17},"end":{"line":125,"column":70}},"48":{"start":{"line":125,"column":47},"end":{"line":125,"column":69}},"49":{"start":{"line":127,"column":4},"end":{"line":131,"column":5}},"50":{"start":{"line":128,"column":6},"end":{"line":128,"column":106}},"51":{"start":{"line":128,"column":57},"end":{"line":128,"column":76}},"52":{"start":{"line":130,"column":6},"end":{"line":130,"column":56}},"53":{"start":{"line":33,"column":0},"end":{"line":33,"column":13}}},"fnMap":{"0":{"name":"(anonymous_9)","decl":{"start":{"line":37,"column":2},"end":{"line":37,"column":14}},"loc":{"start":{"line":37,"column":36},"end":{"line":46,"column":3}}},"1":{"name":"(anonymous_10)","decl":{"start":{"line":48,"column":2},"end":{"line":48,"column":5}},"loc":{"start":{"line":48,"column":21},"end":{"line":60,"column":3}}},"2":{"name":"(anonymous_11)","decl":{"start":{"line":62,"column":10},"end":{"line":62,"column":25}},"loc":{"start":{"line":62,"column":25},"end":{"line":64,"column":3}}},"3":{"name":"(anonymous_12)","decl":{"start":{"line":66,"column":2},"end":{"line":66,"column":10}},"loc":{"start":{"line":66,"column":29},"end":{"line":90,"column":3}}},"4":{"name":"(anonymous_13)","decl":{"start":{"line":68,"column":46},"end":{"line":68,"column":49}},"loc":{"start":{"line":68,"column":53},"end":{"line":68,"column":74}}},"5":{"name":"(anonymous_14)","decl":{"start":{"line":71,"column":46},"end":{"line":71,"column":49}},"loc":{"start":{"line":71,"column":53},"end":{"line":71,"column":67}}},"6":{"name":"(anonymous_15)","decl":{"start":{"line":73,"column":14},"end":{"line":73,"column":17}},"loc":{"start":{"line":73,"column":21},"end":{"line":73,"column":36}}},"7":{"name":"(anonymous_16)","decl":{"start":{"line":74,"column":14},"end":{"line":74,"column":15}},"loc":{"start":{"line":74,"column":28},"end":{"line":74,"column":51}}},"8":{"name":"(anonymous_17)","decl":{"start":{"line":76,"column":14},"end":{"line":76,"column":17}},"loc":{"start":{"line":76,"column":21},"end":{"line":76,"column":35}}},"9":{"name":"(anonymous_18)","decl":{"start":{"line":77,"column":14},"end":{"line":77,"column":15}},"loc":{"start":{"line":77,"column":28},"end":{"line":77,"column":51}}},"10":{"name":"(anonymous_19)","decl":{"start":{"line":79,"column":6},"end":{"line":79,"column":7}},"loc":{"start":{"line":79,"column":20},"end":{"line":79,"column":60}}},"11":{"name":"(anonymous_20)","decl":{"start":{"line":92,"column":2},"end":{"line":92,"column":19}},"loc":{"start":{"line":92,"column":38},"end":{"line":95,"column":3}}},"12":{"name":"(anonymous_21)","decl":{"start":{"line":97,"column":2},"end":{"line":97,"column":20}},"loc":{"start":{"line":97,"column":39},"end":{"line":103,"column":3}}},"13":{"name":"(anonymous_22)","decl":{"start":{"line":100,"column":14},"end":{"line":100,"column":17}},"loc":{"start":{"line":100,"column":21},"end":{"line":100,"column":35}}},"14":{"name":"(anonymous_23)","decl":{"start":{"line":105,"column":10},"end":{"line":105,"column":18}},"loc":{"start":{"line":105,"column":18},"end":{"line":121,"column":3}}},"15":{"name":"(anonymous_24)","decl":{"start":{"line":115,"column":16},"end":{"line":115,"column":20}},"loc":{"start":{"line":115,"column":24},"end":{"line":115,"column":35}}},"16":{"name":"(anonymous_25)","decl":{"start":{"line":116,"column":13},"end":{"line":116,"column":17}},"loc":{"start":{"line":116,"column":21},"end":{"line":116,"column":37}}},"17":{"name":"(anonymous_26)","decl":{"start":{"line":123,"column":2},"end":{"line":123,"column":14}},"loc":{"start":{"line":123,"column":32},"end":{"line":132,"column":3}}},"18":{"name":"(anonymous_27)","decl":{"start":{"line":125,"column":40},"end":{"line":125,"column":43}},"loc":{"start":{"line":125,"column":47},"end":{"line":125,"column":69}}},"19":{"name":"(anonymous_28)","decl":{"start":{"line":128,"column":50},"end":{"line":128,"column":53}},"loc":{"start":{"line":128,"column":57},"end":{"line":128,"column":76}}},"20":{"name":"(anonymous_29)","decl":{"start":{"line":134,"column":2},"end":{"line":134,"column":7}},"loc":{"start":{"line":134,"column":7},"end":{"line":136,"column":3}}}},"branchMap":{"0":{"loc":{"start":{"line":41,"column":4},"end":{"line":43,"column":5}},"type":"if","locations":[{"start":{"line":41,"column":4},"end":{"line":43,"column":5}},{"start":{},"end":{}}]},"1":{"loc":{"start":{"line":45,"column":23},"end":{"line":45,"column":76}},"type":"binary-expr","locations":[{"start":{"line":45,"column":23},"end":{"line":45,"column":36}},{"start":{"line":45,"column":40},"end":{"line":45,"column":76}}]},"2":{"loc":{"start":{"line":50,"column":4},"end":{"line":52,"column":5}},"type":"if","locations":[{"start":{"line":50,"column":4},"end":{"line":52,"column":5}},{"start":{},"end":{}}]},"3":{"loc":{"start":{"line":66,"column":11},"end":{"line":66,"column":29}},"type":"default-arg","locations":[{"start":{"line":66,"column":27},"end":{"line":66,"column":29}}]},"4":{"loc":{"start":{"line":92,"column":20},"end":{"line":92,"column":38}},"type":"default-arg","locations":[{"start":{"line":92,"column":36},"end":{"line":92,"column":38}}]},"5":{"loc":{"start":{"line":97,"column":21},"end":{"line":97,"column":39}},"type":"default-arg","locations":[{"start":{"line":97,"column":37},"end":{"line":97,"column":39}}]},"6":{"loc":{"start":{"line":107,"column":6},"end":{"line":109,"column":7}},"type":"if","locations":[{"start":{"line":107,"column":6},"end":{"line":109,"column":7}},{"start":{},"end":{}}]},"7":{"loc":{"start":{"line":123,"column":15},"end":{"line":123,"column":32}},"type":"default-arg","locations":[{"start":{"line":123,"column":30},"end":{"line":123,"column":32}}]}},"s":{"0":6,"1":6,"2":6,"3":9,"4":9,"5":9,"6":0,"7":9,"8":272,"9":272,"10":0,"11":272,"12":272,"13":272,"14":0,"15":0,"16":0,"17":0,"18":0,"19":0,"20":0,"21":0,"22":0,"23":0,"24":0,"25":0,"26":0,"27":0,"28":0,"29":0,"30":0,"31":0,"32":0,"33":0,"34":0,"35":0,"36":0,"37":0,"38":0,"39":0,"40":0,"41":0,"42":0,"43":0,"44":0,"45":0,"46":0,"47":0,"48":0,"49":0,"50":0,"51":0,"52":0,"53":6},"f":{"0":9,"1":272,"2":0,"3":0,"4":0,"5":0,"6":0,"7":0,"8":0,"9":0,"10":0,"11":0,"12":0,"13":0,"14":0,"15":0,"16":0,"17":0,"18":0,"19":0,"20":0},"b":{"0":[0,9],"1":[9,9],"2":[0,272],"3":[0],"4":[0],"5":[0],"6":[0,0],"7":[0]}}
,"C:\\Users\\salim\\Desktop\\new project\\src\\logger\\index.ts": {"path":"C:\\Users\\salim\\Desktop\\new project\\src\\logger\\index.ts","statementMap":{"0":{"start":{"line":1,"column":0},"end":{"line":1,"column":27}}},"fnMap":{},"branchMap":{},"s":{"0":6},"f":{},"b":{}}
,"C:\\Users\\salim\\Desktop\\new project\\src\\proxy\\index.ts": {"path":"C:\\Users\\salim\\Desktop\\new project\\src\\proxy\\index.ts","statementMap":{"0":{"start":{"line":1,"column":0},"end":{"line":1,"column":25}}},"fnMap":{},"branchMap":{},"s":{"0":6},"f":{},"b":{}}
,"C:\\Users\\salim\\Desktop\\new project\\src\\proxy\\server.ts": {"path":"C:\\Users\\salim\\Desktop\\new project\\src\\proxy\\server.ts","statementMap":{"0":{"start":{"line":1,"column":0},"end":{"line":1,"column":53}},"1":{"start":{"line":2,"column":0},"end":{"line":2,"column":50}},"2":{"start":{"line":4,"column":0},"end":{"line":4,"column":58}},"3":{"start":{"line":5,"column":0},"end":{"line":5,"column":45}},"4":{"start":{"line":6,"column":0},"end":{"line":6,"column":94}},"5":{"start":{"line":7,"column":0},"end":{"line":7,"column":58}},"6":{"start":{"line":8,"column":0},"end":{"line":8,"column":42}},"7":{"start":{"line":9,"column":0},"end":{"line":9,"column":48}},"8":{"start":{"line":10,"column":0},"end":{"line":10,"column":45}},"9":{"start":{"line":17,"column":10},"end":{"line":17,"column":39}},"10":{"start":{"line":21,"column":4},"end":{"line":21,"column":25}},"11":{"start":{"line":22,"column":4},"end":{"line":22,"column":31}},"12":{"start":{"line":23,"column":4},"end":{"line":23,"column":38}},"13":{"start":{"line":24,"column":4},"end":{"line":24,"column":46}},"14":{"start":{"line":25,"column":4},"end":{"line":25,"column":52}},"15":{"start":{"line":27,"column":4},"end":{"line":27,"column":27}},"16":{"start":{"line":28,"column":4},"end":{"line":28,"column":23}},"17":{"start":{"line":32,"column":4},"end":{"line":32,"column":50}},"18":{"start":{"line":35,"column":4},"end":{"line":51,"column":7}},"19":{"start":{"line":36,"column":23},"end":{"line":36,"column":42}},"20":{"start":{"line":37,"column":18},"end":{"line":37,"column":28}},"21":{"start":{"line":38,"column":27},"end":{"line":38,"column":38}},"22":{"start":{"line":40,"column":23},"end":{"line":40,"column":60}},"23":{"start":{"line":41,"column":29},"end":{"line":41,"column":67}},"24":{"start":{"line":41,"column":50},"end":{"line":41,"column":66}},"25":{"start":{"line":43,"column":6},"end":{"line":46,"column":7}},"26":{"start":{"line":44,"column":8},"end":{"line":44,"column":77}},"27":{"start":{"line":45,"column":8},"end":{"line":45,"column":15}},"28":{"start":{"line":48,"column":6},"end":{"line":48,"column":31}},"29":{"start":{"line":49,"column":6},"end":{"line":49,"column":54}},"30":{"start":{"line":50,"column":6},"end":{"line":50,"column":13}},"31":{"start":{"line":54,"column":4},"end":{"line":64,"column":7}},"32":{"start":{"line":55,"column":31},"end":{"line":55,"column":49}},"33":{"start":{"line":56,"column":28},"end":{"line":56,"column":71}},"34":{"start":{"line":58,"column":6},"end":{"line":61,"column":7}},"35":{"start":{"line":59,"column":8},"end":{"line":59,"column":82}},"36":{"start":{"line":60,"column":8},"end":{"line":60,"column":15}},"37":{"start":{"line":63,"column":6},"end":{"line":63,"column":13}},"38":{"start":{"line":67,"column":4},"end":{"line":70,"column":7}},"39":{"start":{"line":68,"column":6},"end":{"line":68,"column":47}},"40":{"start":{"line":69,"column":6},"end":{"line":69,"column":13}},"41":{"start":{"line":75,"column":4},"end":{"line":77,"column":7}},"42":{"start":{"line":76,"column":6},"end":{"line":76,"column":50}},"43":{"start":{"line":80,"column":4},"end":{"line":82,"column":7}},"44":{"start":{"line":81,"column":6},"end":{"line":81,"column":47}},"45":{"start":{"line":85,"column":4},"end":{"line":87,"column":7}},"46":{"start":{"line":86,"column":6},"end":{"line":86,"column":68}},"47":{"start":{"line":91,"column":4},"end":{"line":181,"column":5}},"48":{"start":{"line":92,"column":20},"end":{"line":92,"column":54}},"49":{"start":{"line":93,"column":23},"end":{"line":93,"column":47}},"50":{"start":{"line":94,"column":21},"end":{"line":94,"column":45}},"51":{"start":{"line":97,"column":26},"end":{"line":97,"column":58}},"52":{"start":{"line":98,"column":22},"end":{"line":98,"column":44}},"53":{"start":{"line":99,"column":6},"end":{"line":103,"column":7}},"54":{"start":{"line":100,"column":8},"end":{"line":100,"column":66}},"
[...]
"column":5}},{"start":{},"end":{}}]},"10":{"loc":{"start":{"line":117,"column":4},"end":{"line":121,"column":5}},"type":"if","locations":[{"start":{"line":117,"column":4},"end":{"line":121,"column":5}},{"start":{},"end":{}}]},"11":{"loc":{"start":{"line":124,"column":4},"end":{"line":130,"column":5}},"type":"if","locations":[{"start":{"line":124,"column":4},"end":{"line":130,"column":5}},{"start":{},"end":{}}]},"12":{"loc":{"start":{"line":124,"column":8},"end":{"line":124,"column":25}},"type":"binary-expr","locations":[{"start":{"line":124,"column":8},"end":{"line":124,"column":15}},{"start":{"line":124,"column":19},"end":{"line":124,"column":25}}]},"13":{"loc":{"start":{"line":126,"column":6},"end":{"line":129,"column":7}},"type":"if","locations":[{"start":{"line":126,"column":6},"end":{"line":129,"column":7}},{"start":{},"end":{}}]},"14":{"loc":{"start":{"line":134,"column":4},"end":{"line":143,"column":5}},"type":"if","locations":[{"start":{"line":134,"column":4},"end":{"line":143,"column":5}},{"start":{},"end":{}}]},"15":{"loc":{"start":{"line":138,"column":6},"end":{"line":141,"column":7}},"type":"if","locations":[{"start":{"line":138,"column":6},"end":{"line":141,"column":7}},{"start":{},"end":{}}]},"16":{"loc":{"start":{"line":147,"column":4},"end":{"line":150,"column":5}},"type":"if","locations":[{"start":{"line":147,"column":4},"end":{"line":150,"column":5}},{"start":{},"end":{}}]},"17":{"loc":{"start":{"line":168,"column":4},"end":{"line":168,"column":33}},"type":"if","locations":[{"start":{"line":168,"column":4},"end":{"line":168,"column":33}},{"start":{},"end":{}}]},"18":{"loc":{"start":{"line":169,"column":4},"end":{"line":169,"column":51}},"type":"if","locations":[{"start":{"line":169,"column":4},"end":{"line":169,"column":51}},{"start":{},"end":{}}]},"19":{"loc":{"start":{"line":170,"column":4},"end":{"line":170,"column":48}},"type":"if","locations":[{"start":{"line":170,"column":4},"end":{"line":170,"column":48}},{"start":{},"end":{}}]},"20":{"loc":{"start":{"line":171,"column":4},"end":{"line":171,"column":44}},"type":"if","locations":[{"start":{"line":171,"column":4},"end":{"line":171,"column":44}},{"start":{},"end":{}}]},"21":{"loc":{"start":{"line":172,"column":4},"end":{"line":172,"column":46}},"type":"if","locations":[{"start":{"line":172,"column":4},"end":{"line":172,"column":46}},{"start":{},"end":{}}]},"22":{"loc":{"start":{"line":182,"column":4},"end":{"line":201,"column":5}},"type":"if","locations":[{"start":{"line":182,"column":4},"end":{"line":201,"column":5}},{"start":{},"end":{}}]},"23":{"loc":{"start":{"line":212,"column":4},"end":{"line":232,"column":5}},"type":"if","locations":[{"start":{"line":212,"column":4},"end":{"line":232,"column":5}},{"start":{},"end":{}}]},"24":{"loc":{"start":{"line":216,"column":23},"end":{"line":216,"column":95}},"type":"cond-expr","locations":[{"start":{"line":216,"column":44},"end":{"line":216,"column":54}},{"start":{"line":216,"column":57},"end":{"line":216,"column":95}}]},"25":{"loc":{"start":{"line":216,"column":57},"end":{"line":216,"column":95}},"type":"cond-expr","locations":[{"start":{"line":216,"column":78},"end":{"line":216,"column":84}},{"start":{"line":216,"column":87},"end":{"line":216,"column":95}}]},"26":{"loc":{"start":{"line":246,"column":4},"end":{"line":248,"column":5}},"type":"if","locations":[{"start":{"line":246,"column":4},"end":{"line":248,"column":5}},{"start":{},"end":{}}]},"27":{"loc":{"start":{"line":255,"column":6},"end":{"line":255,"column":45}},"type":"if","locations":[{"start":{"line":255,"column":6},"end":{"line":255,"column":45}},{"start":{},"end":{}}]},"28":{"loc":{"start":{"line":258,"column":6},"end":{"line":261,"column":7}},"type":"if","locations":[{"start":{"line":258,"column":6},"end":{"line":261,"column":7}},{"start":{},"end":{}}]},"29":{"loc":{"start":{"line":263,"column":6},"end":{"line":280,"column":7}},"type":"if","locations":[{"start":{"line":263,"column":6},"end":{"line":280,"column":7}},{"start":{},"end":{}}]},"30":{"loc":{"start":{"line":290,"column":4},"end":{"line":290,"column":33}},"type":"if","locations":[{"start":{"line":290,"column":4},"end":{"line":290,"column":33}},{"start":{},"end":{}}]},"31":{"loc":{"start":{"line":290,"column":8},"end":{"line":290,"column":22}},"type":"binary-expr","locations":[{"start":{"line":290,"column":8},"end":{"line":290,"column":13}},{"start":{"line":290,"column":17},"end":{"line":290,"column":22}}]},"32":{"loc":{"start":{"line":291,"column":4},"end":{"line":291,"column":32}},"type":"if","locations":[{"start":{"line":291,"column":4},"end":{"line":291,"column":32}},{"start":{},"end":{}}]},"33":{"loc":{"start":{"line":308,"column":21},"end":{"line":308,"column":52}},"type":"cond-expr","locations":[{"start":{"line":308,"column":47},"end":{"line":308,"column":48}},{"start":{"line":308,"column":51},"end":{"line":308,"column":52}}]},"34":{"loc":{"start":{"line":328,"column":42},"end":{"line":328,"column":59}},"type":"binary-expr","locations":[{"start":{"line":328,"column":42},"end":{"line":328,"column":54}},{"start":{"line":328,"column":58},"end":{"line":328,"column":59}}]},"35":{"loc":{"start":{"line":331,"column":4},"end":{"line":349,"column":5}},"type":"if","locations":[{"start":{"line":331,"column":4},"end":{"line":349,"column":5}},{"start":{},"end":{}}]},"36":{"loc":{"start":{"line":338,"column":18},"end":{"line":338,"column":58}},"type":"cond-expr","locations":[{"start":{"line":338,"column":39},"end":{"line":338,"column":49}},{"start":{"line":338,"column":52},"end":{"line":338,"column":58}}]},"37":{"loc":{"start":{"line":351,"column":4},"end":{"line":369,"column":5}},"type":"if","locations":[{"start":{"line":351,"column":4},"end":{"line":369,"column":5}},{"start":{},"end":{}}]},"38":{"loc":{"start":{"line":379,"column":4},"end":{"line":399,"column":5}},"type":"if","locations":[{"start":{"line":379,"column":4},"end":{"line":399,"column":5}},{"start":{},"end":{}}]},"39":{"loc":{"start":{"line":388,"column":18},"end":{"line":388,"column":93}},"type":"cond-expr","locations":[{"start":{"line":388,"column":40},"end":{"line":388,"column":50}},{"start":{"line":388,"column":53},"end":{"line":388,"column":93}}]},"40":{"loc":{"start":{"line":388,"column":53},"end":{"line":388,"column":93}},"type":"cond-expr","locations":[{"start":{"line":388,"column":76},"end":{"line":388,"column":82}},{"start":{"line":388,"column":85},"end":{"line":388,"column":93}}]},"41":{"loc":{"start":{"line":390,"column":16},"end":{"line":390,"column":218}},"type":"cond-expr","locations":[{"start":{"line":390,"column":31},"end":{"line":390,"column":92}},{"start":{"line":390,"column":95},"end":{"line":390,"column":218}}]},"42":{"loc":{"start":{"line":390,"column":165},"end":{"line":390,"column":217}},"type":"cond-expr","locations":[{"start":{"line":390,"column":187},"end":{"line":390,"column":212}},{"start":{"line":390,"column":215},"end":{"line":390,"column":217}}]},"43":{"loc":{"start":{"line":410,"column":4},"end":{"line":413,"column":5}},"type":"if","locations":[{"start":{"line":410,"column":4},"end":{"line":413,"column":5}},{"start":{},"end":{}}]},"44":{"loc":{"start":{"line":420,"column":4},"end":{"line":437,"column":5}},"type":"if","locations":[{"start":{"line":420,"column":4},"end":{"line":437,"column":5}},{"start":{},"end":{}}]},"45":{"loc":{"start":{"line":420,"column":8},"end":{"line":420,"column":86}},"type":"binary-expr","locations":[{"start":{"line":420,"column":8},"end":{"line":420,"column":18}},{"start":{"line":420,"column":22},"end":{"line":420,"column":86}}]},"46":{"loc":{"start":{"line":463,"column":26},"end":{"line":463,"column":133}},"type":"binary-expr","locations":[{"start":{"line":463,"column":26},"end":{"line":463,"column":54}},{"start":{"line":463,"column":59},"end":{"line":463,"column":80}},{"start":{"line":463,"column":84},"end":{"line":463,"column":119}},{"start":{"line":463,"column":124},"end":{"line":463,"column":133}}]},"47":{"loc":{"start":{"line":464,"column":25},"end":{"line":464,"column":130}},"type":"binary-expr","locations":[{"start":{"line":464,"column":25},"end":{"line":464,"column":53}},{"start":{"line":464,"column":57},"end":{"line":464,"column":77}},{"start":{"line":464,"column":81},"end":{"line":464,"column":117}},{"start":{"line":464,"column":121},"end":{"line":464,"column":130}}]},"48":{"loc":{"start":{"line":465,"column":19},"end":{"line":465,"column":52}},"type":"binary-expr","locations":[{"start":{"line":465,"column":19},"end":{"line":465,"column":47}},{"start":{"line":465,"column":51},"end":{"line":465,"column":52}}]},"49":{"loc":{"start":{"line":476,"column":17},"end":{"line":476,"column":59}},"type":"cond-expr","locations":[{"start":{"line":476,"column":27},"end":{"line":476,"column":50}},{"start":{"line":476,"column":53},"end":{"line":476,"column":59}}]},"50":{"loc":{"start":{"line":483,"column":11},"end":{"line":483,"column":29}},"type":"default-arg","locations":[{"start":{"line":483,"column":27},"end":{"line":483,"column":29}}]},"51":{"loc":{"start":{"line":490,"column":21},"end":{"line":490,"column":39}},"type":"default-arg","locations":[{"start":{"line":490,"column":37},"end":{"line":490,"column":39}}]}},"s":{"0":0,"1":0,"2":0,"3":0,"4":0,"5":0,"6":0,"7":0,"8":0,"9":0,"10":0,"11":0,"12":0,"13":0,"14":0,"15":0,"16":0,"17":0,"18":0,"19":0,"20":0,"21":0,"22":0,"23":0,"24":0,"25":0,"26":0,"27":0,"28":0,"29":0,"30":0,"31":0,"32":0,"33":0,"34":0,"35":0,"36":0,"37":0,"38":0,"39":0,"40":0,"41":0,"42":0,"43":0,"44":0,"45":0,"46":0,"47":0,"48":0,"49":0,"50":0,"51":0,"52":0,"53":0,"54":0,"55":0,"56":0,"57":0,"58":0,"59":0,"60":0,"61":0,"62":0,"63":0,"64":0,"65":0,"66":0,"67":0,"68":0,"69":0,"70":0,"71":0,"72":0,"73":0,"74":0,"75":0,"76":0,"77":0,"78":0,"79":0,"80":0,"81":0,"82":0,"83":0,"84":0,"85":0,"86":0,"87":0,"88":0,"89":0,"90":0,"91":0,"92":0,"93":0,"94":0,"95":0,"96":0,"97":0,"98":0,"99":0,"100":0,"101":0,"102":0,"103":0,"104":0,"105":0,"106":0,"107":0,"108":0,"109":0,"110":0,"111":0,"112":0,"113":0,"114":0,"115":0,"116":0,"117":0,"118":0,"119":0,"120":0,"121":0,"122":0,"123":0,"124":0,"125":0,"126":0,"127":0,"128":0,"129":0,"130":0,"131":0,"132":0,"133":0,"134":0,"135":0,"136":0,"137":0,"138":0,"139":0,"140":0,"141":0,"142":0,"143":0,"144":0,"145":0,"146":0,"147":0,"148":0,"149":0,"150":0,"151":0,"152":0,"153":0,"154":0,"155":0,"156":0,"157":0,"158":0,"159":0,"160":0,"161":0,"162":0,"163":0,"164":0,"165":0},"f":{"0":0,"1":0,"2":0,"3":0,"4":0,"5":0,"6":0,"7":0,"8":0,"9":0,"10":0,"11":0,"12":0,"13":0,"14":0,"15":0,"16":0,"17":0,"18":0},"b":{"0":[0,0],"1":[0],"2":[0],"3":[0,0],"4":[0,0],"5":[0,0],"6":[0,0],"7":[0,0],"8":[0,0],"9":[0,0],"10":[0,0],"11":[0,0],"12":[0,0],"13":[0,0],"14":[0,0],"15":[0,0],"16":[0,0],"17":[0,0],"18":[0,0],"19":[0,0],"20":[0,0],"21":[0,0],"22":[0,0],"23":[0,0],"24":[0,0],"25":[0,0],"26":[0,0],"27":[0,0],"28":[0,0],"29":[0,0],"30":[0,0],"31":[0,0],"32":[0,0],"33":[0,0],"34":[0,0],"35":[0,0],"36":[0,0],"37":[0,0],"38":[0,0],"39":[0,0],"40":[0,0],"41":[0,0],"42":[0,0],"43":[0,0],"44":[0,0],"45":[0,0],"46":[0,0,0,0],"47":[0,0,0,0],"48":[0,0],"49":[0,0],"50":[0],"51":[0]}}
,"C:\\Users\\salim\\Desktop\\new project\\src\\wrapper\\index.ts": {"path":"C:\\Users\\salim\\Desktop\\new project\\src\\wrapper\\index.ts","statementMap":{"0":{"start":{"line":1,"column":0},"end":{"line":1,"column":22}},"1":{"start":{"line":2,"column":0},"end":{"line":2,"column":9}},"2":{"start":{"line":2,"column":9},"end":{"line":2,"column":44}}},"fnMap":{"0":{"name":"(anonymous_4)","decl":{"start":{"line":2,"column":9},"end":{"line":2,"column":28}},"loc":{"start":{"line":2,"column":9},"end":{"line":2,"column":44}}}},"branchMap":{},"s":{"0":0,"1":0,"2":0},"f":{"0":0},"b":{}}
,"C:\\Users\\salim\\Desktop\\new project\\src\\wrapper\\sdk.ts": {"path":"C:\\Users\\salim\\Desktop\\new project\\src\\wrapper\\sdk.ts","statementMap":{"0":{"start":{"line":11,"column":0},"end":{"line":11,"column":58}},"1":{"start":{"line":12,"column":0},"end":{"line":12,"column":45}},"2":{"start":{"line":13,"column":0},"end":{"line":13,"column":74}},"3":{"start":{"line":14,"column":0},"end":{"line":14,"column":58}},"4":{"start":{"line":15,"column":0},"end":{"line":15,"column":42}},"5":{"start":{"line":16,"column":0},"end":{"line":16,"column":45}},"6":{"start":{"line":17,"column":0},"end":{"line":17,"column":48}},"7":{"start":{"line":49,"column":4},"end":{"line":49,"column":31}},"8":{"start":{"line":50,"column":4},"end":{"line":50,"column":38}},"9":{"start":{"line":57,"column":64},"end":{"line":57,"column":71}},"10":{"start":{"line":59,"column":26},"end":{"line":59,"column":66}},"11":{"start":{"line":61,"column":24},"end":{"line":63,"column":43}},"12":{"start":{"line":65,"column":20},"end":{"line":65,"column":42}},"13":{"start":{"line":66,"column":4},"end":{"line":70,"column":5}},"14":{"start":{"line":67,"column":6},"end":{"line":67,"column":68}},"15":{"start":{"line":68,"column":19},"end":{"line":68,"column":34}},"16":{"start":{"line":69,"column":6},"end":{"line":69,"column":37}},"17":{"start":{"line":72,"column":26},"end":{"line":72,"column":64}},"18":{"start":{"line":75,"column":28},"end":{"line":82,"column":6}},"19":{"start":{"line":85,"column":4},"end":{"line":111,"column":5}},"20":{"start":{"line":86,"column":26},"end":{"line":86,"column":39}},"21":{"start":{"line":89,"column":8},"end":{"line":91,"column":36}},"22":{"start":{"line":92,"column":20},"end":{"line":98,"column":8}},"23":{"start":{"line":99,"column":6},"end":{"line":99,"column":36}},"24":{"start":{"line":99,"column":17},"end":{"line":99,"column":36}},"25":{"start":{"line":101,"column":6},"end":{"line":101,"column":134}},"26":{"start":{"line":102,"column":6},"end":{"line":110,"column":8}},"27":{"start":{"line":114,"column":4},"end":{"line":116,"column":5}},"28":{"start":{"line":115,"column":6},"end":{"line":115,"column":107}},"29":{"start":{"line":118,"column":4},"end":{"line":142,"column":5}},"30":{"start":{"line":119,"column":21},"end":{"line":119,"column":36}},"31":{"start":{"line":120,"column":6},"end":{"line":125,"column":9}},"32":{"start":{"line":127,"column":6},"end":{"line":134,"column":8}},"33":{"start":{"line":136,"column":6},"end":{"line":136,"column":47}},"34":{"start":{"line":137,"column":6},"end":{"line":141,"column":8}},"35":{"start":{"line":151,"column":4},"end":{"line":151,"column":66}},"36":{"start":{"line":160,"column":4},"end":{"line":160,"column":66}},"37":{"start":{"line":179,"column":23},"end":{"line":179,"column":72}},"38":{"start":{"line":180,"column":20},"end":{"line":180,"column":32}},"39":{"start":{"line":182,"column":28},"end":{"line":194,"column":6}},"40":{"start":{"line":196,"column":4},"end":{"line":196,"column":27}},"41":{"start":{"line":198,"column":4},"end":{"line":200,"column":5}},"42":{"start":{"line":199,"column":6},"end":{"line":199,"column":106}},"43":{"start":{"line":204,"column":4},"end":{"line":204,"column":39}},"44":{"start":{"line":208,"column":4},"end":{"line":208,"column":38}},"45":{"start":{"line":44,"column":0},"end":{"line":44,"column":13}}},"fnMap":{"0":{"name":"(anonymous_0)","decl":{"start":{"line":48,"column":2},"end":{"line":48,"column":null}},"loc":{"start":{"line":48,"column":2},"end":{"line":51,"column":3}}},"1":{"name":"(anonymous_1)","decl":{"start":{"line":53,"column":2},"end":{"line":53,"column":7}},"loc":{"start":{"line":55,"column":29},"end":{"line":143,"column":3}}},"2":{"name":"(anonymous_2)","decl":{"start":{"line":145,"column":2},"end":{"line":145,"column":7}},"loc":{"start":{"line":149,"column":27},"end":{"line":152,"column":3}}},"3":{"name":"(anonymous_3)","decl":{"start":{"line":154,"column":2},"end":{"line":154,"column":7}},"loc":{"start":{"line":158,"column":27},"end":{"line":161,"column":3}}},"4":{"name":"(anonymous_4)","decl":{"start":{"line":163,"column":10},"end":{"line":163,"column":20}},"loc":{"start":{"line":177,"column":5},"end":{"line":201,"column":3}}},"5":{"name":"(anonymous_5)","decl":{"start":{"line":203,"column":2},"end":{"line":203,"column":10}},"loc":{"start":{"line":203,"column":29},"end":{"line":205,"column":3}}},"6":{"name":"(anonymous_6)","decl":{"start":{"line":207,"column":2},"end":{"line":207,"column":14}},"loc":{"start":{"line":207,"column":128},"end":{"line":209,"column":3}}}},"branchMap":{"0":{"loc":{"start":{"line":59,"column":26},"end":{"line":59,"column":66}},"type":"binary-expr","locations":[{"start":{"line":59,"column":26},"end":{"line":59,"column":32}},{"start":{"line":59,"column":36},"end":{"line":59,"column":66}}]},"1":{"loc":{"start":{"line":59,"column":51},"end":{"line":59,"column":65}},"type":"binary-expr","locations":[{"start":{"line":59,"column":51},"end":{"line":59,"column":59}},{"start":{"line":59,"column":63},"end":{"line":59,"column":65}}]},"2":{"loc":{"start":{"line":61,"column":24},"end":{"line":63,"column":43}},"type":"cond-expr","locations":[{"start":{"line":62,"column":8},"end":{"line":62,"column":47}},{"start":{"line":63,"column":8},"end":{"line":63,"column":43}}]},"3":{"loc":{"start":{"line":63,"column":23},"end":{"line":63,"column":35}},"type":"binary-expr","locations":[{"start":{"line":63,"column":23},"end":{"line":63,"column":29}},{"start":{"line":63,"column":33},"end":{"line":63,"column":35}}]},"4":{"loc":{"start":{"line":66,"column":4},"end":{"line":70,"column":5}},"type":"if","locations":[{"start":{"line":66,"column":4},"end":{"line":70,"column":5}},{"start":{},"end":{}}]},"5":{"loc":{"start":{"line":85,"column":4},"end":{"line":111,"column":5}},"type":"if","locations":[{"start":{"line":85,"column":4},"end":{"line":111,"column":5}},{"start":{},"end":{}}]},"6":{"loc":{"start":{"line":85,"column":8},"end":{"line":85,"column":62}},"type":"binary-expr","locations":[{"start":{"line":85,"column":8},"end":{"line":85,"column":44}},{"start":{"line":85,"column":48},"end":{"line":85,"column":62}}]},"7":{"loc":{"start":{"line":89,"column":8},"end":{"line":91,"column":36}},"type":"cond-expr","locations":[{"start":{"line":90,"column":12},"end":{"line":90,"column":21}},{"start":{"line":91,"column":12},"end":{"line":91,"column":36}}]},"8":{"loc":{"start":{"line":89,"column":8},"end":{"line":89,"column":85}},"type":"binary-expr","locations":[{"start":{"line":89,"column":8},"end":{"line":89,"column":43}},{"start":{"line":89,"column":47},"end":{"line":89,"column":85}}]},"9":{"loc":{"start":{"line":93,"column":18},"end":{"line":93,"column":73}},"type":"cond-expr","locations":[{"start":{"line":93,"column":54},"end":{"line":93,"column":64}},{"start":{"line":93,"column":67},"end":{"line":93,"column":73}}]},"10":{"loc":{"start":{"line":99,"column":6},"end":{"line":99,"column":36}},"type":"if","locations":[{"start":{"line":99,"column":6},"end":{"line":99,"column":36}},{"start":{},"end":{}}]},"11":{"loc":{"start":{"line":114,"column":4},"end":{"line":116,"column":5}},"type":"if","locations":[{"start":{"line":114,"column":4},"end":{"line":116,"column":5}},{"start":{},"end":{}}]},"12":{"loc":{"start":{"line":140,"column":16},"end":{"line":140,"column":72}},"type":"cond-expr","locations":[{"start":{"line":140,"column":41},"end":{"line":140,"column":54}},{"start":{"line":140,"column":57},"end":{"line":140,"column":72}}]},"13":{"loc":{"start":{"line":198,"column":4},"end":{"line":200,"column":5}},"type":"if","locations":[{"start":{"line":198,"column":4},"end":{"line":200,"column":5}},{"start":{},"end":{}}]},"14":{"loc":{"start":{"line":203,"column":11},"end":{"line":203,"column":29}},"type":"default-arg","locations":[{"start":{"line":203,"column":27},"end":{"line":203,"column":29}}]}},"s":{"0":2,"1":2,"2":2,"3":2,"4":2,"5":2,"6":2,"7":3,"8":3,"9":24,"10":24,"11":24,"12":24,"13":24,"14":0,"15":0,"16":0,"17":24,"18":24,"19":24,"20":0,"21":0,"22":0,"23":0,"24":0,"25":0,"26":0,"27":24,"28":24,"29":24,"30":24,"31":24,"32":24,"33":0,"34":0,"35":0,"36":0,"37":24,"38":24,"39":24,"40":24,"41":24,"42":0,"43":0,"44":0,"45":2},"f":{"0":3,"1":24,"2":0,"3":0,"4":24,"5":0,"6":0},"b":{"0":[24,0],"1":[0,0],"2":[0,24],"3":[24,0],"4":[0,24],"5":[0,24],"6":[24,0],"7":[0,0],"8":[0,0],"9":[0,0],"10":[0,0],"11":[24,0],"12":[0,0],"13":[0,24],"14":[0]}}
}
