TN:
SF:src\index.ts
FN:7,(anonymous_4)
FNF:1
FNH:0
FNDA:0,(anonymous_4)
DA:1,0
DA:2,0
DA:3,0
DA:4,0
DA:5,0
DA:6,0
DA:7,0
LF:7
LH:0
BRF:0
BRH:0
end_of_record
TN:
SF:src\cli\index.ts
FN:33,(anonymous_1)
FN:43,(anonymous_2)
FN:75,(anonymous_3)
FN:124,(anonymous_4)
FN:133,(anonymous_5)
FN:155,(anonymous_6)
FNF:6
FNH:0
FNDA:0,(anonymous_1)
FNDA:0,(anonymous_2)
FNDA:0,(anonymous_3)
FNDA:0,(anonymous_4)
FNDA:0,(anonymous_5)
FNDA:0,(anonymous_6)
DA:13,0
DA:14,0
DA:15,0
DA:16,0
DA:17,0
DA:18,0
DA:19,0
DA:22,0
DA:24,0
DA:29,0
DA:34,0
DA:35,0
DA:36,0
DA:39,0
DA:44,0
DA:46,0
DA:48,0
DA:49,0
DA:51,0
DA:52,0
DA:53,0
DA:54,0
DA:55,0
DA:57,0
DA:58,0
DA:60,0
DA:63,0
DA:64,0
DA:67,0
DA:76,0
DA:77,0
DA:79,0
DA:80,0
DA:81,0
DA:82,0
DA:85,0
DA:87,0
DA:88,0
DA:89,0
DA:92,0
DA:93,0
DA:94,0
DA:95,0
DA:97,0
DA:98,0
DA:102,0
DA:103,0
DA:106,0
DA:107,0
DA:110,0
DA:111,0
DA:112,0
DA:113,0
DA:114,0
DA:115,0
DA:116,0
DA:117,0
DA:120,0
DA:126,0
DA:128,0
DA:130,0
DA:131,0
DA:133,0
DA:134,0
DA:135,0
DA:136,0
DA:137,0
DA:141,0
DA:142,0
DA:150,0
DA:156,0
DA:158,0
DA:159,0
DA:160,0
DA:163,0
DA:164,0
DA:165,0
DA:167,0
DA:168,0
DA:169,0
DA:170,0
DA:171,0
DA:174,0
DA:177,0
DA:187,0
DA:188,0
DA:189,0
DA:190,0
DA:191,0
DA:193,0
DA:194,0
DA:195,0
DA:196,0
DA:197,0
DA:199,0
DA:200,0
DA:203,0
DA:204,0
DA:206,0
DA:207,0
DA:209,0
DA:212,0
DA:213,0
DA:214,0
DA:215,0
DA:218,0
DA:219,0
DA:220,0
DA:223,0
LF:109
LH:0
BRDA:44,0,0,0
BRDA:44,0,1,0
BRDA:57,1,0,0
BRDA:57,1,1,0
BRDA:79,2,0,0
BRDA:79,2,1,0
BRDA:85,3,0,0
BRDA:85,3,1,0
BRDA:92,4,0,0
BRDA:92,4,1,0
BRDA:94,5,0,0
BRDA:94,5,1,0
BRDA:102,6,0,0
BRDA:102,6,1,0
BRDA:106,7,0,0
BRDA:106,7,1,0
BRDA:111,8,0,0
BRDA:111,8,1,0
BRDA:111,9,0,0
BRDA:111,9,1,0
BRDA:114,10,0,0
BRDA:114,10,1,0
BRDA:130,11,0,0
BRDA:130,11,1,0
BRDA:137,12,0,0
BRDA:137,12,1,0
BRDA:158,13,0,0
BRDA:158,13,1,0
BRDA:159,14,0,0
BRDA:159,14,1,0
BRDA:160,15,0,0
BRDA:160,15,1,0
BRDA:168,16,0,0
BRDA:168,16,1,0
BRDA:193,17,0,0
BRDA:193,17,1,0
BRDA:194,18,0,0
BRDA:194,18,1,0
BRDA:206,19,0,0
BRDA:206,19,1,0
BRF:40
BRH:0
end_of_record
TN:
SF:src\cli\storage.ts
FN:40,ensureStorage
FN:49,loadRequestHistory
FN:75,getRecentRequestsByHash
FN:79,(anonymous_12)
FN:88,getRecentRequests
FN:92,(anonymous_14)
FN:98,appendRequest
FN:107,getCLIStats
FN:116,(anonymous_17)
FN:120,(anonymous_18)
FN:121,(anonymous_19)
FN:122,(anonymous_20)
FN:123,(anonymous_21)
FN:123,(anonymous_22)
FN:130,getBlockedRequests
FN:135,(anonymous_24)
FN:136,(anonymous_25)
FN:143,clearHistory
FNF:18
FNH:0
FNDA:0,ensureStorage
FNDA:0,loadRequestHistory
FNDA:0,getRecentRequestsByHash
FNDA:0,(anonymous_12)
FNDA:0,getRecentRequests
FNDA:0,(anonymous_14)
FNDA:0,appendRequest
FNDA:0,getCLIStats
FNDA:0,(anonymous_17)
FNDA:0,(anonymous_18)
FNDA:0,(anonymous_19)
FNDA:0,(anonymous_20)
FNDA:0,(anonymous_21)
FNDA:0,(anonymous_22)
FNDA:0,getBlockedRequests
FNDA:0,(anonymous_24)
FNDA:0,(anonymous_25)
FNDA:0,clearHistory
DA:7,0
DA:8,0
DA:9,0
DA:34,0
DA:35,0
DA:41,0
DA:42,0
DA:49,0
DA:50,0
DA:52,0
DA:53,0
DA:56,0
DA:57,0
DA:59,0
DA:60,0
DA:61,0
DA:62,0
DA:63,0
DA:69,0
DA:75,0
DA:76,0
DA:77,0
DA:79,0
DA:80,0
DA:88,0
DA:89,0
DA:90,0
DA:92,0
DA:98,0
DA:99,0
DA:100,0
DA:101,0
DA:107,0
DA:114,0
DA:115,0
DA:116,0
DA:118,0
DA:120,0
DA:121,0
DA:122,0
DA:123,0
DA:130,0
DA:131,0
DA:132,0
DA:134,0
DA:135,0
DA:136,0
DA:143,0
DA:144,0
DA:145,0
LF:50
LH:0
BRDA:41,0,0,0
BRDA:41,0,1,0
BRDA:52,1,0,0
BRDA:52,1,1,0
BRDA:60,2,0,0
BRDA:60,2,1,0
BRDA:75,3,0,0
BRDA:80,4,0,0
BRDA:80,4,1,0
BRDA:88,5,0,0
BRDA:107,6,0,0
BRDA:121,7,0,0
BRDA:121,7,1,0
BRDA:130,8,0,0
BRDA:135,9,0,0
BRDA:135,9,1,0
BRDA:144,10,0,0
BRDA:144,10,1,0
BRF:18
BRH:0
end_of_record
TN:
SF:src\config\constants.ts
FNF:0
FNH:0
DA:8,9
DA:51,9
DA:69,9
DA:81,9
DA:99,9
DA:113,9
DA:120,9
DA:134,9
DA:143,9
DA:154,9
DA:172,9
DA:187,9
LF:12
LH:12
BRF:0
BRH:0
end_of_record
TN:
SF:src\config\index.ts
FNF:0
FNH:0
DA:1,6
DA:2,6
DA:3,6
LF:3
LH:3
BRF:0
BRH:0
end_of_record
TN:
SF:src\config\pricing.ts
FN:37,getModelPricing
FN:41,estimateCost
FNF:2
FNH:2
FNDA:546,getModelPricing
FNDA:273,estimateCost
DA:11,6
DA:37,6
DA:38,546
DA:41,6
DA:46,273
DA:47,273
DA:49,273
DA:50,273
DA:52,273
LF:9
LH:9
BRDA:38,0,0,546
BRDA:38,0,1,0
BRDA:47,1,0,0
BRDA:47,1,1,273
BRF:4
BRH:2
end_of_record
TN:
SF:src\config\userConfig.ts
FN:33,(anonymous_9)
FN:45,(anonymous_10)
FN:61,(anonymous_11)
FN:65,(anonymous_12)
FN:69,(anonymous_13)
FN:74,(anonymous_14)
FN:79,(anonymous_15)
FN:83,(anonymous_16)
FN:87,(anonymous_17)
FN:91,(anonymous_18)
FN:95,(anonymous_19)
FN:99,(anonymous_20)
FN:103,(anonymous_21)
FNF:13
FNH:7
FNDA:9,(anonymous_9)
FNDA:9,(anonymous_10)
FNDA:0,(anonymous_11)
FNDA:0,(anonymous_12)
FNDA:0,(anonymous_13)
FNDA:0,(anonymous_14)
FNDA:285,(anonymous_15)
FNDA:255,(anonymous_16)
FNDA:6,(anonymous_17)
FNDA:0,(anonymous_18)
FNDA:0,(anonymous_19)
FNDA:252,(anonymous_20)
FNDA:1110,(anonymous_21)
DA:1,6
DA:2,6
DA:3,6
DA:18,6
DA:29,6
DA:34,9
DA:35,9
DA:37,9
DA:38,0
DA:41,9
DA:42,9
DA:46,9
DA:47,0
DA:48,0
DA:51,9
DA:52,9
DA:53,9
DA:54,9
DA:56,0
DA:57,0
DA:62,0
DA:66,0
DA:70,0
DA:71,0
DA:75,0
DA:76,0
DA:80,285
DA:84,255
DA:88,6
DA:92,0
DA:96,0
DA:100,252
DA:104,1110
LF:33
LH:20
BRDA:37,0,0,0
BRDA:37,0,1,9
BRDA:41,1,0,9
BRDA:41,1,1,9
BRDA:46,2,0,0
BRDA:46,2,1,9
BRF:6
BRH:4
end_of_record
TN:
SF:src\core\DetectionEngine.ts
FN:63,(anonymous_0)
FN:65,(anonymous_1)
FN:76,(anonymous_2)
FN:215,(anonymous_3)
FN:232,(anonymous_4)
FN:249,(anonymous_5)
FN:268,(anonymous_6)
FN:293,(anonymous_7)
FN:321,(anonymous_8)
FN:332,(anonymous_9)
FN:351,(anonymous_10)
FN:381,(anonymous_11)
FN:388,(anonymous_12)
FN:395,(anonymous_13)
FN:402,(anonymous_14)
FNF:15
FNH:15
FNDA:9,(anonymous_0)
FNDA:64,(anonymous_1)
FNDA:374,(anonymous_2)
FNDA:370,(anonymous_3)
FNDA:303,(anonymous_4)
FNDA:271,(anonymous_5)
FNDA:5,(anonymous_6)
FNDA:235,(anonymous_7)
FNDA:256,(anonymous_8)
FNDA:374,(anonymous_9)
FNDA:371,(anonymous_10)
FNDA:21,(anonymous_11)
FNDA:2,(anonymous_12)
FNDA:191,(anonymous_13)
FNDA:1,(anonymous_14)
DA:18,9
DA:19,9
DA:20,9
DA:53,9
DA:55,9
DA:56,9
DA:57,9
DA:58,9
DA:59,9
DA:60,9
DA:61,9
DA:66,64
DA:67,9
DA:69,64
DA:77,374
DA:80,374
DA:81,2
DA:89,372
DA:90,1
DA:99,371
DA:100,1
DA:101,1
DA:102,1
DA:111,370
DA:114,370
DA:115,370
DA:116,67
DA:117,67
DA:118,67
DA:128,303
DA:129,303
DA:130,32
DA:131,32
DA:132,32
DA:133,32
DA:143,271
DA:144,271
DA:145,33
DA:146,33
DA:147,33
DA:148,33
DA:158,238
DA:159,5
DA:160,5
DA:161,3
DA:162,3
DA:163,3
DA:164,3
DA:181,235
DA:182,235
DA:183,188
DA:184,188
DA:185,188
DA:186,188
DA:202,47
DA:203,47
DA:216,370
DA:218,370
DA:219,67
DA:226,303
DA:233,303
DA:235,303
DA:236,32
DA:243,271
DA:250,271
DA:251,33
DA:252,33
DA:253,33
DA:255,33
DA:262,238
DA:272,5
DA:273,5
DA:274,5
DA:276,5
DA:277,3
DA:279,3
DA:287,2
DA:298,235
DA:300,235
DA:302,193
DA:304,193
DA:306,193
DA:307,188
DA:315,47
DA:322,256
DA:323,253
DA:324,252
DA:325,1
DA:326,0
DA:339,374
DA:359,371
DA:375,371
DA:382,21
DA:389,2
DA:396,191
DA:403,1
DA:408,9
LF:97
LH:96
BRDA:66,0,0,9
BRDA:66,0,1,55
BRDA:77,1,0,98
BRDA:77,2,0,124
BRDA:80,3,0,2
BRDA:80,3,1,372
BRDA:80,4,0,374
BRDA:80,4,1,373
BRDA:80,4,2,373
BRDA:89,5,0,1
BRDA:89,5,1,371
BRDA:89,6,0,372
BRDA:89,6,1,372
BRDA:99,7,0,1
BRDA:99,7,1,370
BRDA:115,8,0,67
BRDA:115,8,1,303
BRDA:129,9,0,32
BRDA:129,9,1,271
BRDA:144,10,0,33
BRDA:144,10,1,238
BRDA:158,11,0,5
BRDA:158,11,1,233
BRDA:160,12,0,3
BRDA:160,12,1,2
BRDA:182,13,0,188
BRDA:182,13,1,47
BRDA:218,14,0,67
BRDA:218,14,1,303
BRDA:235,15,0,32
BRDA:235,15,1,271
BRDA:250,16,0,33
BRDA:250,16,1,238
BRDA:274,17,0,5
BRDA:274,17,1,0
BRDA:276,18,0,3
BRDA:276,18,1,2
BRDA:302,19,0,0
BRDA:302,19,1,193
BRDA:306,20,0,188
BRDA:306,20,1,5
BRDA:322,21,0,3
BRDA:322,21,1,253
BRDA:323,22,0,1
BRDA:323,22,1,252
BRDA:324,23,0,251
BRDA:324,23,1,1
BRDA:325,24,0,1
BRDA:325,24,1,0
BRDA:369,25,0,371
BRDA:369,25,1,323
BRDA:381,26,0,3
BRDA:388,27,0,0
BRF:53
BRH:49
end_of_record
TN:
SF:src\core\StateStore.ts
FN:50,(anonymous_9)
FN:54,(anonymous_10)
FN:64,(anonymous_11)
FN:80,(anonymous_12)
FN:107,(anonymous_13)
FN:114,(anonymous_14)
FN:117,(anonymous_15)
FN:123,(anonymous_16)
FN:128,(anonymous_17)
FN:131,(anonymous_18)
FN:137,(anonymous_19)
FN:152,(anonymous_20)
FN:159,(anonymous_21)
FN:160,(anonymous_22)
FN:161,(anonymous_23)
FN:162,(anonymous_24)
FN:162,(anonymous_25)
FN:169,(anonymous_26)
FN:171,(anonymous_27)
FN:178,(anonymous_28)
FN:214,(anonymous_29)
FN:224,(anonymous_30)
FNF:22
FNH:22
FNDA:9,(anonymous_9)
FNDA:9,(anonymous_10)
FNDA:10,(anonymous_11)
FNDA:10,(anonymous_12)
FNDA:384,(anonymous_13)
FNDA:673,(anonymous_14)
FNDA:1418,(anonymous_15)
FNDA:264,(anonymous_16)
FNDA:4134,(anonymous_17)
FNDA:3928,(anonymous_18)
FNDA:376,(anonymous_19)
FNDA:23,(anonymous_20)
FNDA:78,(anonymous_21)
FNDA:78,(anonymous_22)
FNDA:78,(anonymous_23)
FNDA:78,(anonymous_24)
FNDA:60,(anonymous_25)
FNDA:2,(anonymous_26)
FNDA:2,(anonymous_27)
FNDA:193,(anonymous_28)
FNDA:191,(anonymous_29)
FNDA:1,(anonymous_30)
DA:9,9
DA:10,9
DA:11,9
DA:12,9
DA:38,9
DA:39,9
DA:45,9
DA:47,9
DA:48,9
DA:51,9
DA:55,9
DA:56,9
DA:58,9
DA:65,10
DA:68,10
DA:69,0
DA:73,10
DA:74,10
DA:81,10
DA:82,9
DA:85,1
DA:87,1
DA:88,2
DA:89,1
DA:90,1
DA:92,1
DA:93,1
DA:94,1
DA:96,1
DA:108,384
DA:115,673
DA:116,673
DA:117,1418
DA:124,264
DA:125,264
DA:127,264
DA:128,4134
DA:131,3928
DA:139,376
DA:140,273
DA:142,376
DA:145,376
DA:146,376
DA:153,23
DA:154,23
DA:155,23
DA:157,23
DA:159,78
DA:160,78
DA:161,78
DA:162,78
DA:170,2
DA:171,2
DA:179,193
DA:180,193
DA:182,193
DA:183,193
DA:184,193
DA:185,193
DA:187,193
DA:188,193
DA:189,7125
DA:191,193
DA:192,7103
DA:195,193
DA:196,6932
DA:197,257416
DA:198,257416
DA:206,193
DA:207,193
DA:208,193
DA:215,191
DA:216,191
DA:217,73
DA:225,1
DA:226,1
DA:227,1
DA:232,9
LF:78
LH:77
BRDA:55,0,0,9
BRDA:55,0,1,0
BRDA:65,1,0,0
BRDA:65,1,1,10
BRDA:68,2,0,0
BRDA:68,2,1,10
BRDA:81,3,0,9
BRDA:81,3,1,1
BRDA:88,4,0,1
BRDA:88,4,1,1
BRDA:92,5,0,1
BRDA:92,5,1,0
BRDA:93,6,0,1
BRDA:93,6,1,0
BRDA:108,7,0,384
BRDA:108,7,1,379
BRDA:114,8,0,0
BRDA:116,9,0,673
BRDA:116,9,1,540
BRDA:123,10,0,0
BRDA:139,11,0,273
BRDA:139,11,1,103
BRDA:152,12,0,0
BRDA:160,13,0,78
BRDA:160,13,1,71
BRDA:169,14,0,0
BRDA:179,15,0,0
BRDA:179,15,1,193
BRDA:179,16,0,193
BRDA:179,16,1,193
BRDA:180,17,0,0
BRDA:180,17,1,193
BRDA:197,18,0,22195
BRDA:197,18,1,235221
BRDA:216,19,0,73
BRDA:216,19,1,118
BRF:36
BRH:25
end_of_record
TN:
SF:src\logger\database.ts
FN:37,(anonymous_9)
FN:48,(anonymous_10)
FN:62,(anonymous_11)
FN:66,(anonymous_12)
FN:68,(anonymous_13)
FN:71,(anonymous_14)
FN:73,(anonymous_15)
FN:74,(anonymous_16)
FN:76,(anonymous_17)
FN:77,(anonymous_18)
FN:79,(anonymous_19)
FN:92,(anonymous_20)
FN:97,(anonymous_21)
FN:100,(anonymous_22)
FN:105,(anonymous_23)
FN:115,(anonymous_24)
FN:116,(anonymous_25)
FN:123,(anonymous_26)
FN:125,(anonymous_27)
FN:128,(anonymous_28)
FN:134,(anonymous_29)
FNF:21
FNH:2
FNDA:9,(anonymous_9)
FNDA:272,(anonymous_10)
FNDA:0,(anonymous_11)
FNDA:0,(anonymous_12)
FNDA:0,(anonymous_13)
FNDA:0,(anonymous_14)
FNDA:0,(anonymous_15)
FNDA:0,(anonymous_16)
FNDA:0,(anonymous_17)
FNDA:0,(anonymous_18)
FNDA:0,(anonymous_19)
FNDA:0,(anonymous_20)
FNDA:0,(anonymous_21)
FNDA:0,(anonymous_22)
FNDA:0,(anonymous_23)
FNDA:0,(anonymous_24)
FNDA:0,(anonymous_25)
FNDA:0,(anonymous_26)
FNDA:0,(anonymous_27)
FNDA:0,(anonymous_28)
FNDA:0,(anonymous_29)
DA:1,6
DA:2,6
DA:3,6
DA:33,6
DA:38,9
DA:39,9
DA:41,9
DA:42,0
DA:45,9
DA:49,272
DA:50,272
DA:51,0
DA:53,272
DA:55,272
DA:56,272
DA:58,0
DA:63,0
DA:67,0
DA:68,0
DA:70,0
DA:71,0
DA:72,0
DA:73,0
DA:74,0
DA:75,0
DA:76,0
DA:77,0
DA:78,0
DA:79,0
DA:83,0
DA:93,0
DA:94,0
DA:98,0
DA:99,0
DA:100,0
DA:106,0
DA:107,0
DA:108,0
DA:111,0
DA:112,0
DA:114,0
DA:115,0
DA:116,0
DA:118,0
DA:119,0
DA:124,0
DA:125,0
DA:127,0
DA:128,0
DA:130,0
LF:50
LH:13
BRDA:41,0,0,0
BRDA:41,0,1,9
BRDA:45,1,0,9
BRDA:45,1,1,9
BRDA:50,2,0,0
BRDA:50,2,1,272
BRDA:66,3,0,0
BRDA:92,4,0,0
BRDA:97,5,0,0
BRDA:107,6,0,0
BRDA:107,6,1,0
BRDA:123,7,0,0
BRF:12
BRH:4
end_of_record
TN:
SF:src\logger\index.ts
FNF:0
FNH:0
DA:1,6
LF:1
LH:1
BRF:0
BRH:0
end_of_record
TN:
SF:src\proxy\index.ts
FNF:0
FNH:0
DA:1,6
LF:1
LH:1
BRF:0
BRH:0
end_of_record
TN:
SF:src\proxy\server.ts
FN:20,(anonymous_1)
FN:31,(anonymous_2)
FN:35,(anonymous_3)
FN:41,(anonymous_4)
FN:54,(anonymous_5)
FN:67,(anonymous_6)
FN:73,(anonymous_7)
FN:75,(anonymous_8)
FN:80,(anonymous_9)
FN:85,(anonymous_10)
FN:90,(anonymous_11)
FN:184,(anonymous_12)
FN:279,(anonymous_13)
FN:369,(anonymous_14)
FN:376,(anonymous_15)
FN:411,(anonymous_16)
FN:412,(anonymous_17)
FN:421,(anonymous_18)
FN:422,(anonymous_19)
FN:425,(anonymous_20)
FN:427,(anonymous_21)
FNF:21
FNH:18
FNDA:6,(anonymous_1)
FNDA:6,(anonymous_2)
FNDA:1110,(anonymous_3)
FNDA:58591,(anonymous_4)
FNDA:252,(anonymous_5)
FNDA:252,(anonymous_6)
FNDA:6,(anonymous_7)
FNDA:4,(anonymous_8)
FNDA:245,(anonymous_9)
FNDA:3,(anonymous_10)
FNDA:245,(anonymous_11)
FNDA:4,(anonymous_12)
FNDA:202,(anonymous_13)
FNDA:0,(anonymous_14)
FNDA:248,(anonymous_15)
FNDA:6,(anonymous_16)
FNDA:6,(anonymous_17)
FNDA:0,(anonymous_18)
FNDA:0,(anonymous_19)
FNDA:6,(anonymous_20)
FNDA:1,(anonymous_21)
DA:1,6
DA:2,6
DA:4,6
DA:5,6
DA:6,6
DA:7,6
DA:8,6
DA:9,6
DA:10,6
DA:12,6
DA:17,6
DA:21,6
DA:22,6
DA:23,6
DA:24,6
DA:25,6
DA:27,6
DA:28,6
DA:32,6
DA:35,6
DA:36,1110
DA:37,1110
DA:38,1110
DA:40,1110
DA:41,58591
DA:43,1110
DA:44,858
DA:45,858
DA:48,252
DA:49,252
DA:50,252
DA:54,6
DA:55,252
DA:56,252
DA:58,252
DA:59,0
DA:60,0
DA:63,252
DA:67,6
DA:68,252
DA:69,252
DA:75,6
DA:76,4
DA:80,6
DA:81,245
DA:85,6
DA:86,3
DA:91,245
DA:92,245
DA:93,245
DA:94,245
DA:97,245
DA:98,245
DA:99,245
DA:100,0
DA:101,0
DA:102,0
DA:105,245
DA:108,245
DA:109,0
DA:110,0
DA:116,0
DA:117,0
DA:121,245
DA:129,245
DA:130,47
DA:131,47
DA:135,47
DA:142,47
DA:149,47
DA:152,198
DA:154,185
DA:157,185
DA:164,185
DA:168,198
DA:171,198
DA:179,0
DA:180,0
DA:185,4
DA:186,4
DA:187,4
DA:189,4
DA:192,4
DA:193,4
DA:194,4
DA:195,0
DA:196,0
DA:197,0
DA:200,4
DA:203,4
DA:204,0
DA:205,0
DA:211,0
DA:212,0
DA:216,4
DA:224,4
DA:225,0
DA:226,0
DA:230,0
DA:237,0
DA:244,0
DA:247,4
DA:249,2
DA:252,2
DA:259,2
DA:263,4
DA:266,3
DA:274,0
DA:275,0
DA:281,202
DA:293,202
DA:294,202
DA:295,1414
DA:296,1010
DA:301,202
DA:302,202
DA:305,202
DA:307,202
DA:320,202
DA:321,202
DA:323,202
DA:324,202
DA:325,202
DA:327,0
DA:330,0
DA:331,0
DA:332,0
DA:336,0
DA:337,0
DA:338,0
DA:340,0
DA:341,0
DA:344,201
DA:347,201
DA:349,201
DA:350,201
DA:351,201
DA:353,0
DA:355,201
DA:358,0
DA:360,0
DA:361,0
DA:363,0
DA:365,0
DA:368,0
DA:369,0
DA:373,0
DA:387,248
DA:388,248
DA:390,248
DA:404,248
DA:406,248
DA:407,47
DA:412,6
DA:413,6
DA:414,6
DA:415,6
DA:416,6
DA:417,6
DA:421,6
DA:422,6
DA:426,6
DA:427,6
DA:428,1
LF:164
LH:121
BRDA:24,0,0,6
BRDA:24,0,1,0
BRDA:36,1,0,1110
BRDA:36,1,1,0
BRDA:40,2,0,1110
BRDA:40,2,1,6
BRDA:43,3,0,858
BRDA:43,3,1,252
BRDA:58,4,0,0
BRDA:58,4,1,252
BRDA:58,5,0,252
BRDA:58,5,1,0
BRDA:92,6,0,245
BRDA:92,6,1,0
BRDA:93,7,0,245
BRDA:93,7,1,0
BRDA:99,8,0,0
BRDA:99,8,1,245
BRDA:108,9,0,0
BRDA:108,9,1,245
BRDA:129,10,0,47
BRDA:129,10,1,198
BRDA:131,11,0,47
BRDA:131,11,1,0
BRDA:137,12,0,47
BRDA:137,12,1,0
BRDA:152,13,0,185
BRDA:152,13,1,13
BRDA:154,14,0,0
BRDA:154,14,1,185
BRDA:154,15,0,185
BRDA:154,15,1,185
BRDA:164,16,0,185
BRDA:164,16,1,0
BRDA:172,17,0,13
BRDA:172,17,1,185
BRDA:173,18,0,181
BRDA:173,18,1,17
BRDA:186,19,0,4
BRDA:186,19,1,0
BRDA:187,20,0,4
BRDA:187,20,1,0
BRDA:194,21,0,0
BRDA:194,21,1,4
BRDA:203,22,0,0
BRDA:203,22,1,4
BRDA:224,23,0,0
BRDA:224,23,1,4
BRDA:226,24,0,0
BRDA:226,24,1,0
BRDA:232,25,0,0
BRDA:232,25,1,0
BRDA:247,26,0,2
BRDA:247,26,1,2
BRDA:249,27,0,0
BRDA:249,27,1,2
BRDA:249,28,0,2
BRDA:249,28,1,2
BRDA:259,29,0,2
BRDA:259,29,1,0
BRDA:267,30,0,2
BRDA:267,30,1,1
BRDA:268,31,0,1
BRDA:268,31,1,2
BRDA:275,32,0,0
BRDA:275,32,1,0
BRDA:295,33,0,1010
BRDA:295,33,1,404
BRDA:295,34,0,1414
BRDA:295,34,1,1414
BRDA:296,35,0,0
BRDA:296,35,1,1010
BRDA:302,36,0,0
BRDA:302,36,1,202
BRDA:305,37,0,202
BRDA:305,37,1,202
BRDA:316,38,0,0
BRDA:316,38,1,202
BRDA:331,39,0,0
BRDA:331,39,1,0
BRDA:336,40,0,0
BRDA:336,40,1,0
BRDA:336,41,0,0
BRDA:336,41,1,0
BRDA:347,42,0,201
BRDA:347,42,1,0
BRDA:347,43,0,201
BRDA:347,43,1,201
BRDA:347,43,2,201
BRDA:349,44,0,201
BRDA:349,44,1,0
BRDA:358,45,0,0
BRDA:358,45,1,0
BRDA:360,46,0,0
BRDA:360,46,1,0
BRDA:361,47,0,0
BRDA:361,47,1,0
BRDA:406,48,0,47
BRDA:406,48,1,201
BRDA:414,49,0,0
BRDA:414,49,1,6
BRDA:414,50,0,6
BRDA:414,50,1,0
BRDA:426,51,0,6
BRDA:426,51,1,0
BRF:105
BRH:60
end_of_record
TN:
SF:src\storage\historyStorage.ts
FN:40,(anonymous_9)
FN:54,(anonymous_10)
FN:66,(anonymous_11)
FN:78,(anonymous_12)
FN:86,(anonymous_13)
FN:91,(anonymous_14)
FN:108,(anonymous_15)
FN:115,(anonymous_16)
FN:128,(anonymous_17)
FN:143,(anonymous_18)
FN:146,(anonymous_19)
FN:149,(anonymous_20)
FN:154,(anonymous_21)
FN:157,(anonymous_22)
FN:160,(anonymous_23)
FN:166,(anonymous_24)
FN:167,(anonymous_25)
FN:168,(anonymous_26)
FN:169,(anonymous_27)
FN:169,(anonymous_28)
FN:170,(anonymous_29)
FN:176,(anonymous_30)
FN:179,(anonymous_31)
FN:180,(anonymous_32)
FN:184,(anonymous_33)
FNF:25
FNH:0
FNDA:0,(anonymous_9)
FNDA:0,(anonymous_10)
FNDA:0,(anonymous_11)
FNDA:0,(anonymous_12)
FNDA:0,(anonymous_13)
FNDA:0,(anonymous_14)
FNDA:0,(anonymous_15)
FNDA:0,(anonymous_16)
FNDA:0,(anonymous_17)
FNDA:0,(anonymous_18)
FNDA:0,(anonymous_19)
FNDA:0,(anonymous_20)
FNDA:0,(anonymous_21)
FNDA:0,(anonymous_22)
FNDA:0,(anonymous_23)
FNDA:0,(anonymous_24)
FNDA:0,(anonymous_25)
FNDA:0,(anonymous_26)
FNDA:0,(anonymous_27)
FNDA:0,(anonymous_28)
FNDA:0,(anonymous_29)
FNDA:0,(anonymous_30)
FNDA:0,(anonymous_31)
FNDA:0,(anonymous_32)
FNDA:0,(anonymous_33)
DA:1,0
DA:2,0
DA:3,0
DA:32,0
DA:35,0
DA:36,0
DA:37,0
DA:38,0
DA:41,0
DA:42,0
DA:44,0
DA:45,0
DA:48,0
DA:49,0
DA:51,0
DA:55,0
DA:56,0
DA:59,0
DA:60,0
DA:61,0
DA:64,0
DA:65,0
DA:66,0
DA:67,0
DA:69,0
DA:70,0
DA:74,0
DA:79,0
DA:80,0
DA:81,0
DA:83,0
DA:87,0
DA:90,0
DA:91,0
DA:92,0
DA:93,0
DA:95,0
DA:100,0
DA:101,0
DA:102,0
DA:105,0
DA:109,0
DA:110,0
DA:113,0
DA:114,0
DA:115,0
DA:116,0
DA:117,0
DA:118,0
DA:119,0
DA:121,0
DA:125,0
DA:130,0
DA:131,0
DA:134,0
DA:135,0
DA:137,0
DA:140,0
DA:144,0
DA:145,0
DA:146,0
DA:150,0
DA:151,0
DA:153,0
DA:154,0
DA:157,0
DA:161,0
DA:162,0
DA:164,0
DA:166,0
DA:167,0
DA:168,0
DA:169,0
DA:170,0
DA:173,0
DA:177,0
DA:178,0
DA:179,0
DA:180,0
DA:185,0
DA:186,0
LF:81
LH:0
BRDA:44,0,0,0
BRDA:44,0,1,0
BRDA:55,1,0,0
BRDA:55,1,1,0
BRDA:69,2,0,0
BRDA:69,2,1,0
BRDA:92,3,0,0
BRDA:92,3,1,0
BRDA:100,4,0,0
BRDA:100,4,1,0
BRDA:109,5,0,0
BRDA:109,5,1,0
BRDA:116,6,0,0
BRDA:116,6,1,0
BRDA:134,7,0,0
BRDA:134,7,1,0
BRDA:143,8,0,0
BRDA:145,9,0,0
BRDA:145,9,1,0
BRDA:149,10,0,0
BRDA:160,11,0,0
BRDA:176,12,0,0
BRF:22
BRH:0
end_of_record
TN:
SF:src\token-counter\index.ts
FNF:0
FNH:0
DA:1,7
LF:1
LH:1
BRF:0
BRH:0
end_of_record
TN:
SF:src\token-counter\tokenCounter.ts
FN:15,estimateTokens
FN:59,getModelOverhead
FN:76,estimateMessagesTokens
FNF:3
FNH:3
FNDA:284,estimateTokens
FNDA:254,getModelOverhead
FNDA:254,estimateMessagesTokens
DA:15,7
DA:16,284
DA:20,283
DA:44,283
DA:47,283
DA:50,283
DA:53,283
DA:54,283
DA:56,283
DA:61,254
DA:63,6
DA:65,6
DA:66,1
DA:67,5
DA:68,1
DA:69,4
DA:70,4
DA:72,0
DA:76,7
DA:77,254
DA:79,254
DA:81,254
DA:82,254
DA:83,253
DA:84,1
DA:85,1
DA:86,2
DA:87,2
DA:93,254
DA:94,254
DA:98,254
DA:100,254
LF:32
LH:31
BRDA:15,0,0,252
BRDA:16,1,0,1
BRDA:16,1,1,283
BRDA:44,2,0,283
BRDA:44,2,1,0
BRDA:53,3,0,283
BRDA:53,3,1,281
BRDA:61,4,0,248
BRDA:61,4,1,6
BRDA:65,5,0,1
BRDA:65,5,1,5
BRDA:67,6,0,1
BRDA:67,6,1,4
BRDA:69,7,0,4
BRDA:69,7,1,0
BRDA:77,8,0,0
BRDA:77,8,1,254
BRDA:77,9,0,254
BRDA:77,9,1,254
BRDA:82,10,0,253
BRDA:82,10,1,1
BRDA:84,11,0,1
BRDA:84,11,1,0
BRDA:86,12,0,2
BRDA:86,12,1,0
BRDA:86,13,0,2
BRDA:86,13,1,2
BRF:27
BRH:22
end_of_record
TN:
SF:src\utils\alert.ts
FN:16,formatAlert
FN:51,(anonymous_2)
FNF:2
FNH:2
FNDA:187,formatAlert
FNDA:561,(anonymous_2)
DA:1,6
DA:16,6
DA:17,187
DA:19,187
DA:22,187
DA:23,0
DA:24,187
DA:25,0
DA:26,187
DA:27,0
DA:28,187
DA:29,187
DA:31,0
DA:35,187
DA:44,187
DA:45,187
DA:46,187
DA:49,187
DA:50,187
DA:51,187
DA:52,561
DA:56,187
DA:57,187
LF:23
LH:19
BRDA:22,0,0,0
BRDA:22,0,1,187
BRDA:24,1,0,0
BRDA:24,1,1,187
BRDA:26,2,0,0
BRDA:26,2,1,187
BRDA:28,3,0,187
BRDA:28,3,1,0
BRDA:44,4,0,187
BRDA:44,4,1,0
BRDA:49,5,0,187
BRDA:49,5,1,0
BRF:12
BRH:6
end_of_record
TN:
SF:src\utils\index.ts
FNF:0
FNH:0
DA:1,0
LF:1
LH:0
BRF:0
BRH:0
end_of_record
TN:
SF:src\waste-detection\index.ts
FNF:0
FNH:0
DA:1,0
LF:1
LH:0
BRF:0
BRH:0
end_of_record
TN:
SF:src\waste-detection\wasteDetector.ts
FN:28,(anonymous_0)
FN:31,(anonymous_1)
FN:42,(anonymous_2)
FN:54,(anonymous_3)
FN:167,(anonymous_4)
FN:179,(anonymous_5)
FN:209,(anonymous_6)
FN:240,(anonymous_7)
FN:289,(anonymous_8)
FN:325,(anonymous_9)
FN:377,(anonymous_10)
FN:407,(anonymous_11)
FN:415,(anonymous_12)
FN:416,(anonymous_13)
FN:417,(anonymous_14)
FN:445,(anonymous_15)
FN:475,(anonymous_16)
FN:483,(anonymous_17)
FN:490,(anonymous_18)
FNF:19
FNH:0
FNDA:0,(anonymous_0)
FNDA:0,(anonymous_1)
FNDA:0,(anonymous_2)
FNDA:0,(anonymous_3)
FNDA:0,(anonymous_4)
FNDA:0,(anonymous_5)
FNDA:0,(anonymous_6)
FNDA:0,(anonymous_7)
FNDA:0,(anonymous_8)
FNDA:0,(anonymous_9)
FNDA:0,(anonymous_10)
FNDA:0,(anonymous_11)
FNDA:0,(anonymous_12)
FNDA:0,(anonymous_13)
FNDA:0,(anonymous_14)
FNDA:0,(anonymous_15)
FNDA:0,(anonymous_16)
FNDA:0,(anonymous_17)
FNDA:0,(anonymous_18)
DA:1,0
DA:2,0
DA:20,0
DA:22,0
DA:23,0
DA:24,0
DA:25,0
DA:26,0
DA:29,0
DA:31,0
DA:33,0
DA:34,0
DA:35,0
DA:43,0
DA:44,0
DA:45,0
DA:47,0
DA:63,0
DA:64,0
DA:77,0
DA:78,0
DA:91,0
DA:92,0
DA:95,0
DA:96,0
DA:97,0
DA:98,0
DA:100,0
DA:101,0
DA:102,0
DA:104,0
DA:108,0
DA:109,0
DA:110,0
DA:111,0
DA:112,0
DA:116,0
DA:117,0
DA:118,0
DA:119,0
DA:120,0
DA:124,0
DA:125,0
DA:126,0
DA:127,0
DA:128,0
DA:133,0
DA:134,0
DA:135,0
DA:136,0
DA:138,0
DA:139,0
DA:140,0
DA:142,0
DA:146,0
DA:147,0
DA:148,0
DA:149,0
DA:153,0
DA:154,0
DA:168,0
DA:169,0
DA:170,0
DA:171,0
DA:172,0
DA:173,0
DA:180,0
DA:182,0
DA:183,0
DA:185,0
DA:187,0
DA:203,0
DA:210,0
DA:212,0
DA:213,0
DA:214,0
DA:216,0
DA:218,0
DA:234,0
DA:241,0
DA:242,0
DA:245,0
DA:246,0
DA:247,0
DA:250,0
DA:251,0
DA:253,0
DA:255,0
DA:257,0
DA:258,0
DA:259,0
DA:260,0
DA:263,0
DA:264,0
DA:266,0
DA:283,0
DA:290,0
DA:291,0
DA:293,0
DA:294,0
DA:295,0
DA:296,0
DA:298,0
DA:299,0
DA:300,0
DA:302,0
DA:303,0
DA:306,0
DA:307,0
DA:308,0
DA:309,0
DA:317,0
DA:318,0
DA:319,0
DA:326,0
DA:327,0
DA:328,0
DA:329,0
DA:331,0
DA:332,0
DA:333,0
DA:335,0
DA:351,0
DA:352,0
DA:353,0
DA:355,0
DA:371,0
DA:379,0
DA:380,0
DA:381,0
DA:382,0
DA:383,0
DA:385,0
DA:401,0
DA:408,0
DA:410,0
DA:412,0
DA:415,0
DA:416,0
DA:417,0
DA:418,0
DA:420,0
DA:421,0
DA:423,0
DA:439,0
DA:455,0
DA:469,0
DA:476,0
DA:477,0
DA:484,0
DA:491,0
LF:151
LH:0
BRDA:43,0,0,0
BRDA:43,0,1,0
BRDA:59,1,0,0
BRDA:60,2,0,0
BRDA:63,3,0,0
BRDA:63,3,1,0
BRDA:63,4,0,0
BRDA:63,4,1,0
BRDA:77,5,0,0
BRDA:77,5,1,0
BRDA:77,6,0,0
BRDA:77,6,1,0
BRDA:96,7,0,0
BRDA:96,7,1,0
BRDA:100,8,0,0
BRDA:100,8,1,0
BRDA:109,9,0,0
BRDA:109,9,1,0
BRDA:117,10,0,0
BRDA:117,10,1,0
BRDA:124,11,0,0
BRDA:124,11,1,0
BRDA:124,12,0,0
BRDA:124,12,1,0
BRDA:126,13,0,0
BRDA:126,13,1,0
BRDA:134,14,0,0
BRDA:134,14,1,0
BRDA:138,15,0,0
BRDA:138,15,1,0
BRDA:147,16,0,0
BRDA:147,16,1,0
BRDA:168,17,0,0
BRDA:168,17,1,0
BRDA:169,18,0,0
BRDA:169,18,1,0
BRDA:170,19,0,0
BRDA:170,19,1,0
BRDA:171,20,0,0
BRDA:171,20,1,0
BRDA:172,21,0,0
BRDA:172,21,1,0
BRDA:182,22,0,0
BRDA:182,22,1,0
BRDA:212,23,0,0
BRDA:212,23,1,0
BRDA:216,24,0,0
BRDA:216,24,1,0
BRDA:216,25,0,0
BRDA:216,25,1,0
BRDA:246,26,0,0
BRDA:246,26,1,0
BRDA:255,27,0,0
BRDA:255,27,1,0
BRDA:258,28,0,0
BRDA:258,28,1,0
BRDA:263,29,0,0
BRDA:263,29,1,0
BRDA:290,30,0,0
BRDA:290,30,1,0
BRDA:290,31,0,0
BRDA:290,31,1,0
BRDA:291,32,0,0
BRDA:291,32,1,0
BRDA:308,33,0,0
BRDA:308,33,1,0
BRDA:328,34,0,0
BRDA:328,34,1,0
BRDA:331,35,0,0
BRDA:331,35,1,0
BRDA:338,36,0,0
BRDA:338,36,1,0
BRDA:351,37,0,0
BRDA:351,37,1,0
BRDA:379,38,0,0
BRDA:379,38,1,0
BRDA:388,39,0,0
BRDA:388,39,1,0
BRDA:388,40,0,0
BRDA:388,40,1,0
BRDA:390,41,0,0
BRDA:390,41,1,0
BRDA:390,42,0,0
BRDA:390,42,1,0
BRDA:410,43,0,0
BRDA:410,43,1,0
BRDA:420,44,0,0
BRDA:420,44,1,0
BRDA:420,45,0,0
BRDA:420,45,1,0
BRDA:463,46,0,0
BRDA:463,46,1,0
BRDA:463,46,2,0
BRDA:463,46,3,0
BRDA:464,47,0,0
BRDA:464,47,1,0
BRDA:464,47,2,0
BRDA:464,47,3,0
BRDA:465,48,0,0
BRDA:465,48,1,0
BRDA:476,49,0,0
BRDA:476,49,1,0
BRDA:483,50,0,0
BRDA:490,51,0,0
BRF:104
BRH:0
end_of_record
TN:
SF:src\wrapper\index.ts
FN:2,(anonymous_4)
FNF:1
FNH:0
FNDA:0,(anonymous_4)
DA:1,0
DA:2,0
LF:2
LH:0
BRF:0
BRH:0
end_of_record
TN:
SF:src\wrapper\sdk.ts
FN:48,(anonymous_0)
FN:53,(anonymous_1)
FN:145,(anonymous_2)
FN:154,(anonymous_3)
FN:163,(anonymous_4)
FN:203,(anonymous_5)
FN:207,(anonymous_6)
FNF:7
FNH:3
FNDA:3,(anonymous_0)
FNDA:24,(anonymous_1)
FNDA:0,(anonymous_2)
FNDA:0,(anonymous_3)
FNDA:24,(anonymous_4)
FNDA:0,(anonymous_5)
FNDA:0,(anonymous_6)
DA:11,2
DA:12,2
DA:13,2
DA:14,2
DA:15,2
DA:16,2
DA:17,2
DA:44,2
DA:49,3
DA:50,3
DA:57,24
DA:59,24
DA:61,24
DA:65,24
DA:66,24
DA:67,0
DA:68,0
DA:69,0
DA:72,24
DA:75,24
DA:85,24
DA:86,0
DA:89,0
DA:92,0
DA:99,0
DA:101,0
DA:102,0
DA:114,24
DA:115,24
DA:118,24
DA:119,24
DA:120,24
DA:127,24
DA:136,0
DA:137,0
DA:151,0
DA:160,0
DA:179,24
DA:180,24
DA:182,24
DA:196,24
DA:198,24
DA:199,0
DA:204,0
DA:208,0
LF:45
LH:29
BRDA:59,0,0,24
BRDA:59,0,1,0
BRDA:59,1,0,0
BRDA:59,1,1,0
BRDA:61,2,0,0
BRDA:61,2,1,24
BRDA:63,3,0,24
BRDA:63,3,1,0
BRDA:66,4,0,0
BRDA:66,4,1,24
BRDA:85,5,0,0
BRDA:85,5,1,24
BRDA:85,6,0,24
BRDA:85,6,1,0
BRDA:89,7,0,0
BRDA:89,7,1,0
BRDA:89,8,0,0
BRDA:89,8,1,0
BRDA:93,9,0,0
BRDA:93,9,1,0
BRDA:99,10,0,0
BRDA:99,10,1,0
BRDA:114,11,0,24
BRDA:114,11,1,0
BRDA:140,12,0,0
BRDA:140,12,1,0
BRDA:198,13,0,0
BRDA:198,13,1,24
BRDA:203,14,0,0
BRF:29
BRH:8
end_of_record
