TN:
SF:src\index.ts
FN:9,(anonymous_4)
FN:9,(anonymous_5)
FN:10,(anonymous_6)
FN:10,(anonymous_7)
FN:11,(anonymous_8)
FN:11,(anonymous_9)
FN:12,(anonymous_10)
FN:12,(anonymous_11)
FN:13,(anonymous_12)
FN:13,(anonymous_13)
FN:14,(anonymous_14)
FN:14,(anonymous_15)
FN:15,(anonymous_16)
FN:15,(anonymous_17)
FN:16,(anonymous_18)
FN:16,(anonymous_19)
FN:17,(anonymous_20)
FN:17,(anonymous_21)
FN:18,(anonymous_22)
FN:18,(anonymous_23)
FN:21,(anonymous_24)
FN:25,(anonymous_25)
FN:26,(anonymous_26)
FN:27,(anonymous_27)
FN:28,(anonymous_28)
FN:29,(anonymous_29)
FN:30,(anonymous_30)
FNF:27
FNH:0
FNDA:0,(anonymous_4)
FNDA:0,(anonymous_5)
FNDA:0,(anonymous_6)
FNDA:0,(anonymous_7)
FNDA:0,(anonymous_8)
FNDA:0,(anonymous_9)
FNDA:0,(anonymous_10)
FNDA:0,(anonymous_11)
FNDA:0,(anonymous_12)
FNDA:0,(anonymous_13)
FNDA:0,(anonymous_14)
FNDA:0,(anonymous_15)
FNDA:0,(anonymous_16)
FNDA:0,(anonymous_17)
FNDA:0,(anonymous_18)
FNDA:0,(anonymous_19)
FNDA:0,(anonymous_20)
FNDA:0,(anonymous_21)
FNDA:0,(anonymous_22)
FNDA:0,(anonymous_23)
FNDA:0,(anonymous_24)
FNDA:0,(anonymous_25)
FNDA:0,(anonymous_26)
FNDA:0,(anonymous_27)
FNDA:0,(anonymous_28)
FNDA:0,(anonymous_29)
FNDA:0,(anonymous_30)
DA:1,0
DA:2,0
DA:3,0
DA:4,0
DA:5,0
DA:6,0
DA:9,0
DA:10,0
DA:11,0
DA:12,0
DA:13,0
DA:14,0
DA:15,0
DA:16,0
DA:17,0
DA:18,0
DA:21,0
DA:24,0
DA:25,0
DA:26,0
DA:27,0
DA:28,0
DA:29,0
DA:30,0
LF:24
LH:0
BRF:0
BRH:0
end_of_record
TN:
SF:src\bin\start.ts
FN:22,(anonymous_0)
FN:45,(anonymous_1)
FN:49,(anonymous_2)
FN:55,(anonymous_3)
FN:57,(anonymous_4)
FN:60,(anonymous_5)
FN:62,(anonymous_6)
FNF:7
FNH:0
FNDA:0,(anonymous_0)
FNDA:0,(anonymous_1)
FNDA:0,(anonymous_2)
FNDA:0,(anonymous_3)
FNDA:0,(anonymous_4)
FNDA:0,(anonymous_5)
FNDA:0,(anonymous_6)
DA:15,0
DA:18,0
DA:22,0
DA:23,0
DA:24,0
DA:28,0
DA:31,0
DA:32,0
DA:33,0
DA:34,0
DA:38,0
DA:41,0
DA:43,0
DA:46,0
DA:47,0
DA:50,0
DA:51,0
DA:55,0
DA:56,0
DA:57,0
DA:60,0
DA:61,0
DA:62,0
LF:23
LH:0
BRDA:22,0,0,0
BRDA:22,0,1,0
BRDA:23,1,0,0
BRDA:23,1,1,0
BRDA:23,2,0,0
BRDA:23,2,1,0
BRDA:28,3,0,0
BRDA:28,3,1,0
BRDA:28,4,0,0
BRDA:28,4,1,0
BRDA:31,5,0,0
BRDA:31,5,1,0
BRDA:31,6,0,0
BRDA:31,6,1,0
BRDA:31,6,2,0
BRDA:38,7,0,0
BRDA:38,7,1,0
BRF:17
BRH:0
end_of_record
TN:
SF:src\cli\index.ts
FN:35,(anonymous_1)
FN:52,(anonymous_2)
FN:58,(anonymous_3)
FN:73,(anonymous_4)
FN:107,(anonymous_5)
FN:157,(anonymous_6)
FN:168,(anonymous_7)
FN:190,(anonymous_8)
FN:294,(anonymous_9)
FN:376,(anonymous_10)
FN:445,(anonymous_11)
FN:502,(anonymous_12)
FN:619,(anonymous_13)
FN:697,(anonymous_14)
FN:886,(anonymous_15)
FNF:15
FNH:0
FNDA:0,(anonymous_1)
FNDA:0,(anonymous_2)
FNDA:0,(anonymous_3)
FNDA:0,(anonymous_4)
FNDA:0,(anonymous_5)
FNDA:0,(anonymous_6)
FNDA:0,(anonymous_7)
FNDA:0,(anonymous_8)
FNDA:0,(anonymous_9)
FNDA:0,(anonymous_10)
FNDA:0,(anonymous_11)
FNDA:0,(anonymous_12)
FNDA:0,(anonymous_13)
FNDA:0,(anonymous_14)
FNDA:0,(anonymous_15)
DA:13,0
DA:14,0
DA:15,0
DA:16,0
DA:17,0
DA:18,0
DA:19,0
DA:22,0
DA:24,0
DA:26,0
DA:31,0
DA:36,0
DA:38,0
DA:41,0
DA:43,0
DA:44,0
DA:45,0
DA:46,0
DA:49,0
DA:52,0
DA:53,0
DA:54,0
DA:55,0
DA:58,0
DA:59,0
DA:60,0
DA:61,0
DA:64,0
DA:65,0
DA:69,0
DA:74,0
DA:76,0
DA:78,0
DA:79,0
DA:80,0
DA:81,0
DA:82,0
DA:83,0
DA:84,0
DA:85,0
DA:86,0
DA:87,0
DA:88,0
DA:89,0
DA:93,0
DA:95,0
DA:96,0
DA:99,0
DA:108,0
DA:109,0
DA:111,0
DA:112,0
DA:113,0
DA:114,0
DA:117,0
DA:119,0
DA:120,0
DA:121,0
DA:124,0
DA:125,0
DA:126,0
DA:127,0
DA:129,0
DA:130,0
DA:134,0
DA:135,0
DA:138,0
DA:139,0
DA:142,0
DA:143,0
DA:144,0
DA:147,0
DA:148,0
DA:149,0
DA:150,0
DA:153,0
DA:159,0
DA:161,0
DA:162,0
DA:164,0
DA:165,0
DA:167,0
DA:168,0
DA:169,0
DA:170,0
DA:171,0
DA:175,0
DA:176,0
DA:184,0
DA:191,0
DA:192,0
DA:193,0
DA:196,0
DA:197,0
DA:198,0
DA:200,0
DA:201,0
DA:202,0
DA:203,0
DA:206,0
DA:209,0
DA:219,0
DA:220,0
DA:221,0
DA:223,0
DA:226,0
DA:234,0
DA:235,0
DA:236,0
DA:237,0
DA:239,0
DA:240,0
DA:241,0
DA:242,0
DA:245,0
DA:252,0
DA:253,0
DA:254,0
DA:255,0
DA:256,0
DA:259,0
DA:260,0
DA:261,0
DA:262,0
DA:263,0
DA:266,0
DA:267,0
DA:268,0
DA:282,0
DA:283,0
DA:284,0
DA:291,0
DA:295,0
DA:296,0
DA:299,0
DA:300,0
DA:301,0
DA:302,0
DA:303,0
DA:304,0
DA:305,0
DA:306,0
DA:307,0
DA:308,0
DA:309,0
DA:310,0
DA:313,0
DA:314,0
DA:315,0
DA:316,0
DA:317,0
DA:318,0
DA:319,0
DA:320,0
DA:321,0
DA:322,0
DA:323,0
DA:324,0
DA:327,0
DA:328,0
DA:329,0
DA:330,0
DA:331,0
DA:332,0
DA:333,0
DA:334,0
DA:335,0
DA:336,0
DA:337,0
DA:338,0
DA:341,0
DA:342,0
DA:343,0
DA:344,0
DA:345,0
DA:346,0
DA:347,0
DA:348,0
DA:349,0
DA:350,0
DA:351,0
DA:352,0
DA:353,0
DA:356,0
DA:357,0
DA:358,0
DA:359,0
DA:360,0
DA:361,0
DA:362,0
DA:363,0
DA:364,0
DA:365,0
DA:367,0
DA:373,0
DA:377,0
DA:378,0
DA:380,0
DA:381,0
DA:384,0
DA:385,0
DA:386,0
DA:388,0
DA:389,0
DA:390,0
DA:392,0
DA:393,0
DA:394,0
DA:395,0
DA:396,0
DA:397,0
DA:400,0
DA:401,0
DA:402,0
DA:403,0
DA:404,0
DA:405,0
DA:406,0
DA:409,0
DA:410,0
DA:411,0
DA:413,0
DA:414,0
DA:416,0
DA:417,0
DA:418,0
DA:420,0
DA:423,0
DA:424,0
DA:425,0
DA:426,0
DA:427,0
DA:428,0
DA:429,0
DA:430,0
DA:431,0
DA:432,0
DA:434,0
DA:440,0
DA:446,0
DA:448,0
DA:449,0
DA:450,0
DA:451,0
DA:452,0
DA:455,0
DA:456,0
DA:457,0
DA:458,0
DA:459,0
DA:460,0
DA:461,0
DA:462,0
DA:466,0
DA:467,0
DA:469,0
DA:470,0
DA:471,0
DA:473,0
DA:475,0
DA:476,0
DA:478,0
DA:479,0
DA:480,0
DA:481,0
DA:482,0
DA:483,0
DA:485,0
DA:488,0
DA:489,0
DA:490,0
DA:491,0
DA:497,0
DA:503,0
DA:504,0
DA:505,0
DA:507,0
DA:508,0
DA:510,0
DA:511,0
DA:512,0
DA:513,0
DA:516,0
DA:518,0
DA:519,0
DA:521,0
DA:522,0
DA:523,0
DA:525,0
DA:526,0
DA:527,0
DA:529,0
DA:533,0
DA:534,0
DA:538,0
DA:568,0
DA:594,0
DA:595,0
DA:597,0
DA:598,0
DA:599,0
DA:600,0
DA:601,0
DA:602,0
DA:603,0
DA:604,0
DA:605,0
DA:606,0
DA:607,0
DA:613,0
DA:620,0
DA:621,0
DA:622,0
DA:624,0
DA:625,0
DA:626,0
DA:627,0
DA:628,0
DA:631,0
DA:632,0
DA:641,0
DA:643,0
DA:644,0
DA:645,0
DA:646,0
DA:647,0
DA:648,0
DA:649,0
DA:652,0
DA:653,0
DA:655,0
DA:656,0
DA:657,0
DA:658,0
DA:659,0
DA:660,0
DA:661,0
DA:663,0
DA:664,0
DA:667,0
DA:668,0
DA:669,0
DA:670,0
DA:673,0
DA:675,0
DA:676,0
DA:677,0
DA:679,0
DA:680,0
DA:681,0
DA:682,0
DA:686,0
DA:687,0
DA:693,0
DA:698,0
DA:699,0
DA:701,0
DA:704,0
DA:705,0
DA:706,0
DA:707,0
DA:708,0
DA:712,0
DA:765,0
DA:768,0
DA:769,0
DA:816,0
DA:817,0
DA:821,0
DA:822,0
DA:823,0
DA:826,0
DA:827,0
DA:856,0
DA:857,0
DA:860,0
DA:861,0
DA:862,0
DA:863,0
DA:864,0
DA:865,0
DA:866,0
DA:867,0
DA:868,0
DA:869,0
DA:870,0
DA:871,0
DA:872,0
DA:873,0
DA:874,0
DA:875,0
DA:882,0
DA:887,0
DA:888,0
DA:890,0
DA:891,0
DA:892,0
DA:893,0
DA:895,0
DA:896,0
DA:897,0
DA:898,0
DA:900,0
DA:901,0
DA:902,0
DA:903,0
DA:904,0
DA:905,0
DA:906,0
DA:907,0
DA:908,0
DA:909,0
DA:911,0
DA:912,0
DA:915,0
DA:916,0
DA:917,0
DA:918,0
DA:921,0
LF:419
LH:0
BRDA:74,0,0,0
BRDA:74,0,1,0
BRDA:88,1,0,0
BRDA:88,1,1,0
BRDA:111,2,0,0
BRDA:111,2,1,0
BRDA:117,3,0,0
BRDA:117,3,1,0
BRDA:124,4,0,0
BRDA:124,4,1,0
BRDA:126,5,0,0
BRDA:126,5,1,0
BRDA:134,6,0,0
BRDA:134,6,1,0
BRDA:138,7,0,0
BRDA:138,7,1,0
BRDA:145,8,0,0
BRDA:145,8,1,0
BRDA:145,9,0,0
BRDA:145,9,1,0
BRDA:164,10,0,0
BRDA:164,10,1,0
BRDA:170,11,0,0
BRDA:170,11,1,0
BRDA:191,12,0,0
BRDA:191,12,1,0
BRDA:192,13,0,0
BRDA:192,13,1,0
BRDA:193,14,0,0
BRDA:193,14,1,0
BRDA:201,15,0,0
BRDA:201,15,1,0
BRDA:223,16,0,0
BRDA:223,16,1,0
BRDA:226,17,0,0
BRDA:226,17,1,0
BRDA:228,18,0,0
BRDA:228,18,1,0
BRDA:230,19,0,0
BRDA:230,19,1,0
BRDA:245,20,0,0
BRDA:245,20,1,0
BRDA:247,21,0,0
BRDA:247,21,1,0
BRDA:249,22,0,0
BRDA:249,22,1,0
BRDA:389,23,0,0
BRDA:389,23,1,0
BRDA:389,24,0,0
BRDA:389,24,1,0
BRDA:390,25,0,0
BRDA:390,25,1,0
BRDA:390,26,0,0
BRDA:390,26,1,0
BRDA:413,27,0,0
BRDA:413,27,1,0
BRDA:448,28,0,0
BRDA:448,28,1,0
BRDA:450,29,0,0
BRDA:450,29,1,0
BRDA:450,30,0,0
BRDA:450,30,1,0
BRDA:470,31,0,0
BRDA:470,31,1,0
BRDA:473,32,0,0
BRDA:473,32,1,0
BRDA:473,33,0,0
BRDA:473,33,1,0
BRDA:473,34,0,0
BRDA:473,34,1,0
BRDA:475,35,0,0
BRDA:475,35,1,0
BRDA:475,36,0,0
BRDA:475,36,1,0
BRDA:478,37,0,0
BRDA:478,37,1,0
BRDA:481,38,0,0
BRDA:481,38,1,0
BRDA:510,39,0,0
BRDA:510,39,1,0
BRDA:516,40,0,0
BRDA:516,40,1,0
BRDA:521,41,0,0
BRDA:521,41,1,0
BRDA:525,42,0,0
BRDA:525,42,1,0
BRDA:533,43,0,0
BRDA:533,43,1,0
BRDA:655,44,0,0
BRDA:655,44,1,0
BRDA:655,45,0,0
BRDA:655,45,1,0
BRDA:655,45,2,0
BRDA:658,46,0,0
BRDA:658,46,1,0
BRDA:658,47,0,0
BRDA:658,47,1,0
BRDA:661,48,0,0
BRDA:661,48,1,0
BRDA:661,49,0,0
BRDA:661,49,1,0
BRDA:667,50,0,0
BRDA:667,50,1,0
BRDA:675,51,0,0
BRDA:675,51,1,0
BRDA:681,52,0,0
BRDA:681,52,1,0
BRDA:705,53,0,0
BRDA:705,53,1,0
BRDA:705,54,0,0
BRDA:705,54,1,0
BRDA:816,55,0,0
BRDA:816,55,1,0
BRDA:822,56,0,0
BRDA:822,56,1,0
BRDA:856,57,0,0
BRDA:856,57,1,0
BRDA:887,58,0,0
BRDA:887,58,1,0
BRDA:911,59,0,0
BRDA:911,59,1,0
BRF:121
BRH:0
end_of_record
TN:
SF:src\cli\storage.ts
FN:40,ensureStorage
FN:49,loadRequestHistory
FN:75,getRecentRequestsByHash
FN:79,(anonymous_12)
FN:85,getRecentRequests
FN:89,(anonymous_14)
FN:95,appendRequest
FN:104,getCLIStats
FN:113,(anonymous_17)
FN:117,(anonymous_18)
FN:118,(anonymous_19)
FN:119,(anonymous_20)
FN:120,(anonymous_21)
FN:120,(anonymous_22)
FN:127,getBlockedRequests
FN:132,(anonymous_24)
FN:133,(anonymous_25)
FN:140,clearHistory
FNF:18
FNH:0
FNDA:0,ensureStorage
FNDA:0,loadRequestHistory
FNDA:0,getRecentRequestsByHash
FNDA:0,(anonymous_12)
FNDA:0,getRecentRequests
FNDA:0,(anonymous_14)
FNDA:0,appendRequest
FNDA:0,getCLIStats
FNDA:0,(anonymous_17)
FNDA:0,(anonymous_18)
FNDA:0,(anonymous_19)
FNDA:0,(anonymous_20)
FNDA:0,(anonymous_21)
FNDA:0,(anonymous_22)
FNDA:0,getBlockedRequests
FNDA:0,(anonymous_24)
FNDA:0,(anonymous_25)
FNDA:0,clearHistory
DA:7,0
DA:8,0
DA:9,0
DA:34,0
DA:35,0
DA:41,0
DA:42,0
DA:49,0
DA:50,0
DA:52,0
DA:53,0
DA:56,0
DA:57,0
DA:59,0
DA:60,0
DA:61,0
DA:62,0
DA:63,0
DA:69,0
DA:75,0
DA:76,0
DA:77,0
DA:79,0
DA:85,0
DA:86,0
DA:87,0
DA:89,0
DA:95,0
DA:96,0
DA:97,0
DA:98,0
DA:104,0
DA:111,0
DA:112,0
DA:113,0
DA:115,0
DA:117,0
DA:118,0
DA:119,0
DA:120,0
DA:127,0
DA:128,0
DA:129,0
DA:131,0
DA:132,0
DA:133,0
DA:140,0
DA:141,0
DA:142,0
LF:49
LH:0
BRDA:41,0,0,0
BRDA:41,0,1,0
BRDA:52,1,0,0
BRDA:52,1,1,0
BRDA:60,2,0,0
BRDA:60,2,1,0
BRDA:75,3,0,0
BRDA:79,4,0,0
BRDA:79,4,1,0
BRDA:85,5,0,0
BRDA:104,6,0,0
BRDA:118,7,0,0
BRDA:118,7,1,0
BRDA:127,8,0,0
BRDA:132,9,0,0
BRDA:132,9,1,0
BRDA:141,10,0,0
BRDA:141,10,1,0
BRF:18
BRH:0
end_of_record
TN:
SF:src\config\constants.ts
FNF:0
FNH:0
DA:8,11
DA:51,11
DA:69,11
DA:81,11
DA:99,11
DA:113,11
DA:120,11
DA:134,11
DA:143,11
DA:154,11
DA:169,11
DA:184,11
LF:12
LH:12
BRF:0
BRH:0
end_of_record
TN:
SF:src\config\index.ts
FNF:0
FNH:0
DA:1,11
DA:2,11
DA:3,11
LF:3
LH:3
BRF:0
BRH:0
end_of_record
TN:
SF:src\config\pricing.ts
FN:86,normalize
FN:90,registerDefaults
FN:96,registerPricingModel
FN:115,getModelPricing
FN:126,(anonymous_4)
FN:131,listPricingModels
FN:135,estimateCost
FNF:7
FNH:5
FNDA:1483,normalize
FNDA:11,registerDefaults
FNDA:276,registerPricingModel
FNDA:1162,getModelPricing
FNDA:0,(anonymous_4)
FNDA:0,listPricingModels
FNDA:581,estimateCost
DA:38,11
DA:40,11
DA:41,11
DA:43,11
DA:87,1483
DA:91,11
DA:92,275
DA:96,11
DA:97,276
DA:98,276
DA:106,276
DA:107,276
DA:108,276
DA:109,45
DA:112,276
DA:115,11
DA:116,1162
DA:117,1162
DA:118,1162
DA:119,1162
DA:122,0
DA:123,0
DA:126,0
DA:128,0
DA:131,11
DA:132,0
DA:135,11
DA:141,581
DA:142,581
DA:144,581
DA:145,581
DA:146,581
DA:147,581
DA:149,581
DA:150,581
DA:151,581
DA:152,581
DA:153,581
DA:154,581
DA:155,581
DA:157,581
DA:160,11
LF:42
LH:37
BRDA:101,0,0,276
BRDA:101,0,1,0
BRDA:102,1,0,276
BRDA:102,1,1,276
BRDA:103,2,0,276
BRDA:103,2,1,231
BRDA:118,3,0,1162
BRDA:118,3,1,0
BRDA:118,4,0,1162
BRDA:118,4,1,1162
BRDA:122,5,0,0
BRDA:122,5,1,0
BRDA:126,6,0,0
BRDA:126,6,1,0
BRDA:128,7,0,0
BRDA:128,7,1,0
BRDA:142,8,0,0
BRDA:142,8,1,581
BRDA:144,9,0,581
BRDA:144,9,1,580
BRDA:146,10,0,581
BRDA:146,10,1,581
BRDA:150,11,0,581
BRDA:150,11,1,580
BRDA:152,12,0,581
BRDA:152,12,1,581
BRDA:153,13,0,581
BRDA:153,13,1,581
BRDA:153,14,0,581
BRDA:153,14,1,581
BRDA:154,15,0,581
BRDA:154,15,1,581
BRDA:154,16,0,581
BRDA:154,16,1,581
BRDA:155,17,0,581
BRDA:155,17,1,581
BRDA:155,18,0,581
BRDA:155,18,1,581
BRF:38
BRH:29
end_of_record
TN:
SF:src\config\userConfig.ts
FN:168,(anonymous_9)
FN:182,(anonymous_10)
FN:198,(anonymous_11)
FN:202,(anonymous_12)
FN:249,(anonymous_13)
FN:253,(anonymous_14)
FN:258,(anonymous_15)
FN:263,(anonymous_16)
FN:267,(anonymous_17)
FN:271,(anonymous_18)
FN:275,(anonymous_19)
FN:279,(anonymous_20)
FN:283,(anonymous_21)
FN:287,(anonymous_22)
FN:291,(anonymous_23)
FN:295,(anonymous_24)
FN:299,(anonymous_25)
FN:303,(anonymous_26)
FN:307,(anonymous_27)
FN:311,(anonymous_28)
FN:315,(anonymous_29)
FNF:21
FNH:14
FNDA:2066,(anonymous_9)
FNDA:2066,(anonymous_10)
FNDA:8,(anonymous_11)
FNDA:2066,(anonymous_12)
FNDA:1594,(anonymous_13)
FNDA:8,(anonymous_14)
FNDA:0,(anonymous_15)
FNDA:596,(anonymous_16)
FNDA:562,(anonymous_17)
FNDA:8,(anonymous_18)
FNDA:0,(anonymous_19)
FNDA:0,(anonymous_20)
FNDA:0,(anonymous_21)
FNDA:554,(anonymous_22)
FNDA:699,(anonymous_23)
FNDA:730,(anonymous_24)
FNDA:34,(anonymous_25)
FNDA:0,(anonymous_26)
FNDA:0,(anonymous_27)
FNDA:0,(anonymous_28)
FNDA:423,(anonymous_29)
DA:1,11
DA:2,11
DA:3,11
DA:113,11
DA:164,11
DA:169,2066
DA:170,2066
DA:172,2066
DA:173,0
DA:176,2066
DA:177,2066
DA:179,2066
DA:183,2066
DA:184,0
DA:185,0
DA:188,2066
DA:189,2066
DA:190,2066
DA:191,2066
DA:193,0
DA:194,0
DA:199,8
DA:203,2066
DA:204,2066
DA:205,2066
DA:206,2066
DA:208,2066
DA:246,2066
DA:250,1594
DA:254,8
DA:255,8
DA:259,0
DA:260,0
DA:264,596
DA:268,562
DA:272,8
DA:276,0
DA:280,0
DA:284,0
DA:288,554
DA:292,699
DA:296,730
DA:300,34
DA:304,0
DA:308,0
DA:312,0
DA:316,423
LF:47
LH:34
BRDA:172,0,0,0
BRDA:172,0,1,2066
BRDA:178,1,0,2066
BRDA:178,1,1,2066
BRDA:178,2,0,0
BRDA:178,2,1,2066
BRDA:183,3,0,0
BRDA:183,3,1,2066
BRDA:203,4,0,2066
BRDA:203,4,1,0
BRDA:204,5,0,2066
BRDA:204,5,1,0
BRDA:205,6,0,2066
BRDA:205,6,1,0
BRDA:206,7,0,2066
BRDA:206,7,1,0
BRDA:211,8,0,2066
BRDA:211,8,1,0
BRDA:212,9,0,2066
BRDA:212,9,1,0
BRDA:213,10,0,2066
BRDA:213,10,1,0
BRDA:214,11,0,2066
BRDA:214,11,1,0
BRDA:215,12,0,2066
BRDA:215,12,1,0
BRDA:216,13,0,2066
BRDA:216,13,1,0
BRDA:219,14,0,2066
BRDA:219,14,1,0
BRDA:220,15,0,2066
BRDA:220,15,1,0
BRDA:220,15,2,0
BRDA:221,16,0,2066
BRDA:221,16,1,0
BRDA:221,16,2,0
BRDA:223,17,0,2066
BRDA:223,17,1,0
BRDA:224,18,0,2066
BRDA:224,18,1,0
BRDA:227,19,0,2066
BRDA:227,19,1,0
BRDA:228,20,0,2066
BRDA:228,20,1,0
BRDA:232,21,0,2066
BRDA:232,21,1,0
BRDA:235,22,0,2066
BRDA:235,22,1,0
BRDA:240,23,0,2066
BRDA:240,23,1,0
BRDA:241,24,0,2066
BRDA:241,24,1,0
BRDA:242,25,0,2066
BRDA:242,25,1,0
BRDA:284,26,0,0
BRDA:284,26,1,0
BRF:56
BRH:27
end_of_record
TN:
SF:src\core\AlertManager.ts
FN:26,(anonymous_1)
FN:33,(anonymous_2)
FN:45,(anonymous_3)
FN:51,(anonymous_4)
FNF:4
FNH:2
FNDA:11,(anonymous_1)
FNDA:423,(anonymous_2)
FNDA:0,(anonymous_3)
FNDA:0,(anonymous_4)
DA:1,11
DA:2,11
DA:16,11
DA:23,11
DA:27,11
DA:28,11
DA:30,11
DA:34,423
DA:35,423
DA:36,423
DA:39,0
DA:40,0
DA:41,0
DA:42,0
DA:44,0
DA:45,0
DA:52,0
DA:54,0
DA:55,0
DA:58,0
DA:59,0
DA:71,0
DA:78,11
LF:23
LH:11
BRDA:27,0,0,11
BRDA:27,0,1,0
BRDA:35,1,0,423
BRDA:35,1,1,0
BRDA:35,2,0,423
BRDA:35,2,1,0
BRDA:40,3,0,0
BRDA:40,3,1,0
BRDA:41,4,0,0
BRDA:41,4,1,0
BRDA:42,5,0,0
BRDA:42,5,1,0
BRDA:54,6,0,0
BRDA:54,6,1,0
BRDA:58,7,0,0
BRDA:58,7,1,0
BRDA:64,8,0,0
BRDA:64,8,1,0
BRF:18
BRH:3
end_of_record
TN:
SF:src\core\AuditTrail.ts
FN:69,(anonymous_9)
FN:77,(anonymous_10)
FN:84,(anonymous_11)
FN:90,(anonymous_12)
FN:102,(anonymous_13)
FN:114,(anonymous_14)
FN:153,(anonymous_15)
FN:169,(anonymous_16)
FN:173,(anonymous_17)
FN:177,(anonymous_18)
FN:181,(anonymous_19)
FN:185,(anonymous_20)
FN:189,(anonymous_21)
FN:201,(anonymous_22)
FN:203,(anonymous_23)
FN:210,(anonymous_24)
FN:212,(anonymous_25)
FN:219,(anonymous_26)
FN:221,(anonymous_27)
FN:228,(anonymous_28)
FN:231,(anonymous_29)
FN:232,(anonymous_30)
FN:233,(anonymous_31)
FN:235,(anonymous_32)
FN:236,(anonymous_33)
FN:266,(anonymous_34)
FN:275,(anonymous_35)
FN:289,(anonymous_36)
FN:296,(anonymous_37)
FNF:29
FNH:0
FNDA:0,(anonymous_9)
FNDA:0,(anonymous_10)
FNDA:0,(anonymous_11)
FNDA:0,(anonymous_12)
FNDA:0,(anonymous_13)
FNDA:0,(anonymous_14)
FNDA:0,(anonymous_15)
FNDA:0,(anonymous_16)
FNDA:0,(anonymous_17)
FNDA:0,(anonymous_18)
FNDA:0,(anonymous_19)
FNDA:0,(anonymous_20)
FNDA:0,(anonymous_21)
FNDA:0,(anonymous_22)
FNDA:0,(anonymous_23)
FNDA:0,(anonymous_24)
FNDA:0,(anonymous_25)
FNDA:0,(anonymous_26)
FNDA:0,(anonymous_27)
FNDA:0,(anonymous_28)
FNDA:0,(anonymous_29)
FNDA:0,(anonymous_30)
FNDA:0,(anonymous_31)
FNDA:0,(anonymous_32)
FNDA:0,(anonymous_33)
FNDA:0,(anonymous_34)
FNDA:0,(anonymous_35)
FNDA:0,(anonymous_36)
FNDA:0,(anonymous_37)
DA:8,0
DA:9,0
DA:10,0
DA:61,0
DA:67,0
DA:70,0
DA:71,0
DA:72,0
DA:73,0
DA:74,0
DA:78,0
DA:79,0
DA:81,0
DA:85,0
DA:86,0
DA:91,0
DA:92,0
DA:93,0
DA:94,0
DA:97,0
DA:99,0
DA:103,0
DA:104,0
DA:105,0
DA:107,0
DA:115,0
DA:116,0
DA:125,0
DA:127,0
DA:128,0
DA:130,0
DA:131,0
DA:133,0
DA:134,0
DA:136,0
DA:139,0
DA:140,0
DA:143,0
DA:144,0
DA:147,0
DA:154,0
DA:157,0
DA:158,0
DA:160,0
DA:161,0
DA:163,0
DA:164,0
DA:168,0
DA:169,0
DA:172,0
DA:173,0
DA:176,0
DA:177,0
DA:180,0
DA:181,0
DA:184,0
DA:185,0
DA:189,0
DA:191,0
DA:192,0
DA:195,0
DA:202,0
DA:203,0
DA:211,0
DA:212,0
DA:220,0
DA:221,0
DA:229,0
DA:231,0
DA:232,0
DA:233,0
DA:235,0
DA:236,0
DA:239,0
DA:240,0
DA:241,0
DA:245,0
DA:246,0
DA:247,0
DA:250,0
DA:267,0
DA:268,0
DA:269,0
DA:276,0
DA:277,0
DA:278,0
DA:279,0
DA:281,0
DA:282,0
DA:290,0
DA:297,0
DA:302,0
LF:92
LH:0
BRDA:78,0,0,0
BRDA:78,0,1,0
BRDA:85,1,0,0
BRDA:85,1,1,0
BRDA:92,2,0,0
BRDA:92,2,1,0
BRDA:125,3,0,0
BRDA:125,3,1,0
BRDA:125,3,2,0
BRDA:125,3,3,0
BRDA:143,4,0,0
BRDA:143,4,1,0
BRDA:153,5,0,0
BRDA:157,6,0,0
BRDA:157,6,1,0
BRDA:157,7,0,0
BRDA:157,7,1,0
BRDA:160,8,0,0
BRDA:160,8,1,0
BRDA:160,9,0,0
BRDA:160,9,1,0
BRDA:163,10,0,0
BRDA:163,10,1,0
BRDA:163,11,0,0
BRDA:163,11,1,0
BRDA:168,12,0,0
BRDA:168,12,1,0
BRDA:172,13,0,0
BRDA:172,13,1,0
BRDA:176,14,0,0
BRDA:176,14,1,0
BRDA:180,15,0,0
BRDA:180,15,1,0
BRDA:184,16,0,0
BRDA:184,16,1,0
BRDA:191,17,0,0
BRDA:191,17,1,0
BRDA:201,18,0,0
BRDA:210,19,0,0
BRDA:219,20,0,0
BRDA:228,21,0,0
BRDA:241,22,0,0
BRDA:241,22,1,0
BRDA:247,23,0,0
BRDA:247,23,1,0
BRF:45
BRH:0
end_of_record
TN:
SF:src\core\CostLedger.ts
FN:69,(anonymous_0)
FN:71,(anonymous_1)
FN:81,(anonymous_2)
FN:119,(anonymous_3)
FN:120,(anonymous_4)
FN:166,(anonymous_5)
FN:167,(anonymous_6)
FN:184,(anonymous_7)
FN:186,(anonymous_8)
FN:226,(anonymous_9)
FN:248,(anonymous_10)
FN:250,(anonymous_11)
FN:251,(anonymous_12)
FN:258,(anonymous_13)
FN:283,(anonymous_14)
FN:290,(anonymous_15)
FN:297,(anonymous_16)
FN:306,(anonymous_17)
FNF:18
FNH:0
FNDA:0,(anonymous_0)
FNDA:0,(anonymous_1)
FNDA:0,(anonymous_2)
FNDA:0,(anonymous_3)
FNDA:0,(anonymous_4)
FNDA:0,(anonymous_5)
FNDA:0,(anonymous_6)
FNDA:0,(anonymous_7)
FNDA:0,(anonymous_8)
FNDA:0,(anonymous_9)
FNDA:0,(anonymous_10)
FNDA:0,(anonymous_11)
FNDA:0,(anonymous_12)
FNDA:0,(anonymous_13)
FNDA:0,(anonymous_14)
FNDA:0,(anonymous_15)
FNDA:0,(anonymous_16)
FNDA:0,(anonymous_17)
DA:18,0
DA:64,0
DA:66,0
DA:67,0
DA:72,0
DA:73,0
DA:75,0
DA:91,0
DA:93,0
DA:109,0
DA:110,0
DA:112,0
DA:120,0
DA:121,0
DA:124,0
DA:126,0
DA:128,0
DA:139,0
DA:141,0
DA:152,0
DA:156,0
DA:157,0
DA:160,0
DA:167,0
DA:168,0
DA:170,0
DA:171,0
DA:174,0
DA:175,0
DA:178,0
DA:185,0
DA:186,0
DA:188,0
DA:189,0
DA:190,0
DA:191,0
DA:192,0
DA:193,0
DA:195,0
DA:196,0
DA:197,0
DA:198,0
DA:200,0
DA:201,0
DA:202,0
DA:203,0
DA:207,0
DA:210,0
DA:212,0
DA:232,0
DA:238,0
DA:239,0
DA:242,0
DA:249,0
DA:250,0
DA:251,0
DA:266,0
DA:268,0
DA:270,0
DA:284,0
DA:291,0
DA:298,0
DA:299,0
DA:307,0
DA:312,0
LF:65
LH:0
BRDA:72,0,0,0
BRDA:72,0,1,0
BRDA:102,1,0,0
BRDA:102,1,1,0
BRDA:103,2,0,0
BRDA:103,2,1,0
BRDA:121,3,0,0
BRDA:121,3,1,0
BRDA:126,4,0,0
BRDA:126,4,1,0
BRDA:156,5,0,0
BRDA:156,5,1,0
BRDA:168,6,0,0
BRDA:168,6,1,0
BRDA:174,7,0,0
BRDA:174,7,1,0
BRDA:184,8,0,0
BRDA:200,9,0,0
BRDA:200,9,1,0
BRDA:202,10,0,0
BRDA:202,10,1,0
BRDA:207,11,0,0
BRDA:207,11,1,0
BRDA:210,12,0,0
BRDA:210,12,1,0
BRDA:238,13,0,0
BRDA:238,13,1,0
BRDA:248,14,0,0
BRDA:258,15,0,0
BRDA:268,16,0,0
BRDA:268,16,1,0
BRDA:298,17,0,0
BRDA:298,17,1,0
BRF:33
BRH:0
end_of_record
TN:
SF:src\core\CostTruthEngine.ts
FN:58,(anonymous_0)
FN:60,(anonymous_1)
FN:74,(anonymous_2)
FN:111,(anonymous_3)
FN:116,(anonymous_4)
FN:136,(anonymous_5)
FN:152,(anonymous_6)
FN:154,(anonymous_7)
FN:160,(anonymous_8)
FN:179,(anonymous_9)
FN:206,(anonymous_10)
FN:221,(anonymous_11)
FN:228,(anonymous_12)
FNF:13
FNH:0
FNDA:0,(anonymous_0)
FNDA:0,(anonymous_1)
FNDA:0,(anonymous_2)
FNDA:0,(anonymous_3)
FNDA:0,(anonymous_4)
FNDA:0,(anonymous_5)
FNDA:0,(anonymous_6)
FNDA:0,(anonymous_7)
FNDA:0,(anonymous_8)
FNDA:0,(anonymous_9)
FNDA:0,(anonymous_10)
FNDA:0,(anonymous_11)
FNDA:0,(anonymous_12)
DA:17,0
DA:54,0
DA:56,0
DA:61,0
DA:62,0
DA:64,0
DA:81,0
DA:82,0
DA:83,0
DA:84,0
DA:87,0
DA:88,0
DA:92,0
DA:93,0
DA:96,0
DA:98,0
DA:112,0
DA:115,0
DA:116,0
DA:119,0
DA:122,0
DA:124,0
DA:137,0
DA:141,0
DA:144,0
DA:145,0
DA:153,0
DA:154,0
DA:165,0
DA:166,0
DA:167,0
DA:169,0
DA:185,0
DA:188,0
DA:192,0
DA:194,0
DA:207,0
DA:221,0
DA:222,0
DA:229,0
DA:234,0
LF:41
LH:0
BRDA:61,0,0,0
BRDA:61,0,1,0
BRDA:87,1,0,0
BRDA:87,1,1,0
BRDA:92,2,0,0
BRDA:92,2,1,0
BRDA:111,3,0,0
BRDA:144,4,0,0
BRDA:144,4,1,0
BRDA:152,5,0,0
BRDA:167,6,0,0
BRDA:167,6,1,0
BRDA:188,7,0,0
BRDA:188,7,1,0
BRDA:192,8,0,0
BRDA:192,8,1,0
BRDA:192,9,0,0
BRDA:192,9,1,0
BRDA:222,10,0,0
BRDA:222,10,1,0
BRF:20
BRH:0
end_of_record
TN:
SF:src\core\DetectionEngine.ts
FN:39,getRiskLevel
FN:76,(anonymous_1)
FN:78,(anonymous_2)
FN:85,(anonymous_3)
FN:257,(anonymous_4)
FN:271,(anonymous_5)
FN:284,(anonymous_6)
FN:300,(anonymous_7)
FN:323,(anonymous_8)
FN:347,(anonymous_9)
FN:355,(anonymous_10)
FN:380,(anonymous_11)
FN:408,(anonymous_12)
FN:440,(anonymous_13)
FN:444,(anonymous_14)
FN:448,(anonymous_15)
FN:452,(anonymous_16)
FN:456,(anonymous_17)
FN:460,(anonymous_18)
FNF:19
FNH:18
FNDA:1117,getRiskLevel
FNDA:11,(anonymous_1)
FNDA:71,(anonymous_2)
FNDA:694,(anonymous_3)
FNDA:690,(anonymous_4)
FNDA:487,(anonymous_5)
FNDA:450,(anonymous_6)
FNDA:7,(anonymous_7)
FNDA:403,(anonymous_8)
FNDA:421,(anonymous_9)
FNDA:423,(anonymous_10)
FNDA:694,(anonymous_11)
FNDA:691,(anonymous_12)
FNDA:27,(anonymous_13)
FNDA:3,(anonymous_14)
FNDA:199,(anonymous_15)
FNDA:9,(anonymous_16)
FNDA:1,(anonymous_17)
FNDA:0,(anonymous_18)
DA:7,11
DA:8,11
DA:9,11
DA:10,11
DA:12,11
DA:40,1117
DA:41,899
DA:42,891
DA:43,125
DA:66,11
DA:68,11
DA:69,11
DA:70,11
DA:71,11
DA:72,11
DA:73,11
DA:74,11
DA:79,71
DA:80,11
DA:82,71
DA:86,694
DA:87,694
DA:88,694
DA:94,694
DA:95,2
DA:104,692
DA:105,1
DA:114,691
DA:115,1
DA:116,1
DA:117,1
DA:126,690
DA:127,690
DA:129,690
DA:130,690
DA:131,203
DA:132,203
DA:133,203
DA:143,487
DA:144,487
DA:145,35
DA:146,35
DA:147,35
DA:148,35
DA:149,35
DA:159,452
DA:166,452
DA:167,452
DA:168,2
DA:169,2
DA:170,2
DA:171,2
DA:172,2
DA:182,450
DA:183,450
DA:184,41
DA:185,41
DA:186,41
DA:187,0
DA:189,41
DA:190,41
DA:191,41
DA:201,409
DA:202,7
DA:203,7
DA:204,6
DA:205,6
DA:206,6
DA:207,6
DA:208,6
DA:220,403
DA:221,403
DA:222,339
DA:223,339
DA:224,339
DA:225,339
DA:235,339
DA:246,64
DA:247,64
DA:258,690
DA:259,690
DA:260,690
DA:261,203
DA:268,487
DA:272,487
DA:273,487
DA:274,35
DA:281,452
DA:285,450
DA:286,41
DA:287,41
DA:288,41
DA:290,41
DA:297,409
DA:304,7
DA:305,7
DA:306,7
DA:308,7
DA:309,6
DA:310,6
DA:312,6
DA:320,1
DA:328,403
DA:330,403
DA:331,344
DA:333,344
DA:335,344
DA:336,339
DA:344,64
DA:348,421
DA:349,416
DA:350,415
DA:351,0
DA:352,0
DA:363,423
DA:373,423
DA:374,0
DA:375,423
DA:376,0
DA:387,694
DA:388,694
DA:389,694
DA:391,694
DA:393,694
DA:394,694
DA:396,694
DA:418,691
DA:437,691
DA:441,27
DA:445,3
DA:449,199
DA:453,9
DA:457,1
DA:461,0
DA:462,0
DA:466,11
LF:136
LH:129
BRDA:40,0,0,218
BRDA:40,0,1,899
BRDA:41,1,0,8
BRDA:41,1,1,891
BRDA:42,2,0,766
BRDA:42,2,1,125
BRDA:79,3,0,11
BRDA:79,3,1,60
BRDA:86,4,0,110
BRDA:86,5,0,139
BRDA:87,6,0,694
BRDA:87,6,1,693
BRDA:89,7,0,694
BRDA:89,7,1,136
BRDA:94,8,0,2
BRDA:94,8,1,692
BRDA:94,9,0,694
BRDA:94,9,1,693
BRDA:94,9,2,693
BRDA:104,10,0,1
BRDA:104,10,1,691
BRDA:104,11,0,692
BRDA:104,11,1,692
BRDA:114,12,0,1
BRDA:114,12,1,690
BRDA:130,13,0,203
BRDA:130,13,1,487
BRDA:144,14,0,35
BRDA:144,14,1,452
BRDA:166,15,0,452
BRDA:166,15,1,449
BRDA:167,16,0,2
BRDA:167,16,1,450
BRDA:167,17,0,452
BRDA:167,17,1,7
BRDA:169,18,0,2
BRDA:169,18,1,0
BRDA:183,19,0,41
BRDA:183,19,1,409
BRDA:186,20,0,0
BRDA:186,20,1,41
BRDA:201,21,0,7
BRDA:201,21,1,402
BRDA:203,22,0,6
BRDA:203,22,1,1
BRDA:221,23,0,339
BRDA:221,23,1,64
BRDA:260,24,0,203
BRDA:260,24,1,487
BRDA:273,25,0,35
BRDA:273,25,1,452
BRDA:285,26,0,41
BRDA:285,26,1,409
BRDA:306,27,0,7
BRDA:306,27,1,0
BRDA:308,28,0,6
BRDA:308,28,1,1
BRDA:331,29,0,0
BRDA:331,29,1,344
BRDA:335,30,0,339
BRDA:335,30,1,5
BRDA:348,31,0,5
BRDA:348,31,1,416
BRDA:349,32,0,1
BRDA:349,32,1,415
BRDA:350,33,0,415
BRDA:350,33,1,0
BRDA:351,34,0,0
BRDA:351,34,1,0
BRDA:373,35,0,0
BRDA:373,35,1,423
BRDA:373,36,0,423
BRDA:373,36,1,7
BRDA:375,37,0,0
BRDA:375,37,1,423
BRDA:375,38,0,423
BRDA:375,38,1,415
BRDA:389,39,0,213
BRDA:389,39,1,481
BRDA:393,40,0,212
BRDA:393,40,1,482
BRDA:393,41,0,212
BRDA:393,41,1,0
BRDA:440,42,0,0
BRDA:444,43,0,0
BRDA:456,44,0,0
BRDA:461,45,0,0
BRDA:461,45,1,0
BRF:88
BRH:73
end_of_record
TN:
SF:src\core\Logger.ts
FN:74,(anonymous_9)
FN:80,(anonymous_10)
FN:90,(anonymous_11)
FN:99,(anonymous_12)
FN:114,(anonymous_13)
FN:127,(anonymous_14)
FN:152,(anonymous_15)
FN:156,(anonymous_16)
FN:160,(anonymous_17)
FN:164,(anonymous_18)
FN:168,(anonymous_19)
FN:172,(anonymous_20)
FN:176,(anonymous_21)
FN:188,(anonymous_22)
FN:192,(anonymous_23)
FN:193,(anonymous_24)
FN:194,(anonymous_25)
FN:196,(anonymous_26)
FN:197,(anonymous_27)
FN:199,(anonymous_28)
FN:216,(anonymous_29)
FN:223,(anonymous_30)
FN:230,(anonymous_31)
FN:237,(anonymous_32)
FN:244,(anonymous_33)
FN:258,(anonymous_34)
FN:265,(anonymous_35)
FNF:27
FNH:0
FNDA:0,(anonymous_9)
FNDA:0,(anonymous_10)
FNDA:0,(anonymous_11)
FNDA:0,(anonymous_12)
FNDA:0,(anonymous_13)
FNDA:0,(anonymous_14)
FNDA:0,(anonymous_15)
FNDA:0,(anonymous_16)
FNDA:0,(anonymous_17)
FNDA:0,(anonymous_18)
FNDA:0,(anonymous_19)
FNDA:0,(anonymous_20)
FNDA:0,(anonymous_21)
FNDA:0,(anonymous_22)
FNDA:0,(anonymous_23)
FNDA:0,(anonymous_24)
FNDA:0,(anonymous_25)
FNDA:0,(anonymous_26)
FNDA:0,(anonymous_27)
FNDA:0,(anonymous_28)
FNDA:0,(anonymous_29)
FNDA:0,(anonymous_30)
FNDA:0,(anonymous_31)
FNDA:0,(anonymous_32)
FNDA:0,(anonymous_33)
FNDA:0,(anonymous_34)
FNDA:0,(anonymous_35)
DA:15,0
DA:16,0
DA:17,0
DA:68,0
DA:72,0
DA:75,0
DA:76,0
DA:77,0
DA:81,0
DA:82,0
DA:84,0
DA:91,0
DA:92,0
DA:100,0
DA:101,0
DA:102,0
DA:103,0
DA:106,0
DA:108,0
DA:115,0
DA:116,0
DA:117,0
DA:119,0
DA:128,0
DA:129,0
DA:138,0
DA:139,0
DA:142,0
DA:143,0
DA:146,0
DA:153,0
DA:155,0
DA:156,0
DA:159,0
DA:160,0
DA:163,0
DA:164,0
DA:167,0
DA:168,0
DA:171,0
DA:172,0
DA:176,0
DA:178,0
DA:179,0
DA:182,0
DA:189,0
DA:190,0
DA:192,0
DA:193,0
DA:194,0
DA:196,0
DA:197,0
DA:199,0
DA:201,0
DA:217,0
DA:224,0
DA:231,0
DA:238,0
DA:245,0
DA:246,0
DA:247,0
DA:248,0
DA:250,0
DA:251,0
DA:259,0
DA:266,0
DA:271,0
LF:67
LH:0
BRDA:81,0,0,0
BRDA:81,0,1,0
BRDA:91,1,0,0
BRDA:91,1,1,0
BRDA:101,2,0,0
BRDA:101,2,1,0
BRDA:135,3,0,0
BRDA:135,3,1,0
BRDA:135,4,0,0
BRDA:135,4,1,0
BRDA:142,5,0,0
BRDA:142,5,1,0
BRDA:152,6,0,0
BRDA:155,7,0,0
BRDA:155,7,1,0
BRDA:159,8,0,0
BRDA:159,8,1,0
BRDA:163,9,0,0
BRDA:163,9,1,0
BRDA:167,10,0,0
BRDA:167,10,1,0
BRDA:171,11,0,0
BRDA:171,11,1,0
BRDA:178,12,0,0
BRDA:178,12,1,0
BRDA:188,13,0,0
BRDA:199,14,0,0
BRDA:199,14,1,0
BRDA:216,15,0,0
BRDA:223,16,0,0
BRDA:230,17,0,0
BRF:31
BRH:0
end_of_record
TN:
SF:src\core\PolicyEngine.ts
FN:43,(anonymous_0)
FN:50,(anonymous_1)
FN:129,(anonymous_2)
FN:168,(anonymous_3)
FN:171,(anonymous_4)
FN:172,(anonymous_5)
FN:188,(anonymous_6)
FN:192,(anonymous_7)
FN:193,(anonymous_8)
FN:200,(anonymous_9)
FN:201,(anonymous_10)
FN:204,(anonymous_11)
FN:224,(anonymous_12)
FNF:13
FNH:9
FNDA:11,(anonymous_0)
FNDA:452,(anonymous_1)
FNDA:447,(anonymous_2)
FNDA:1589,(anonymous_3)
FNDA:8,(anonymous_4)
FNDA:0,(anonymous_5)
FNDA:8,(anonymous_6)
FNDA:8,(anonymous_7)
FNDA:8,(anonymous_8)
FNDA:0,(anonymous_9)
FNDA:0,(anonymous_10)
FNDA:447,(anonymous_11)
FNDA:0,(anonymous_12)
DA:1,11
DA:2,11
DA:40,11
DA:44,11
DA:45,11
DA:47,11
DA:51,452
DA:53,452
DA:54,6
DA:64,446
DA:65,446
DA:66,0
DA:75,446
DA:76,446
DA:77,1
DA:86,445
DA:87,0
DA:96,445
DA:101,0
DA:110,445
DA:111,0
DA:120,445
DA:130,447
DA:131,447
DA:132,447
DA:133,447
DA:134,447
DA:139,447
DA:145,447
DA:146,447
DA:154,447
DA:169,1589
DA:170,1589
DA:171,8
DA:172,0
DA:174,1589
DA:175,1589
DA:177,1589
DA:178,8
DA:179,8
DA:180,0
DA:184,1589
DA:188,8
DA:193,8
DA:194,8
DA:195,8
DA:196,8
DA:201,0
DA:205,447
DA:206,447
DA:216,447
DA:217,3129
DA:218,6
DA:222,447
DA:223,0
DA:224,0
DA:225,0
DA:228,447
DA:232,11
LF:59
LH:49
BRDA:44,0,0,11
BRDA:44,0,1,0
BRDA:53,1,0,6
BRDA:53,1,1,446
BRDA:64,2,0,446
BRDA:64,2,1,84
BRDA:64,3,0,84
BRDA:64,3,1,84
BRDA:64,4,0,84
BRDA:64,4,1,84
BRDA:65,5,0,0
BRDA:65,5,1,446
BRDA:65,6,0,446
BRDA:65,6,1,0
BRDA:76,7,0,1
BRDA:76,7,1,445
BRDA:86,8,0,0
BRDA:86,8,1,445
BRDA:96,9,0,0
BRDA:96,9,1,445
BRDA:97,10,0,445
BRDA:97,10,1,0
BRDA:97,10,2,0
BRDA:110,11,0,0
BRDA:110,11,1,445
BRDA:110,12,0,445
BRDA:110,12,1,445
BRDA:129,13,0,0
BRDA:145,14,0,2
BRDA:145,14,1,445
BRDA:146,15,0,2
BRDA:146,15,1,445
BRDA:163,16,0,447
BRDA:163,16,1,0
BRDA:164,17,0,447
BRDA:164,17,1,0
BRDA:168,18,0,0
BRDA:178,19,0,8
BRDA:178,19,1,0
BRDA:179,20,0,0
BRDA:179,20,1,8
BRDA:185,21,0,8
BRDA:185,21,1,1581
BRDA:194,22,0,0
BRDA:194,22,1,8
BRDA:195,23,0,0
BRDA:195,23,1,8
BRDA:217,24,0,6
BRDA:217,24,1,3123
BRDA:222,25,0,0
BRDA:222,25,1,447
BRDA:222,26,0,447
BRDA:222,26,1,443
BRDA:225,27,0,0
BRDA:225,27,1,0
BRF:55
BRH:36
end_of_record
TN:
SF:src\core\PricingConfig.ts
FN:38,(anonymous_0)
FN:74,(anonymous_1)
FN:84,(anonymous_2)
FN:93,(anonymous_3)
FN:102,(anonymous_4)
FN:121,(anonymous_5)
FN:159,(anonymous_6)
FN:166,(anonymous_7)
FN:167,(anonymous_8)
FNF:9
FNH:0
FNDA:0,(anonymous_0)
FNDA:0,(anonymous_1)
FNDA:0,(anonymous_2)
FNDA:0,(anonymous_3)
FNDA:0,(anonymous_4)
FNDA:0,(anonymous_5)
FNDA:0,(anonymous_6)
FNDA:0,(anonymous_7)
FNDA:0,(anonymous_8)
DA:34,0
DA:39,0
DA:75,0
DA:76,0
DA:78,0
DA:86,0
DA:87,0
DA:91,0
DA:92,0
DA:93,0
DA:96,0
DA:103,0
DA:105,0
DA:106,0
DA:107,0
DA:109,0
DA:122,0
DA:124,0
DA:125,0
DA:133,0
DA:134,0
DA:142,0
DA:143,0
DA:150,0
DA:152,0
DA:160,0
DA:167,0
DA:172,0
LF:28
LH:0
BRDA:75,0,0,0
BRDA:75,0,1,0
BRDA:86,1,0,0
BRDA:86,1,1,0
BRDA:93,2,0,0
BRDA:93,2,1,0
BRDA:96,3,0,0
BRDA:96,3,1,0
BRDA:124,4,0,0
BRDA:124,4,1,0
BRDA:126,5,0,0
BRDA:126,5,1,0
BRDA:127,6,0,0
BRDA:127,6,1,0
BRDA:128,7,0,0
BRDA:128,7,1,0
BRDA:133,8,0,0
BRDA:133,8,1,0
BRDA:136,9,0,0
BRDA:136,9,1,0
BRDA:137,10,0,0
BRDA:137,10,1,0
BRDA:137,11,0,0
BRDA:137,11,1,0
BRDA:142,12,0,0
BRDA:142,12,1,0
BRDA:144,13,0,0
BRDA:144,13,1,0
BRDA:145,14,0,0
BRDA:145,14,1,0
BRF:30
BRH:0
end_of_record
TN:
SF:src\core\SessionStats.ts
FN:56,(anonymous_9)
FN:64,(anonymous_10)
FN:71,(anonymous_11)
FN:77,(anonymous_12)
FN:96,(anonymous_13)
FN:111,(anonymous_14)
FN:123,(anonymous_15)
FN:162,(anonymous_16)
FN:197,(anonymous_17)
FN:203,(anonymous_18)
FN:214,(anonymous_19)
FN:226,(anonymous_20)
FN:233,(anonymous_21)
FN:236,(anonymous_22)
FN:242,(anonymous_23)
FN:256,(anonymous_24)
FN:259,(anonymous_25)
FN:260,(anonymous_26)
FN:262,(anonymous_27)
FN:263,(anonymous_28)
FN:283,(anonymous_29)
FN:291,(anonymous_30)
FN:295,(anonymous_31)
FNF:23
FNH:0
FNDA:0,(anonymous_9)
FNDA:0,(anonymous_10)
FNDA:0,(anonymous_11)
FNDA:0,(anonymous_12)
FNDA:0,(anonymous_13)
FNDA:0,(anonymous_14)
FNDA:0,(anonymous_15)
FNDA:0,(anonymous_16)
FNDA:0,(anonymous_17)
FNDA:0,(anonymous_18)
FNDA:0,(anonymous_19)
FNDA:0,(anonymous_20)
FNDA:0,(anonymous_21)
FNDA:0,(anonymous_22)
FNDA:0,(anonymous_23)
FNDA:0,(anonymous_24)
FNDA:0,(anonymous_25)
FNDA:0,(anonymous_26)
FNDA:0,(anonymous_27)
FNDA:0,(anonymous_28)
FNDA:0,(anonymous_29)
FNDA:0,(anonymous_30)
FNDA:0,(anonymous_31)
DA:13,0
DA:14,0
DA:15,0
DA:49,0
DA:57,0
DA:58,0
DA:59,0
DA:60,0
DA:61,0
DA:65,0
DA:66,0
DA:68,0
DA:72,0
DA:73,0
DA:78,0
DA:79,0
DA:80,0
DA:81,0
DA:84,0
DA:85,0
DA:88,0
DA:91,0
DA:93,0
DA:97,0
DA:112,0
DA:113,0
DA:114,0
DA:116,0
DA:129,0
DA:130,0
DA:132,0
DA:133,0
DA:134,0
DA:135,0
DA:136,0
DA:137,0
DA:138,0
DA:139,0
DA:140,0
DA:143,0
DA:151,0
DA:152,0
DA:155,0
DA:156,0
DA:168,0
DA:169,0
DA:171,0
DA:172,0
DA:182,0
DA:183,0
DA:184,0
DA:186,0
DA:187,0
DA:188,0
DA:190,0
DA:194,0
DA:195,0
DA:196,0
DA:197,0
DA:200,0
DA:204,0
DA:205,0
DA:206,0
DA:209,0
DA:211,0
DA:215,0
DA:216,0
DA:217,0
DA:219,0
DA:227,0
DA:234,0
DA:235,0
DA:236,0
DA:252,0
DA:253,0
DA:256,0
DA:258,0
DA:259,0
DA:260,0
DA:262,0
DA:263,0
DA:264,0
DA:266,0
DA:268,0
DA:284,0
DA:285,0
DA:292,0
DA:296,0
DA:301,0
LF:89
LH:0
BRDA:65,0,0,0
BRDA:65,0,1,0
BRDA:72,1,0,0
BRDA:72,1,1,0
BRDA:79,2,0,0
BRDA:79,2,1,0
BRDA:84,3,0,0
BRDA:84,3,1,0
BRDA:132,4,0,0
BRDA:132,4,1,0
BRDA:135,5,0,0
BRDA:135,5,1,0
BRDA:138,6,0,0
BRDA:138,6,1,0
BRDA:151,7,0,0
BRDA:151,7,1,0
BRDA:171,8,0,0
BRDA:171,8,1,0
BRDA:186,9,0,0
BRDA:186,9,1,0
BRDA:195,10,0,0
BRDA:195,10,1,0
BRDA:205,11,0,0
BRDA:205,11,1,0
BRDA:233,12,0,0
BRDA:242,13,0,0
BRDA:266,14,0,0
BRDA:266,14,1,0
BRF:28
BRH:0
end_of_record
TN:
SF:src\core\StateStore.ts
FN:61,(anonymous_0)
FN:67,(anonymous_1)
FN:74,(anonymous_2)
FN:80,(anonymous_3)
FN:102,(anonymous_4)
FN:108,(anonymous_5)
FN:111,(anonymous_6)
FN:114,(anonymous_7)
FN:119,(anonymous_8)
FN:122,(anonymous_9)
FN:125,(anonymous_10)
FN:134,(anonymous_11)
FN:141,(anonymous_12)
FN:146,(anonymous_13)
FN:147,(anonymous_14)
FN:148,(anonymous_15)
FN:149,(anonymous_16)
FN:149,(anonymous_17)
FN:150,(anonymous_18)
FN:150,(anonymous_19)
FN:151,(anonymous_20)
FN:155,(anonymous_21)
FN:157,(anonymous_22)
FN:161,(anonymous_23)
FN:190,(anonymous_24)
FN:195,(anonymous_25)
FN:203,(anonymous_26)
FN:212,(anonymous_27)
FN:214,(anonymous_28)
FN:223,(anonymous_29)
FN:230,(anonymous_30)
FN:245,(anonymous_31)
FNF:32
FNH:32
FNDA:11,(anonymous_0)
FNDA:11,(anonymous_1)
FNDA:34,(anonymous_2)
FNDA:34,(anonymous_3)
FNDA:711,(anonymous_4)
FNDA:1177,(anonymous_5)
FNDA:2190,(anonymous_6)
FNDA:2029,(anonymous_7)
FNDA:57232,(anonymous_8)
FNDA:74644,(anonymous_9)
FNDA:696,(anonymous_10)
FNDA:722,(anonymous_11)
FNDA:1618,(anonymous_12)
FNDA:44711,(anonymous_13)
FNDA:44711,(anonymous_14)
FNDA:44711,(anonymous_15)
FNDA:44711,(anonymous_16)
FNDA:4966,(anonymous_17)
FNDA:44711,(anonymous_18)
FNDA:39745,(anonymous_19)
FNDA:44711,(anonymous_20)
FNDA:3,(anonymous_21)
FNDA:105,(anonymous_22)
FNDA:344,(anonymous_23)
FNDA:199,(anonymous_24)
FNDA:1,(anonymous_25)
FNDA:22,(anonymous_26)
FNDA:1618,(anonymous_27)
FNDA:44713,(anonymous_28)
FNDA:8,(anonymous_29)
FNDA:696,(anonymous_30)
FNDA:703,(anonymous_31)
DA:8,11
DA:9,11
DA:10,11
DA:54,11
DA:56,11
DA:57,11
DA:62,11
DA:63,11
DA:64,11
DA:68,11
DA:69,11
DA:71,11
DA:75,34
DA:76,34
DA:77,34
DA:81,34
DA:82,34
DA:84,34
DA:85,34
DA:87,0
DA:90,34
DA:91,1
DA:92,0
DA:95,1
DA:96,1
DA:98,1
DA:103,711
DA:109,1177
DA:110,1177
DA:111,2190
DA:115,2029
DA:116,2029
DA:118,2029
DA:119,57232
DA:122,74644
DA:126,696
DA:127,454
DA:129,696
DA:131,696
DA:135,722
DA:142,1618
DA:144,1618
DA:146,44711
DA:147,44711
DA:148,44711
DA:149,44711
DA:150,44711
DA:151,44711
DA:156,3
DA:157,105
DA:162,344
DA:163,344
DA:165,344
DA:166,344
DA:167,344
DA:168,344
DA:170,344
DA:171,344
DA:172,12666
DA:174,344
DA:175,12637
DA:178,344
DA:179,12322
DA:180,449464
DA:181,449464
DA:185,344
DA:186,344
DA:187,344
DA:191,199
DA:192,199
DA:196,1
DA:197,1
DA:198,1
DA:199,1
DA:200,1
DA:204,22
DA:205,22
DA:206,22
DA:207,22
DA:208,22
DA:209,22
DA:213,1618
DA:214,1618
DA:215,44713
DA:216,2
DA:219,44711
DA:220,20016
DA:223,24695
DA:224,8
DA:225,8
DA:231,696
DA:232,696
DA:233,696
DA:235,696
DA:246,703
DA:247,0
DA:250,703
DA:251,703
DA:254,0
DA:255,0
DA:256,0
DA:257,0
DA:262,0
DA:266,11
LF:104
LH:96
BRDA:68,0,0,11
BRDA:68,0,1,0
BRDA:75,1,0,0
BRDA:75,1,1,34
BRDA:91,2,0,0
BRDA:91,2,1,1
BRDA:95,3,0,1
BRDA:95,3,1,0
BRDA:104,4,0,711
BRDA:104,4,1,704
BRDA:108,5,0,0
BRDA:110,6,0,1177
BRDA:110,6,1,902
BRDA:114,7,0,0
BRDA:126,8,0,454
BRDA:126,8,1,242
BRDA:134,9,0,0
BRDA:141,10,0,0
BRDA:147,11,0,44711
BRDA:147,11,1,38391
BRDA:150,12,0,39745
BRDA:150,12,1,39745
BRDA:151,13,0,44711
BRDA:151,13,1,627
BRDA:155,14,0,0
BRDA:162,15,0,0
BRDA:162,15,1,344
BRDA:162,16,0,344
BRDA:162,16,1,344
BRDA:163,17,0,0
BRDA:163,17,1,344
BRDA:180,18,0,38597
BRDA:180,18,1,410867
BRDA:212,19,0,0
BRDA:213,20,0,1618
BRDA:213,20,1,0
BRDA:215,21,0,2
BRDA:215,21,1,44711
BRDA:215,22,0,44713
BRDA:215,22,1,24697
BRDA:219,23,0,20016
BRDA:219,23,1,24695
BRDA:224,24,0,0
BRDA:224,24,1,8
BRDA:233,25,0,7
BRDA:233,25,1,689
BRDA:239,26,0,7
BRDA:239,26,1,689
BRDA:240,27,0,7
BRDA:240,27,1,0
BRDA:246,28,0,0
BRDA:246,28,1,703
BRDA:250,29,0,703
BRDA:250,29,1,0
BRF:54
BRH:37
end_of_record
TN:
SF:src\core\index.ts
FNF:0
FNH:0
DA:1,0
DA:2,0
LF:2
LH:0
BRF:0
BRH:0
end_of_record
TN:
SF:src\logger\console.ts
FN:25,(anonymous_0)
FN:29,(anonymous_1)
FN:33,(anonymous_2)
FN:37,(anonymous_3)
FN:41,(anonymous_4)
FN:47,(anonymous_5)
FN:53,(anonymous_6)
FN:59,(anonymous_7)
FN:70,createSilentLogger
FN:75,createDebugLogger
FNF:10
FNH:3
FNDA:7,(anonymous_0)
FNDA:0,(anonymous_1)
FNDA:0,(anonymous_2)
FNDA:1146,(anonymous_3)
FNDA:0,(anonymous_4)
FNDA:1146,(anonymous_5)
FNDA:0,(anonymous_6)
FNDA:0,(anonymous_7)
FNDA:0,createSilentLogger
FNDA:0,createDebugLogger
DA:14,7
DA:26,7
DA:30,0
DA:34,0
DA:38,1146
DA:42,0
DA:43,0
DA:48,1146
DA:49,1146
DA:54,0
DA:55,0
DA:60,0
DA:61,0
DA:67,7
DA:70,7
DA:71,0
DA:75,7
DA:76,0
DA:80,7
LF:19
LH:9
BRDA:25,0,0,0
BRDA:42,1,0,0
BRDA:42,1,1,0
BRDA:48,2,0,1146
BRDA:48,2,1,0
BRDA:54,3,0,0
BRDA:54,3,1,0
BRDA:60,4,0,0
BRDA:60,4,1,0
BRF:9
BRH:1
end_of_record
TN:
SF:src\logger\database.ts
FN:37,(anonymous_9)
FN:48,(anonymous_10)
FN:62,(anonymous_11)
FN:66,(anonymous_12)
FN:68,(anonymous_13)
FN:71,(anonymous_14)
FN:72,(anonymous_15)
FN:72,(anonymous_16)
FN:73,(anonymous_17)
FN:73,(anonymous_18)
FN:74,(anonymous_19)
FN:85,(anonymous_20)
FN:90,(anonymous_21)
FN:93,(anonymous_22)
FN:98,(anonymous_23)
FN:107,(anonymous_24)
FN:107,(anonymous_25)
FN:114,(anonymous_26)
FN:116,(anonymous_27)
FN:119,(anonymous_28)
FN:125,(anonymous_29)
FNF:21
FNH:2
FNDA:15,(anonymous_9)
FNDA:580,(anonymous_10)
FNDA:0,(anonymous_11)
FNDA:0,(anonymous_12)
FNDA:0,(anonymous_13)
FNDA:0,(anonymous_14)
FNDA:0,(anonymous_15)
FNDA:0,(anonymous_16)
FNDA:0,(anonymous_17)
FNDA:0,(anonymous_18)
FNDA:0,(anonymous_19)
FNDA:0,(anonymous_20)
FNDA:0,(anonymous_21)
FNDA:0,(anonymous_22)
FNDA:0,(anonymous_23)
FNDA:0,(anonymous_24)
FNDA:0,(anonymous_25)
FNDA:0,(anonymous_26)
FNDA:0,(anonymous_27)
FNDA:0,(anonymous_28)
FNDA:0,(anonymous_29)
DA:1,7
DA:2,7
DA:3,7
DA:33,7
DA:38,15
DA:39,15
DA:41,15
DA:42,0
DA:45,15
DA:49,580
DA:50,580
DA:51,0
DA:53,580
DA:55,580
DA:56,580
DA:58,0
DA:63,0
DA:67,0
DA:68,0
DA:70,0
DA:71,0
DA:72,0
DA:73,0
DA:74,0
DA:76,0
DA:86,0
DA:87,0
DA:91,0
DA:92,0
DA:93,0
DA:99,0
DA:100,0
DA:101,0
DA:104,0
DA:105,0
DA:107,0
DA:109,0
DA:110,0
DA:115,0
DA:116,0
DA:118,0
DA:119,0
DA:121,0
LF:43
LH:13
BRDA:41,0,0,0
BRDA:41,0,1,15
BRDA:45,1,0,15
BRDA:45,1,1,15
BRDA:50,2,0,0
BRDA:50,2,1,580
BRDA:66,3,0,0
BRDA:85,4,0,0
BRDA:90,5,0,0
BRDA:100,6,0,0
BRDA:100,6,1,0
BRDA:114,7,0,0
BRF:12
BRH:4
end_of_record
TN:
SF:src\logger\index.ts
FN:1,(anonymous_0)
FN:2,(anonymous_1)
FN:2,(anonymous_2)
FN:2,(anonymous_3)
FN:2,(anonymous_4)
FNF:5
FNH:2
FNDA:15,(anonymous_0)
FNDA:1146,(anonymous_1)
FNDA:0,(anonymous_2)
FNDA:0,(anonymous_3)
FNDA:0,(anonymous_4)
DA:1,22
DA:2,1153
LF:2
LH:2
BRF:0
BRH:0
end_of_record
TN:
SF:src\middleware\expressFirewall.ts
FN:71,shouldProtectPath
FN:72,(anonymous_1)
FN:78,extractPrompt
FN:90,extractMetadata
FN:109,expressFirewall
FN:116,(anonymous_5)
FN:196,withFirewallHandler
FN:202,(anonymous_7)
FN:203,(anonymous_8)
FNF:9
FNH:0
FNDA:0,shouldProtectPath
FNDA:0,(anonymous_1)
FNDA:0,extractPrompt
FNDA:0,extractMetadata
FNDA:0,expressFirewall
FNDA:0,(anonymous_5)
FNDA:0,withFirewallHandler
FNDA:0,(anonymous_7)
FNDA:0,(anonymous_8)
DA:23,0
DA:24,0
DA:25,0
DA:26,0
DA:27,0
DA:56,0
DA:72,0
DA:79,0
DA:80,0
DA:83,0
DA:84,0
DA:87,0
DA:91,0
DA:93,0
DA:109,0
DA:112,0
DA:113,0
DA:114,0
DA:116,0
DA:118,0
DA:119,0
DA:122,0
DA:125,0
DA:126,0
DA:129,0
DA:130,0
DA:133,0
DA:134,0
DA:135,0
DA:138,0
DA:153,0
DA:154,0
DA:156,0
DA:157,0
DA:158,0
DA:162,0
DA:170,0
DA:174,0
DA:175,0
DA:177,0
DA:178,0
DA:183,0
DA:184,0
DA:188,0
DA:196,0
DA:200,0
DA:202,0
DA:203,0
DA:204,0
DA:205,0
DA:209,0
LF:51
LH:0
BRDA:72,0,0,0
BRDA:72,0,1,0
BRDA:79,1,0,0
BRDA:79,1,1,0
BRDA:83,2,0,0
BRDA:83,2,1,0
BRDA:83,3,0,0
BRDA:83,3,1,0
BRDA:91,4,0,0
BRDA:91,4,1,0
BRDA:94,5,0,0
BRDA:94,5,1,0
BRDA:95,6,0,0
BRDA:95,6,1,0
BRDA:110,7,0,0
BRDA:113,8,0,0
BRDA:113,8,1,0
BRDA:114,9,0,0
BRDA:114,9,1,0
BRDA:118,10,0,0
BRDA:118,10,1,0
BRDA:118,11,0,0
BRDA:118,11,1,0
BRDA:125,12,0,0
BRDA:125,12,1,0
BRDA:125,13,0,0
BRDA:125,13,1,0
BRDA:125,13,2,0
BRDA:129,14,0,0
BRDA:129,14,1,0
BRDA:133,15,0,0
BRDA:133,15,1,0
BRDA:134,16,0,0
BRDA:134,16,1,0
BRDA:153,17,0,0
BRDA:153,17,1,0
BRDA:156,18,0,0
BRDA:156,18,1,0
BRDA:174,19,0,0
BRDA:174,19,1,0
BRDA:177,20,0,0
BRDA:177,20,1,0
BRDA:183,21,0,0
BRDA:183,21,1,0
BRDA:198,22,0,0
BRDA:204,23,0,0
BRDA:204,23,1,0
BRF:47
BRH:0
end_of_record
TN:
SF:src\middleware\index.ts
FN:7,(anonymous_0)
FN:7,(anonymous_1)
FN:9,(anonymous_2)
FN:9,(anonymous_3)
FNF:4
FNH:0
FNDA:0,(anonymous_0)
FNDA:0,(anonymous_1)
FNDA:0,(anonymous_2)
FNDA:0,(anonymous_3)
DA:7,0
DA:9,0
LF:2
LH:0
BRF:0
BRH:0
end_of_record
TN:
SF:src\middleware\withFirewall.ts
FN:38,extractPrompt
FN:67,isAICall
FN:84,(anonymous_2)
FN:87,resolveMetadata
FN:97,toTokenBreakdown
FN:105,wrap
FN:110,(anonymous_6)
FN:115,(anonymous_7)
FN:186,withFirewall
FN:190,wrapFunction
FN:203,(anonymous_10)
FN:239,withFetchFirewall
FN:243,(anonymous_12)
FN:252,(anonymous_13)
FN:285,safeJsonParse
FNF:15
FNH:0
FNDA:0,extractPrompt
FNDA:0,isAICall
FNDA:0,(anonymous_2)
FNDA:0,resolveMetadata
FNDA:0,toTokenBreakdown
FNDA:0,wrap
FNDA:0,(anonymous_6)
FNDA:0,(anonymous_7)
FNDA:0,withFirewall
FNDA:0,wrapFunction
FNDA:0,(anonymous_10)
FNDA:0,withFetchFirewall
FNDA:0,(anonymous_12)
FNDA:0,(anonymous_13)
FNDA:0,safeJsonParse
DA:5,0
DA:6,0
DA:7,0
DA:8,0
DA:9,0
DA:10,0
DA:44,0
DA:46,0
DA:47,0
DA:50,0
DA:51,0
DA:53,0
DA:54,0
DA:55,0
DA:56,0
DA:57,0
DA:58,0
DA:59,0
DA:61,0
DA:64,0
DA:68,0
DA:69,0
DA:84,0
DA:89,0
DA:91,0
DA:98,0
DA:106,0
DA:107,0
DA:109,0
DA:111,0
DA:112,0
DA:114,0
DA:115,0
DA:116,0
DA:117,0
DA:120,0
DA:121,0
DA:122,0
DA:123,0
DA:124,0
DA:125,0
DA:127,0
DA:140,0
DA:151,0
DA:152,0
DA:153,0
DA:164,0
DA:165,0
DA:168,0
DA:169,0
DA:170,0
DA:173,0
DA:177,0
DA:178,0
DA:181,0
DA:186,0
DA:187,0
DA:190,0
DA:200,0
DA:201,0
DA:203,0
DA:204,0
DA:205,0
DA:207,0
DA:224,0
DA:225,0
DA:226,0
DA:229,0
DA:230,0
DA:233,0
DA:239,0
DA:240,0
DA:241,0
DA:243,0
DA:244,0
DA:245,0
DA:246,0
DA:252,0
DA:254,0
DA:255,0
DA:258,0
DA:259,0
DA:260,0
DA:261,0
DA:262,0
DA:263,0
DA:264,0
DA:277,0
DA:278,0
DA:281,0
DA:286,0
DA:287,0
DA:289,0
LF:93
LH:0
BRDA:46,0,0,0
BRDA:46,0,1,0
BRDA:50,1,0,0
BRDA:50,1,1,0
BRDA:51,2,0,0
BRDA:51,2,1,0
BRDA:54,3,0,0
BRDA:54,3,1,0
BRDA:56,4,0,0
BRDA:56,4,1,0
BRDA:56,5,0,0
BRDA:56,5,1,0
BRDA:58,6,0,0
BRDA:58,6,1,0
BRDA:59,7,0,0
BRDA:59,7,1,0
BRDA:89,8,0,0
BRDA:89,8,1,0
BRDA:89,9,0,0
BRDA:89,9,1,0
BRDA:92,10,0,0
BRDA:92,10,1,0
BRDA:93,11,0,0
BRDA:93,11,1,0
BRDA:105,12,0,0
BRDA:107,13,0,0
BRDA:107,13,1,0
BRDA:114,14,0,0
BRDA:114,14,1,0
BRDA:116,15,0,0
BRDA:116,15,1,0
BRDA:120,16,0,0
BRDA:120,16,1,0
BRDA:123,17,0,0
BRDA:123,17,1,0
BRDA:132,18,0,0
BRDA:132,18,1,0
BRDA:151,19,0,0
BRDA:151,19,1,0
BRDA:151,20,0,0
BRDA:151,20,1,0
BRDA:164,21,0,0
BRDA:164,21,1,0
BRDA:177,22,0,0
BRDA:177,22,1,0
BRDA:177,23,0,0
BRDA:177,23,1,0
BRDA:186,24,0,0
BRDA:198,25,0,0
BRDA:201,26,0,0
BRDA:201,26,1,0
BRDA:205,27,0,0
BRDA:205,27,1,0
BRDA:212,28,0,0
BRDA:212,28,1,0
BRDA:214,29,0,0
BRDA:214,29,1,0
BRDA:216,30,0,0
BRDA:216,30,1,0
BRDA:217,31,0,0
BRDA:217,31,1,0
BRDA:224,32,0,0
BRDA:224,32,1,0
BRDA:224,33,0,0
BRDA:224,33,1,0
BRDA:229,34,0,0
BRDA:229,34,1,0
BRDA:239,35,0,0
BRDA:241,36,0,0
BRDA:241,36,1,0
BRDA:243,37,0,0
BRDA:244,38,0,0
BRDA:244,38,1,0
BRDA:244,39,0,0
BRDA:244,39,1,0
BRDA:245,40,0,0
BRDA:245,40,1,0
BRDA:254,41,0,0
BRDA:254,41,1,0
BRDA:254,42,0,0
BRDA:254,42,1,0
BRDA:259,43,0,0
BRDA:259,43,1,0
BRDA:260,44,0,0
BRDA:260,44,1,0
BRDA:260,45,0,0
BRDA:260,45,1,0
BRDA:261,46,0,0
BRDA:261,46,1,0
BRDA:262,47,0,0
BRDA:262,47,1,0
BRDA:269,48,0,0
BRDA:269,48,1,0
BRDA:277,49,0,0
BRDA:277,49,1,0
BRDA:277,50,0,0
BRDA:277,50,1,0
BRF:97
BRH:0
end_of_record
TN:
SF:src\proxy\index.ts
FNF:0
FNH:0
DA:1,7
LF:1
LH:1
BRF:0
BRH:0
end_of_record
TN:
SF:src\proxy\server.ts
FN:21,(anonymous_1)
FN:32,(anonymous_2)
FN:37,(anonymous_3)
FN:41,(anonymous_4)
FN:68,(anonymous_5)
FN:76,(anonymous_6)
FN:89,(anonymous_7)
FN:102,(anonymous_8)
FN:108,(anonymous_9)
FN:110,(anonymous_10)
FN:115,(anonymous_11)
FN:120,(anonymous_12)
FN:125,(anonymous_13)
FN:130,(anonymous_14)
FN:242,(anonymous_15)
FN:357,(anonymous_16)
FN:464,(anonymous_17)
FN:471,(anonymous_18)
FN:512,(anonymous_19)
FN:517,(anonymous_20)
FN:533,(anonymous_21)
FN:568,(anonymous_22)
FN:569,(anonymous_23)
FN:570,(anonymous_24)
FN:582,(anonymous_25)
FN:583,(anonymous_26)
FN:587,(anonymous_27)
FN:588,(anonymous_28)
FN:590,(anonymous_29)
FN:600,(anonymous_30)
FN:607,(anonymous_31)
FNF:31
FNH:24
FNDA:12,(anonymous_1)
FNDA:12,(anonymous_2)
FNDA:4,(anonymous_3)
FNDA:0,(anonymous_4)
FNDA:699,(anonymous_5)
FNDA:21913,(anonymous_6)
FNDA:554,(anonymous_7)
FNDA:554,(anonymous_8)
FNDA:12,(anonymous_9)
FNDA:4,(anonymous_10)
FNDA:0,(anonymous_11)
FNDA:549,(anonymous_12)
FNDA:1,(anonymous_13)
FNDA:550,(anonymous_14)
FNDA:4,(anonymous_15)
FNDA:382,(anonymous_16)
FNDA:0,(anonymous_17)
FNDA:0,(anonymous_18)
FNDA:0,(anonymous_19)
FNDA:554,(anonymous_20)
FNDA:554,(anonymous_21)
FNDA:8,(anonymous_22)
FNDA:8,(anonymous_23)
FNDA:8,(anonymous_24)
FNDA:0,(anonymous_25)
FNDA:0,(anonymous_26)
FNDA:8,(anonymous_27)
FNDA:8,(anonymous_28)
FNDA:8,(anonymous_29)
FNDA:52,(anonymous_30)
FNDA:10,(anonymous_31)
DA:1,7
DA:2,7
DA:4,7
DA:5,7
DA:6,7
DA:7,7
DA:8,7
DA:9,7
DA:10,7
DA:12,7
DA:17,12
DA:19,12
DA:22,12
DA:23,12
DA:24,12
DA:25,12
DA:26,12
DA:28,12
DA:29,12
DA:34,12
DA:37,12
DA:38,4
DA:41,12
DA:42,0
DA:43,0
DA:68,12
DA:69,699
DA:71,699
DA:72,699
DA:73,699
DA:75,699
DA:76,21913
DA:78,699
DA:79,145
DA:80,145
DA:83,554
DA:84,554
DA:85,554
DA:89,12
DA:90,554
DA:91,554
DA:93,554
DA:94,0
DA:95,0
DA:98,554
DA:102,12
DA:103,554
DA:104,554
DA:110,12
DA:111,4
DA:115,12
DA:116,0
DA:120,12
DA:121,549
DA:125,12
DA:126,1
DA:131,550
DA:132,550
DA:133,550
DA:134,550
DA:137,550
DA:138,550
DA:139,550
DA:140,0
DA:141,0
DA:142,0
DA:145,550
DA:148,550
DA:149,0
DA:150,0
DA:156,0
DA:157,0
DA:161,550
DA:174,550
DA:175,550
DA:178,550
DA:179,172
DA:180,172
DA:184,172
DA:201,172
DA:208,172
DA:211,378
DA:213,349
DA:216,349
DA:223,349
DA:227,378
DA:230,378
DA:237,0
DA:238,0
DA:243,4
DA:244,4
DA:245,4
DA:247,4
DA:250,4
DA:251,4
DA:252,4
DA:253,0
DA:254,0
DA:255,0
DA:258,4
DA:261,4
DA:262,0
DA:263,0
DA:269,0
DA:270,0
DA:274,4
DA:287,4
DA:288,4
DA:291,4
DA:292,0
DA:293,0
DA:297,0
DA:314,0
DA:321,0
DA:324,4
DA:326,2
DA:329,2
DA:336,2
DA:340,4
DA:343,4
DA:350,0
DA:351,0
DA:359,382
DA:372,382
DA:373,382
DA:374,2797
DA:375,1651
DA:380,382
DA:381,382
DA:384,382
DA:386,382
DA:387,382
DA:388,1
DA:389,1
DA:392,381
DA:399,381
DA:402,0
DA:415,0
DA:416,0
DA:418,0
DA:419,0
DA:420,0
DA:422,0
DA:425,0
DA:426,0
DA:427,0
DA:431,0
DA:432,0
DA:433,0
DA:435,0
DA:436,0
DA:439,0
DA:442,0
DA:444,0
DA:445,0
DA:446,0
DA:448,0
DA:450,0
DA:453,0
DA:455,0
DA:456,0
DA:458,0
DA:460,0
DA:463,0
DA:464,0
DA:468,0
DA:472,0
DA:473,0
DA:474,0
DA:475,0
DA:476,0
DA:477,0
DA:491,0
DA:492,0
DA:495,0
DA:496,0
DA:502,0
DA:505,0
DA:507,0
DA:508,0
DA:513,0
DA:514,0
DA:518,554
DA:544,554
DA:545,554
DA:547,554
DA:561,554
DA:563,554
DA:564,172
DA:569,8
DA:570,8
DA:571,8
DA:572,8
DA:575,8
DA:576,8
DA:577,8
DA:578,8
DA:582,8
DA:583,8
DA:588,8
DA:589,8
DA:590,8
DA:591,8
DA:594,0
DA:601,52
DA:608,10
LF:206
LH:131
BRDA:25,0,0,12
BRDA:25,0,1,0
BRDA:71,1,0,699
BRDA:71,1,1,579
BRDA:71,1,2,0
BRDA:71,2,0,0
BRDA:71,2,1,699
BRDA:75,3,0,699
BRDA:75,3,1,27
BRDA:78,4,0,145
BRDA:78,4,1,554
BRDA:93,5,0,0
BRDA:93,5,1,554
BRDA:93,6,0,554
BRDA:93,6,1,0
BRDA:132,7,0,550
BRDA:132,7,1,1
BRDA:133,8,0,550
BRDA:133,8,1,2
BRDA:139,9,0,0
BRDA:139,9,1,550
BRDA:148,10,0,0
BRDA:148,10,1,550
BRDA:174,11,0,550
BRDA:174,11,1,0
BRDA:178,12,0,172
BRDA:178,12,1,378
BRDA:180,13,0,172
BRDA:180,13,1,0
BRDA:195,14,0,172
BRDA:195,14,1,0
BRDA:211,15,0,349
BRDA:211,15,1,29
BRDA:213,16,0,0
BRDA:213,16,1,349
BRDA:213,17,0,349
BRDA:213,17,1,349
BRDA:223,18,0,349
BRDA:223,18,1,0
BRDA:231,19,0,29
BRDA:231,19,1,349
BRDA:232,20,0,325
BRDA:232,20,1,53
BRDA:244,21,0,4
BRDA:244,21,1,0
BRDA:245,22,0,4
BRDA:245,22,1,0
BRDA:252,23,0,0
BRDA:252,23,1,4
BRDA:261,24,0,0
BRDA:261,24,1,4
BRDA:287,25,0,4
BRDA:287,25,1,0
BRDA:291,26,0,0
BRDA:291,26,1,4
BRDA:293,27,0,0
BRDA:293,27,1,0
BRDA:308,28,0,0
BRDA:308,28,1,0
BRDA:324,29,0,2
BRDA:324,29,1,2
BRDA:326,30,0,0
BRDA:326,30,1,2
BRDA:326,31,0,2
BRDA:326,31,1,2
BRDA:336,32,0,2
BRDA:336,32,1,0
BRDA:344,33,0,2
BRDA:344,33,1,2
BRDA:345,34,0,0
BRDA:345,34,1,4
BRDA:353,35,0,0
BRDA:353,35,1,0
BRDA:374,36,0,1651
BRDA:374,36,1,1146
BRDA:374,37,0,2797
BRDA:374,37,1,2797
BRDA:375,38,0,0
BRDA:375,38,1,1651
BRDA:381,39,0,0
BRDA:381,39,1,382
BRDA:384,40,0,382
BRDA:384,40,1,382
BRDA:386,41,0,382
BRDA:386,41,1,0
BRDA:386,42,0,382
BRDA:386,42,1,382
BRDA:387,43,0,1
BRDA:387,43,1,381
BRDA:411,44,0,0
BRDA:411,44,1,0
BRDA:426,45,0,0
BRDA:426,45,1,0
BRDA:431,46,0,0
BRDA:431,46,1,0
BRDA:431,47,0,0
BRDA:431,47,1,0
BRDA:442,48,0,0
BRDA:442,48,1,0
BRDA:442,49,0,0
BRDA:442,49,1,0
BRDA:442,49,2,0
BRDA:444,50,0,0
BRDA:444,50,1,0
BRDA:453,51,0,0
BRDA:453,51,1,0
BRDA:455,52,0,0
BRDA:455,52,1,0
BRDA:456,53,0,0
BRDA:456,53,1,0
BRDA:474,54,0,0
BRDA:474,54,1,0
BRDA:491,55,0,0
BRDA:491,55,1,0
BRDA:495,56,0,0
BRDA:495,56,1,0
BRDA:514,57,0,0
BRDA:514,57,1,0
BRDA:514,57,2,0
BRDA:563,58,0,172
BRDA:563,58,1,382
BRDA:573,59,0,0
BRDA:573,59,1,8
BRDA:573,60,0,8
BRDA:573,60,1,0
BRDA:589,61,0,8
BRDA:589,61,1,0
BRDA:608,62,0,10
BRDA:608,62,1,5
BRF:129
BRH:66
end_of_record
TN:
SF:src\storage\adapters.ts
FN:14,(anonymous_9)
FN:18,(anonymous_10)
FN:22,(anonymous_11)
FN:26,(anonymous_12)
FN:35,(anonymous_13)
FN:43,(anonymous_14)
FN:51,(anonymous_15)
FN:52,(anonymous_16)
FN:55,(anonymous_17)
FN:63,(anonymous_18)
FN:80,(anonymous_19)
FN:85,(anonymous_20)
FN:91,(anonymous_21)
FN:97,(anonymous_22)
FN:104,createStorageAdapter
FNF:15
FNH:7
FNDA:0,(anonymous_9)
FNDA:0,(anonymous_10)
FNDA:0,(anonymous_11)
FNDA:0,(anonymous_12)
FNDA:34,(anonymous_13)
FNDA:34,(anonymous_14)
FNDA:2,(anonymous_15)
FNDA:1,(anonymous_16)
FNDA:696,(anonymous_17)
FNDA:221,(anonymous_18)
FNDA:0,(anonymous_19)
FNDA:0,(anonymous_20)
FNDA:0,(anonymous_21)
FNDA:0,(anonymous_22)
FNDA:34,createStorageAdapter
DA:1,11
DA:2,11
DA:3,11
DA:4,11
DA:14,11
DA:15,0
DA:16,0
DA:19,0
DA:23,0
DA:27,0
DA:31,11
DA:32,34
DA:36,34
DA:37,34
DA:38,0
DA:40,34
DA:44,34
DA:45,33
DA:48,1
DA:51,2
DA:52,1
DA:56,696
DA:57,696
DA:58,0
DA:60,696
DA:64,221
DA:65,221
DA:66,101
DA:69,0
DA:70,0
DA:81,0
DA:82,0
DA:86,0
DA:92,0
DA:98,0
DA:104,11
DA:105,34
DA:107,34
DA:108,0
DA:111,34
DA:112,34
DA:115,0
LF:42
LH:26
BRDA:37,0,0,0
BRDA:37,0,1,34
BRDA:40,1,0,34
BRDA:40,1,1,34
BRDA:44,2,0,33
BRDA:44,2,1,1
BRDA:57,3,0,0
BRDA:57,3,1,696
BRDA:65,4,0,101
BRDA:65,4,1,120
BRDA:69,5,0,0
BRDA:69,5,1,0
BRDA:82,6,0,0
BRDA:82,6,1,0
BRDA:104,7,0,0
BRDA:105,8,0,34
BRDA:105,8,1,0
BRDA:107,9,0,0
BRDA:107,9,1,34
BRDA:111,10,0,34
BRDA:111,10,1,0
BRF:21
BRH:11
end_of_record
TN:
SF:src\storage\index.ts
FN:1,(anonymous_0)
FN:1,(anonymous_1)
FN:1,(anonymous_2)
FNF:3
FNH:1
FNDA:0,(anonymous_0)
FNDA:0,(anonymous_1)
FNDA:34,(anonymous_2)
DA:1,45
LF:1
LH:1
BRF:0
BRH:0
end_of_record
TN:
SF:src\token-counter\index.ts
FNF:0
FNH:0
DA:1,8
LF:1
LH:1
BRF:0
BRH:0
end_of_record
TN:
SF:src\token-counter\tokenCounter.ts
FN:15,estimateTokens
FN:59,getModelOverhead
FN:76,estimateMessagesTokens
FNF:3
FNH:3
FNDA:589,estimateTokens
FNDA:557,getModelOverhead
FNDA:559,estimateMessagesTokens
DA:15,8
DA:16,589
DA:20,588
DA:44,588
DA:47,588
DA:50,588
DA:53,588
DA:54,588
DA:56,588
DA:61,557
DA:63,6
DA:65,6
DA:66,1
DA:67,5
DA:68,1
DA:69,4
DA:70,4
DA:72,0
DA:76,8
DA:77,559
DA:79,559
DA:81,559
DA:82,557
DA:83,556
DA:84,1
DA:85,1
DA:86,2
DA:87,2
DA:93,557
DA:94,557
DA:98,559
DA:100,559
LF:32
LH:31
BRDA:15,0,0,555
BRDA:16,1,0,1
BRDA:16,1,1,588
BRDA:44,2,0,588
BRDA:44,2,1,0
BRDA:53,3,0,588
BRDA:53,3,1,585
BRDA:61,4,0,551
BRDA:61,4,1,6
BRDA:65,5,0,1
BRDA:65,5,1,5
BRDA:67,6,0,1
BRDA:67,6,1,4
BRDA:69,7,0,4
BRDA:69,7,1,0
BRDA:77,8,0,0
BRDA:77,8,1,559
BRDA:77,9,0,559
BRDA:77,9,1,559
BRDA:82,10,0,556
BRDA:82,10,1,1
BRDA:84,11,0,1
BRDA:84,11,1,0
BRDA:86,12,0,2
BRDA:86,12,1,0
BRDA:86,13,0,2
BRDA:86,13,1,2
BRF:27
BRH:22
end_of_record
TN:
SF:src\utils\alert.ts
FN:16,formatAlert
FN:52,(anonymous_2)
FNF:2
FNH:2
FNDA:354,formatAlert
FNDA:1062,(anonymous_2)
DA:1,7
DA:16,7
DA:17,354
DA:19,354
DA:22,354
DA:23,0
DA:24,354
DA:25,3
DA:26,351
DA:27,0
DA:28,351
DA:29,351
DA:31,0
DA:35,354
DA:45,354
DA:46,354
DA:47,354
DA:50,354
DA:51,354
DA:52,354
DA:53,1062
DA:57,354
DA:58,354
LF:23
LH:20
BRDA:22,0,0,0
BRDA:22,0,1,354
BRDA:24,1,0,3
BRDA:24,1,1,351
BRDA:26,2,0,0
BRDA:26,2,1,351
BRDA:28,3,0,351
BRDA:28,3,1,0
BRDA:45,4,0,354
BRDA:45,4,1,0
BRDA:50,5,0,354
BRDA:50,5,1,0
BRF:12
BRH:7
end_of_record
TN:
SF:src\utils\index.ts
FNF:0
FNH:0
DA:1,0
LF:1
LH:0
BRF:0
BRH:0
end_of_record
TN:
SF:src\wrapper\aiFirewall.ts
FN:28,(anonymous_9)
FN:29,(anonymous_10)
FN:30,(anonymous_11)
FN:38,(anonymous_12)
FN:39,(anonymous_13)
FN:45,(anonymous_14)
FN:48,(anonymous_15)
FN:49,(anonymous_16)
FN:51,(anonymous_17)
FN:51,(anonymous_18)
FN:51,(anonymous_19)
FN:54,(anonymous_20)
FN:54,(anonymous_21)
FN:54,(anonymous_22)
FN:54,(anonymous_23)
FN:60,checkRequest
FN:74,(anonymous_25)
FN:75,(anonymous_26)
FN:99,recordActualUsage
FN:100,(anonymous_28)
FN:104,explainDecision
FN:105,(anonymous_30)
FN:109,getBudgetStatus
FN:112,(anonymous_32)
FN:119,getFirewallStats
FN:128,(anonymous_34)
FNF:26
FNH:0
FNDA:0,(anonymous_9)
FNDA:0,(anonymous_10)
FNDA:0,(anonymous_11)
FNDA:0,(anonymous_12)
FNDA:0,(anonymous_13)
FNDA:0,(anonymous_14)
FNDA:0,(anonymous_15)
FNDA:0,(anonymous_16)
FNDA:0,(anonymous_17)
FNDA:0,(anonymous_18)
FNDA:0,(anonymous_19)
FNDA:0,(anonymous_20)
FNDA:0,(anonymous_21)
FNDA:0,(anonymous_22)
FNDA:0,(anonymous_23)
FNDA:0,checkRequest
FNDA:0,(anonymous_25)
FNDA:0,(anonymous_26)
FNDA:0,recordActualUsage
FNDA:0,(anonymous_28)
FNDA:0,explainDecision
FNDA:0,(anonymous_30)
FNDA:0,getBudgetStatus
FNDA:0,(anonymous_32)
FNDA:0,getFirewallStats
FNDA:0,(anonymous_34)
DA:27,0
DA:28,0
DA:29,0
DA:30,0
DA:37,0
DA:38,0
DA:39,0
DA:45,0
DA:48,0
DA:49,0
DA:51,0
DA:54,0
DA:60,0
DA:74,0
DA:75,0
DA:77,0
DA:79,0
DA:88,0
DA:99,0
DA:100,0
DA:101,0
DA:104,0
DA:105,0
DA:106,0
DA:109,0
DA:112,0
DA:113,0
DA:119,0
DA:128,0
DA:129,0
LF:30
LH:0
BRDA:82,0,0,0
BRDA:82,0,1,0
BRDA:110,1,0,0
BRDA:119,2,0,0
BRF:4
BRH:0
end_of_record
TN:
SF:src\wrapper\index.ts
FN:2,(anonymous_4)
FNF:1
FNH:0
FNDA:0,(anonymous_4)
DA:1,0
DA:2,0
LF:2
LH:0
BRF:0
BRH:0
end_of_record
TN:
SF:src\wrapper\sdk.ts
FN:48,(anonymous_0)
FN:53,(anonymous_1)
FN:150,(anonymous_2)
FN:159,(anonymous_3)
FN:168,(anonymous_4)
FN:208,(anonymous_5)
FN:212,(anonymous_6)
FNF:7
FNH:3
FNDA:3,(anonymous_0)
FNDA:26,(anonymous_1)
FNDA:0,(anonymous_2)
FNDA:0,(anonymous_3)
FNDA:26,(anonymous_4)
FNDA:0,(anonymous_5)
FNDA:0,(anonymous_6)
DA:11,2
DA:12,2
DA:13,2
DA:14,2
DA:15,2
DA:16,2
DA:17,2
DA:44,2
DA:49,3
DA:50,3
DA:54,26
DA:56,26
DA:58,26
DA:60,26
DA:61,26
DA:62,0
DA:63,0
DA:64,0
DA:67,26
DA:70,26
DA:80,26
DA:81,3
DA:84,3
DA:87,3
DA:94,3
DA:96,3
DA:106,3
DA:118,23
DA:119,23
DA:122,23
DA:123,23
DA:124,23
DA:131,23
DA:141,0
DA:142,0
DA:156,0
DA:165,0
DA:184,26
DA:185,26
DA:187,26
DA:201,26
DA:203,26
DA:204,3
DA:209,0
DA:215,0
LF:45
LH:36
BRDA:56,0,0,26
BRDA:56,0,1,0
BRDA:56,1,0,0
BRDA:56,1,1,0
BRDA:58,2,0,0
BRDA:58,2,1,26
BRDA:58,3,0,26
BRDA:58,3,1,0
BRDA:61,4,0,0
BRDA:61,4,1,26
BRDA:80,5,0,3
BRDA:80,5,1,23
BRDA:80,6,0,26
BRDA:80,6,1,3
BRDA:84,7,0,0
BRDA:84,7,1,3
BRDA:84,8,0,3
BRDA:84,8,1,3
BRDA:88,9,0,3
BRDA:88,9,1,0
BRDA:94,10,0,3
BRDA:94,10,1,0
BRDA:118,11,0,23
BRDA:118,11,1,0
BRDA:145,12,0,0
BRDA:145,12,1,0
BRDA:203,13,0,3
BRDA:203,13,1,23
BRDA:208,14,0,0
BRF:29
BRH:16
end_of_record
